{
  "stats": {
    "suites": 9,
    "tests": 187,
    "passes": 187,
    "pending": 0,
    "failures": 0,
    "start": "2020-10-16T06:34:29.688Z",
    "end": "2020-10-16T07:06:39.952Z",
    "duration": 1333108,
    "testsRegistered": 187,
    "passPercent": 100,
    "pendingPercent": 0,
    "other": 0,
    "hasOther": false,
    "skipped": 0,
    "hasSkipped": false
  },
  "results": [
    {
      "uuid": "b129bd55-725e-4bc8-ba77-c8c8a18b28e7",
      "title": "",
      "fullFile": "cypress\\integration\\feature\\next\\common\\desktop\\cmDesktopContactUs.feature",
      "file": "cypress\\integration\\feature\\next\\common\\desktop\\cmDesktopContactUs.feature",
      "beforeHooks": [],
      "afterHooks": [],
      "tests": [],
      "suites": [
        {
          "uuid": "b21f145e-8e30-44e8-862b-7daa9c8ecfe9",
          "title": "Platform Mod International Contact Us",
          "fullFile": "",
          "file": "",
          "beforeHooks": [],
          "afterHooks": [],
          "tests": [
            {
              "title": "Platform Mod Check Contact Us Page is Displayed (example #1)",
              "fullTitle": "Platform Mod International Contact Us Platform Mod Check Contact Us Page is Displayed (example #1)",
              "timedOut": null,
              "duration": 6270,
              "state": "passed",
              "speed": "slow",
              "pass": true,
              "fail": false,
              "pending": false,
              "context": null,
              "code": "const state = window.testState;\nreturn cy\n  .then(() => state.onStartScenario(scenario, indexedSteps))\n  .then(() =>\n    resolveAndRunBeforeHooks.call(this, scenario.tags, state.feature.name)\n  )\n  .then(() =>\n    indexedSteps.forEach((step) =>\n      stepTest.call(this, state, step, rowData)\n    )\n  )\n  .then(() =>\n    resolveAndRunAfterHooks.call(this, scenario.tags, state.feature.name)\n  )\n  .then(() => state.onFinishScenario(scenario));",
              "err": {},
              "uuid": "44e7c871-b1fb-4f52-b4d6-a6f0e6852a54",
              "parentUUID": "b21f145e-8e30-44e8-862b-7daa9c8ecfe9",
              "isHook": false,
              "skipped": false
            },
            {
              "title": "Platform Mod Check Contact Us Page is Displayed (example #2)",
              "fullTitle": "Platform Mod International Contact Us Platform Mod Check Contact Us Page is Displayed (example #2)",
              "timedOut": null,
              "duration": 5609,
              "state": "passed",
              "speed": "slow",
              "pass": true,
              "fail": false,
              "pending": false,
              "context": null,
              "code": "const state = window.testState;\nreturn cy\n  .then(() => state.onStartScenario(scenario, indexedSteps))\n  .then(() =>\n    resolveAndRunBeforeHooks.call(this, scenario.tags, state.feature.name)\n  )\n  .then(() =>\n    indexedSteps.forEach((step) =>\n      stepTest.call(this, state, step, rowData)\n    )\n  )\n  .then(() =>\n    resolveAndRunAfterHooks.call(this, scenario.tags, state.feature.name)\n  )\n  .then(() => state.onFinishScenario(scenario));",
              "err": {},
              "uuid": "1fcac1a6-8744-4388-aa95-ef4922199ffc",
              "parentUUID": "b21f145e-8e30-44e8-862b-7daa9c8ecfe9",
              "isHook": false,
              "skipped": false
            },
            {
              "title": "Platform Mod Check Contact Us Page is Displayed (example #3)",
              "fullTitle": "Platform Mod International Contact Us Platform Mod Check Contact Us Page is Displayed (example #3)",
              "timedOut": null,
              "duration": 5713,
              "state": "passed",
              "speed": "slow",
              "pass": true,
              "fail": false,
              "pending": false,
              "context": null,
              "code": "const state = window.testState;\nreturn cy\n  .then(() => state.onStartScenario(scenario, indexedSteps))\n  .then(() =>\n    resolveAndRunBeforeHooks.call(this, scenario.tags, state.feature.name)\n  )\n  .then(() =>\n    indexedSteps.forEach((step) =>\n      stepTest.call(this, state, step, rowData)\n    )\n  )\n  .then(() =>\n    resolveAndRunAfterHooks.call(this, scenario.tags, state.feature.name)\n  )\n  .then(() => state.onFinishScenario(scenario));",
              "err": {},
              "uuid": "0a0e1c74-f972-4160-b51f-c4608b2301eb",
              "parentUUID": "b21f145e-8e30-44e8-862b-7daa9c8ecfe9",
              "isHook": false,
              "skipped": false
            },
            {
              "title": "Platform Mod Check Contact Us Page is Displayed (example #4)",
              "fullTitle": "Platform Mod International Contact Us Platform Mod Check Contact Us Page is Displayed (example #4)",
              "timedOut": null,
              "duration": 3319,
              "state": "passed",
              "speed": "slow",
              "pass": true,
              "fail": false,
              "pending": false,
              "context": null,
              "code": "const state = window.testState;\nreturn cy\n  .then(() => state.onStartScenario(scenario, indexedSteps))\n  .then(() =>\n    resolveAndRunBeforeHooks.call(this, scenario.tags, state.feature.name)\n  )\n  .then(() =>\n    indexedSteps.forEach((step) =>\n      stepTest.call(this, state, step, rowData)\n    )\n  )\n  .then(() =>\n    resolveAndRunAfterHooks.call(this, scenario.tags, state.feature.name)\n  )\n  .then(() => state.onFinishScenario(scenario));",
              "err": {},
              "uuid": "0559f710-3de3-4649-bb06-1a7ed167ecf6",
              "parentUUID": "b21f145e-8e30-44e8-862b-7daa9c8ecfe9",
              "isHook": false,
              "skipped": false
            },
            {
              "title": "Platform Mod Check Contact Us Page is Displayed (example #5)",
              "fullTitle": "Platform Mod International Contact Us Platform Mod Check Contact Us Page is Displayed (example #5)",
              "timedOut": null,
              "duration": 5638,
              "state": "passed",
              "speed": "slow",
              "pass": true,
              "fail": false,
              "pending": false,
              "context": null,
              "code": "const state = window.testState;\nreturn cy\n  .then(() => state.onStartScenario(scenario, indexedSteps))\n  .then(() =>\n    resolveAndRunBeforeHooks.call(this, scenario.tags, state.feature.name)\n  )\n  .then(() =>\n    indexedSteps.forEach((step) =>\n      stepTest.call(this, state, step, rowData)\n    )\n  )\n  .then(() =>\n    resolveAndRunAfterHooks.call(this, scenario.tags, state.feature.name)\n  )\n  .then(() => state.onFinishScenario(scenario));",
              "err": {},
              "uuid": "d0941cd8-8e83-483d-915e-155c87ee27c4",
              "parentUUID": "b21f145e-8e30-44e8-862b-7daa9c8ecfe9",
              "isHook": false,
              "skipped": false
            },
            {
              "title": "Platform Mod Check Contact Us Page is Displayed (example #6)",
              "fullTitle": "Platform Mod International Contact Us Platform Mod Check Contact Us Page is Displayed (example #6)",
              "timedOut": null,
              "duration": 6479,
              "state": "passed",
              "speed": "slow",
              "pass": true,
              "fail": false,
              "pending": false,
              "context": null,
              "code": "const state = window.testState;\nreturn cy\n  .then(() => state.onStartScenario(scenario, indexedSteps))\n  .then(() =>\n    resolveAndRunBeforeHooks.call(this, scenario.tags, state.feature.name)\n  )\n  .then(() =>\n    indexedSteps.forEach((step) =>\n      stepTest.call(this, state, step, rowData)\n    )\n  )\n  .then(() =>\n    resolveAndRunAfterHooks.call(this, scenario.tags, state.feature.name)\n  )\n  .then(() => state.onFinishScenario(scenario));",
              "err": {},
              "uuid": "755c0516-dfcd-4f2a-9ba0-604ed1b8bdd0",
              "parentUUID": "b21f145e-8e30-44e8-862b-7daa9c8ecfe9",
              "isHook": false,
              "skipped": false
            },
            {
              "title": "Platform Mod Check Contact Us Page is Displayed (example #7)",
              "fullTitle": "Platform Mod International Contact Us Platform Mod Check Contact Us Page is Displayed (example #7)",
              "timedOut": null,
              "duration": 3777,
              "state": "passed",
              "speed": "slow",
              "pass": true,
              "fail": false,
              "pending": false,
              "context": null,
              "code": "const state = window.testState;\nreturn cy\n  .then(() => state.onStartScenario(scenario, indexedSteps))\n  .then(() =>\n    resolveAndRunBeforeHooks.call(this, scenario.tags, state.feature.name)\n  )\n  .then(() =>\n    indexedSteps.forEach((step) =>\n      stepTest.call(this, state, step, rowData)\n    )\n  )\n  .then(() =>\n    resolveAndRunAfterHooks.call(this, scenario.tags, state.feature.name)\n  )\n  .then(() => state.onFinishScenario(scenario));",
              "err": {},
              "uuid": "e9e05a24-b6ee-490a-852c-6279932158d3",
              "parentUUID": "b21f145e-8e30-44e8-862b-7daa9c8ecfe9",
              "isHook": false,
              "skipped": false
            },
            {
              "title": "Platform Mod Check Contact Us Page is Displayed (example #8)",
              "fullTitle": "Platform Mod International Contact Us Platform Mod Check Contact Us Page is Displayed (example #8)",
              "timedOut": null,
              "duration": 3836,
              "state": "passed",
              "speed": "slow",
              "pass": true,
              "fail": false,
              "pending": false,
              "context": null,
              "code": "const state = window.testState;\nreturn cy\n  .then(() => state.onStartScenario(scenario, indexedSteps))\n  .then(() =>\n    resolveAndRunBeforeHooks.call(this, scenario.tags, state.feature.name)\n  )\n  .then(() =>\n    indexedSteps.forEach((step) =>\n      stepTest.call(this, state, step, rowData)\n    )\n  )\n  .then(() =>\n    resolveAndRunAfterHooks.call(this, scenario.tags, state.feature.name)\n  )\n  .then(() => state.onFinishScenario(scenario));",
              "err": {},
              "uuid": "67fa1136-5509-440e-ba3d-b70409c37f56",
              "parentUUID": "b21f145e-8e30-44e8-862b-7daa9c8ecfe9",
              "isHook": false,
              "skipped": false
            },
            {
              "title": "Platform Mod Check Contact Us Page is Displayed (example #9)",
              "fullTitle": "Platform Mod International Contact Us Platform Mod Check Contact Us Page is Displayed (example #9)",
              "timedOut": null,
              "duration": 3469,
              "state": "passed",
              "speed": "slow",
              "pass": true,
              "fail": false,
              "pending": false,
              "context": null,
              "code": "const state = window.testState;\nreturn cy\n  .then(() => state.onStartScenario(scenario, indexedSteps))\n  .then(() =>\n    resolveAndRunBeforeHooks.call(this, scenario.tags, state.feature.name)\n  )\n  .then(() =>\n    indexedSteps.forEach((step) =>\n      stepTest.call(this, state, step, rowData)\n    )\n  )\n  .then(() =>\n    resolveAndRunAfterHooks.call(this, scenario.tags, state.feature.name)\n  )\n  .then(() => state.onFinishScenario(scenario));",
              "err": {},
              "uuid": "e638a501-44fe-40fc-a5df-54dbe1a4f47b",
              "parentUUID": "b21f145e-8e30-44e8-862b-7daa9c8ecfe9",
              "isHook": false,
              "skipped": false
            },
            {
              "title": "Platform Mod Check Contact Us Page is Displayed (example #10)",
              "fullTitle": "Platform Mod International Contact Us Platform Mod Check Contact Us Page is Displayed (example #10)",
              "timedOut": null,
              "duration": 2950,
              "state": "passed",
              "speed": "slow",
              "pass": true,
              "fail": false,
              "pending": false,
              "context": null,
              "code": "const state = window.testState;\nreturn cy\n  .then(() => state.onStartScenario(scenario, indexedSteps))\n  .then(() =>\n    resolveAndRunBeforeHooks.call(this, scenario.tags, state.feature.name)\n  )\n  .then(() =>\n    indexedSteps.forEach((step) =>\n      stepTest.call(this, state, step, rowData)\n    )\n  )\n  .then(() =>\n    resolveAndRunAfterHooks.call(this, scenario.tags, state.feature.name)\n  )\n  .then(() => state.onFinishScenario(scenario));",
              "err": {},
              "uuid": "a4c8373d-02db-4a1a-9470-30387247310b",
              "parentUUID": "b21f145e-8e30-44e8-862b-7daa9c8ecfe9",
              "isHook": false,
              "skipped": false
            },
            {
              "title": "Platform Mod Check Contact Us Page is Displayed (example #11)",
              "fullTitle": "Platform Mod International Contact Us Platform Mod Check Contact Us Page is Displayed (example #11)",
              "timedOut": null,
              "duration": 4960,
              "state": "passed",
              "speed": "slow",
              "pass": true,
              "fail": false,
              "pending": false,
              "context": null,
              "code": "const state = window.testState;\nreturn cy\n  .then(() => state.onStartScenario(scenario, indexedSteps))\n  .then(() =>\n    resolveAndRunBeforeHooks.call(this, scenario.tags, state.feature.name)\n  )\n  .then(() =>\n    indexedSteps.forEach((step) =>\n      stepTest.call(this, state, step, rowData)\n    )\n  )\n  .then(() =>\n    resolveAndRunAfterHooks.call(this, scenario.tags, state.feature.name)\n  )\n  .then(() => state.onFinishScenario(scenario));",
              "err": {},
              "uuid": "3e76e2bd-d673-46c3-ae81-1955c53e77eb",
              "parentUUID": "b21f145e-8e30-44e8-862b-7daa9c8ecfe9",
              "isHook": false,
              "skipped": false
            },
            {
              "title": "Platform Mod Check Contact Us Page is Displayed (example #12)",
              "fullTitle": "Platform Mod International Contact Us Platform Mod Check Contact Us Page is Displayed (example #12)",
              "timedOut": null,
              "duration": 5669,
              "state": "passed",
              "speed": "slow",
              "pass": true,
              "fail": false,
              "pending": false,
              "context": null,
              "code": "const state = window.testState;\nreturn cy\n  .then(() => state.onStartScenario(scenario, indexedSteps))\n  .then(() =>\n    resolveAndRunBeforeHooks.call(this, scenario.tags, state.feature.name)\n  )\n  .then(() =>\n    indexedSteps.forEach((step) =>\n      stepTest.call(this, state, step, rowData)\n    )\n  )\n  .then(() =>\n    resolveAndRunAfterHooks.call(this, scenario.tags, state.feature.name)\n  )\n  .then(() => state.onFinishScenario(scenario));",
              "err": {},
              "uuid": "19fcb66a-f27e-4631-a781-c9c450e7c600",
              "parentUUID": "b21f145e-8e30-44e8-862b-7daa9c8ecfe9",
              "isHook": false,
              "skipped": false
            },
            {
              "title": "Platform Mod Check Contact Us Page is Displayed (example #13)",
              "fullTitle": "Platform Mod International Contact Us Platform Mod Check Contact Us Page is Displayed (example #13)",
              "timedOut": null,
              "duration": 5555,
              "state": "passed",
              "speed": "slow",
              "pass": true,
              "fail": false,
              "pending": false,
              "context": null,
              "code": "const state = window.testState;\nreturn cy\n  .then(() => state.onStartScenario(scenario, indexedSteps))\n  .then(() =>\n    resolveAndRunBeforeHooks.call(this, scenario.tags, state.feature.name)\n  )\n  .then(() =>\n    indexedSteps.forEach((step) =>\n      stepTest.call(this, state, step, rowData)\n    )\n  )\n  .then(() =>\n    resolveAndRunAfterHooks.call(this, scenario.tags, state.feature.name)\n  )\n  .then(() => state.onFinishScenario(scenario));",
              "err": {},
              "uuid": "c5c8602b-aea7-4dc9-9251-43017fa6b464",
              "parentUUID": "b21f145e-8e30-44e8-862b-7daa9c8ecfe9",
              "isHook": false,
              "skipped": false
            },
            {
              "title": "Platform Mod Check Contact Us Page is Displayed (example #14)",
              "fullTitle": "Platform Mod International Contact Us Platform Mod Check Contact Us Page is Displayed (example #14)",
              "timedOut": null,
              "duration": 3858,
              "state": "passed",
              "speed": "slow",
              "pass": true,
              "fail": false,
              "pending": false,
              "context": null,
              "code": "const state = window.testState;\nreturn cy\n  .then(() => state.onStartScenario(scenario, indexedSteps))\n  .then(() =>\n    resolveAndRunBeforeHooks.call(this, scenario.tags, state.feature.name)\n  )\n  .then(() =>\n    indexedSteps.forEach((step) =>\n      stepTest.call(this, state, step, rowData)\n    )\n  )\n  .then(() =>\n    resolveAndRunAfterHooks.call(this, scenario.tags, state.feature.name)\n  )\n  .then(() => state.onFinishScenario(scenario));",
              "err": {},
              "uuid": "4b258692-54cc-4c1a-beee-88cb4c2597b5",
              "parentUUID": "b21f145e-8e30-44e8-862b-7daa9c8ecfe9",
              "isHook": false,
              "skipped": false
            },
            {
              "title": "Platform Mod Check Contact Us Page is Displayed (example #15)",
              "fullTitle": "Platform Mod International Contact Us Platform Mod Check Contact Us Page is Displayed (example #15)",
              "timedOut": null,
              "duration": 3197,
              "state": "passed",
              "speed": "slow",
              "pass": true,
              "fail": false,
              "pending": false,
              "context": null,
              "code": "const state = window.testState;\nreturn cy\n  .then(() => state.onStartScenario(scenario, indexedSteps))\n  .then(() =>\n    resolveAndRunBeforeHooks.call(this, scenario.tags, state.feature.name)\n  )\n  .then(() =>\n    indexedSteps.forEach((step) =>\n      stepTest.call(this, state, step, rowData)\n    )\n  )\n  .then(() =>\n    resolveAndRunAfterHooks.call(this, scenario.tags, state.feature.name)\n  )\n  .then(() => state.onFinishScenario(scenario));",
              "err": {},
              "uuid": "f5a22bba-c87b-46d3-81ff-ca33f41e023f",
              "parentUUID": "b21f145e-8e30-44e8-862b-7daa9c8ecfe9",
              "isHook": false,
              "skipped": false
            },
            {
              "title": "Platform Mod Check Contact Us Page is Displayed (example #16)",
              "fullTitle": "Platform Mod International Contact Us Platform Mod Check Contact Us Page is Displayed (example #16)",
              "timedOut": null,
              "duration": 3925,
              "state": "passed",
              "speed": "slow",
              "pass": true,
              "fail": false,
              "pending": false,
              "context": null,
              "code": "const state = window.testState;\nreturn cy\n  .then(() => state.onStartScenario(scenario, indexedSteps))\n  .then(() =>\n    resolveAndRunBeforeHooks.call(this, scenario.tags, state.feature.name)\n  )\n  .then(() =>\n    indexedSteps.forEach((step) =>\n      stepTest.call(this, state, step, rowData)\n    )\n  )\n  .then(() =>\n    resolveAndRunAfterHooks.call(this, scenario.tags, state.feature.name)\n  )\n  .then(() => state.onFinishScenario(scenario));",
              "err": {},
              "uuid": "24acee52-c46b-4577-a660-4884bcb58035",
              "parentUUID": "b21f145e-8e30-44e8-862b-7daa9c8ecfe9",
              "isHook": false,
              "skipped": false
            },
            {
              "title": "Platform Mod Check Contact Us Page is Displayed (example #17)",
              "fullTitle": "Platform Mod International Contact Us Platform Mod Check Contact Us Page is Displayed (example #17)",
              "timedOut": null,
              "duration": 5381,
              "state": "passed",
              "speed": "slow",
              "pass": true,
              "fail": false,
              "pending": false,
              "context": null,
              "code": "const state = window.testState;\nreturn cy\n  .then(() => state.onStartScenario(scenario, indexedSteps))\n  .then(() =>\n    resolveAndRunBeforeHooks.call(this, scenario.tags, state.feature.name)\n  )\n  .then(() =>\n    indexedSteps.forEach((step) =>\n      stepTest.call(this, state, step, rowData)\n    )\n  )\n  .then(() =>\n    resolveAndRunAfterHooks.call(this, scenario.tags, state.feature.name)\n  )\n  .then(() => state.onFinishScenario(scenario));",
              "err": {},
              "uuid": "9eff8b9b-b4aa-4a12-a4e3-324ace242657",
              "parentUUID": "b21f145e-8e30-44e8-862b-7daa9c8ecfe9",
              "isHook": false,
              "skipped": false
            },
            {
              "title": "Platform Mod Check Contact Us Page is Displayed (example #18)",
              "fullTitle": "Platform Mod International Contact Us Platform Mod Check Contact Us Page is Displayed (example #18)",
              "timedOut": null,
              "duration": 6103,
              "state": "passed",
              "speed": "slow",
              "pass": true,
              "fail": false,
              "pending": false,
              "context": null,
              "code": "const state = window.testState;\nreturn cy\n  .then(() => state.onStartScenario(scenario, indexedSteps))\n  .then(() =>\n    resolveAndRunBeforeHooks.call(this, scenario.tags, state.feature.name)\n  )\n  .then(() =>\n    indexedSteps.forEach((step) =>\n      stepTest.call(this, state, step, rowData)\n    )\n  )\n  .then(() =>\n    resolveAndRunAfterHooks.call(this, scenario.tags, state.feature.name)\n  )\n  .then(() => state.onFinishScenario(scenario));",
              "err": {},
              "uuid": "5cb480fc-4c2c-4da5-bd5d-ccf30f5b8b33",
              "parentUUID": "b21f145e-8e30-44e8-862b-7daa9c8ecfe9",
              "isHook": false,
              "skipped": false
            },
            {
              "title": "Platform Mod Check Contact Us Page is Displayed (example #19)",
              "fullTitle": "Platform Mod International Contact Us Platform Mod Check Contact Us Page is Displayed (example #19)",
              "timedOut": null,
              "duration": 3507,
              "state": "passed",
              "speed": "slow",
              "pass": true,
              "fail": false,
              "pending": false,
              "context": null,
              "code": "const state = window.testState;\nreturn cy\n  .then(() => state.onStartScenario(scenario, indexedSteps))\n  .then(() =>\n    resolveAndRunBeforeHooks.call(this, scenario.tags, state.feature.name)\n  )\n  .then(() =>\n    indexedSteps.forEach((step) =>\n      stepTest.call(this, state, step, rowData)\n    )\n  )\n  .then(() =>\n    resolveAndRunAfterHooks.call(this, scenario.tags, state.feature.name)\n  )\n  .then(() => state.onFinishScenario(scenario));",
              "err": {},
              "uuid": "0ecd8c14-4fba-4ca8-93b5-acd220126924",
              "parentUUID": "b21f145e-8e30-44e8-862b-7daa9c8ecfe9",
              "isHook": false,
              "skipped": false
            },
            {
              "title": "Platform Mod Check Contact Us Page is Displayed (example #20)",
              "fullTitle": "Platform Mod International Contact Us Platform Mod Check Contact Us Page is Displayed (example #20)",
              "timedOut": null,
              "duration": 2846,
              "state": "passed",
              "speed": "slow",
              "pass": true,
              "fail": false,
              "pending": false,
              "context": null,
              "code": "const state = window.testState;\nreturn cy\n  .then(() => state.onStartScenario(scenario, indexedSteps))\n  .then(() =>\n    resolveAndRunBeforeHooks.call(this, scenario.tags, state.feature.name)\n  )\n  .then(() =>\n    indexedSteps.forEach((step) =>\n      stepTest.call(this, state, step, rowData)\n    )\n  )\n  .then(() =>\n    resolveAndRunAfterHooks.call(this, scenario.tags, state.feature.name)\n  )\n  .then(() => state.onFinishScenario(scenario));",
              "err": {},
              "uuid": "6946156a-0fe3-4cbb-b476-b2db70beb6df",
              "parentUUID": "b21f145e-8e30-44e8-862b-7daa9c8ecfe9",
              "isHook": false,
              "skipped": false
            },
            {
              "title": "Platform Mod Check Contact Us Page is Displayed (example #21)",
              "fullTitle": "Platform Mod International Contact Us Platform Mod Check Contact Us Page is Displayed (example #21)",
              "timedOut": null,
              "duration": 3655,
              "state": "passed",
              "speed": "slow",
              "pass": true,
              "fail": false,
              "pending": false,
              "context": null,
              "code": "const state = window.testState;\nreturn cy\n  .then(() => state.onStartScenario(scenario, indexedSteps))\n  .then(() =>\n    resolveAndRunBeforeHooks.call(this, scenario.tags, state.feature.name)\n  )\n  .then(() =>\n    indexedSteps.forEach((step) =>\n      stepTest.call(this, state, step, rowData)\n    )\n  )\n  .then(() =>\n    resolveAndRunAfterHooks.call(this, scenario.tags, state.feature.name)\n  )\n  .then(() => state.onFinishScenario(scenario));",
              "err": {},
              "uuid": "c3c35b36-5f8a-4bed-93ce-00d491bcbaf5",
              "parentUUID": "b21f145e-8e30-44e8-862b-7daa9c8ecfe9",
              "isHook": false,
              "skipped": false
            },
            {
              "title": "Platform Mod Check Contact Us Page is Displayed (example #22)",
              "fullTitle": "Platform Mod International Contact Us Platform Mod Check Contact Us Page is Displayed (example #22)",
              "timedOut": null,
              "duration": 3751,
              "state": "passed",
              "speed": "slow",
              "pass": true,
              "fail": false,
              "pending": false,
              "context": null,
              "code": "const state = window.testState;\nreturn cy\n  .then(() => state.onStartScenario(scenario, indexedSteps))\n  .then(() =>\n    resolveAndRunBeforeHooks.call(this, scenario.tags, state.feature.name)\n  )\n  .then(() =>\n    indexedSteps.forEach((step) =>\n      stepTest.call(this, state, step, rowData)\n    )\n  )\n  .then(() =>\n    resolveAndRunAfterHooks.call(this, scenario.tags, state.feature.name)\n  )\n  .then(() => state.onFinishScenario(scenario));",
              "err": {},
              "uuid": "e51d58eb-fc7d-40d3-a2d9-cb24707b5bff",
              "parentUUID": "b21f145e-8e30-44e8-862b-7daa9c8ecfe9",
              "isHook": false,
              "skipped": false
            }
          ],
          "suites": [],
          "passes": [
            "44e7c871-b1fb-4f52-b4d6-a6f0e6852a54",
            "1fcac1a6-8744-4388-aa95-ef4922199ffc",
            "0a0e1c74-f972-4160-b51f-c4608b2301eb",
            "0559f710-3de3-4649-bb06-1a7ed167ecf6",
            "d0941cd8-8e83-483d-915e-155c87ee27c4",
            "755c0516-dfcd-4f2a-9ba0-604ed1b8bdd0",
            "e9e05a24-b6ee-490a-852c-6279932158d3",
            "67fa1136-5509-440e-ba3d-b70409c37f56",
            "e638a501-44fe-40fc-a5df-54dbe1a4f47b",
            "a4c8373d-02db-4a1a-9470-30387247310b",
            "3e76e2bd-d673-46c3-ae81-1955c53e77eb",
            "19fcb66a-f27e-4631-a781-c9c450e7c600",
            "c5c8602b-aea7-4dc9-9251-43017fa6b464",
            "4b258692-54cc-4c1a-beee-88cb4c2597b5",
            "f5a22bba-c87b-46d3-81ff-ca33f41e023f",
            "24acee52-c46b-4577-a660-4884bcb58035",
            "9eff8b9b-b4aa-4a12-a4e3-324ace242657",
            "5cb480fc-4c2c-4da5-bd5d-ccf30f5b8b33",
            "0ecd8c14-4fba-4ca8-93b5-acd220126924",
            "6946156a-0fe3-4cbb-b476-b2db70beb6df",
            "c3c35b36-5f8a-4bed-93ce-00d491bcbaf5",
            "e51d58eb-fc7d-40d3-a2d9-cb24707b5bff"
          ],
          "failures": [],
          "pending": [],
          "skipped": [],
          "duration": 99467,
          "root": false,
          "rootEmpty": false,
          "_timeout": 2000
        }
      ],
      "passes": [],
      "failures": [],
      "pending": [],
      "skipped": [],
      "duration": 0,
      "root": true,
      "rootEmpty": true,
      "_timeout": 2000
    },
    {
      "uuid": "926f8cf3-0175-439d-8260-4554f7d1347e",
      "title": "",
      "fullFile": "cypress\\integration\\feature\\next\\common\\desktop\\cmDesktopFooter.feature",
      "file": "cypress\\integration\\feature\\next\\common\\desktop\\cmDesktopFooter.feature",
      "beforeHooks": [],
      "afterHooks": [],
      "tests": [],
      "suites": [
        {
          "uuid": "e2f8afac-63f2-4ba8-95ca-5a0fdf816d1c",
          "title": "International Footer Links",
          "fullFile": "",
          "file": "",
          "beforeHooks": [],
          "afterHooks": [],
          "tests": [
            {
              "title": "Platform Mod enabled footer content are displayed correctly (example #1)",
              "fullTitle": "International Footer Links Platform Mod enabled footer content are displayed correctly (example #1)",
              "timedOut": null,
              "duration": 6228,
              "state": "passed",
              "speed": "slow",
              "pass": true,
              "fail": false,
              "pending": false,
              "context": null,
              "code": "const state = window.testState;\nreturn cy\n  .then(() => state.onStartScenario(scenario, indexedSteps))\n  .then(() =>\n    resolveAndRunBeforeHooks.call(this, scenario.tags, state.feature.name)\n  )\n  .then(() =>\n    indexedSteps.forEach((step) =>\n      stepTest.call(this, state, step, rowData)\n    )\n  )\n  .then(() =>\n    resolveAndRunAfterHooks.call(this, scenario.tags, state.feature.name)\n  )\n  .then(() => state.onFinishScenario(scenario));",
              "err": {},
              "uuid": "f42ff4de-e75f-425c-a8ba-114a1f3d112d",
              "parentUUID": "e2f8afac-63f2-4ba8-95ca-5a0fdf816d1c",
              "isHook": false,
              "skipped": false
            },
            {
              "title": "Platform Mod enabled footer content are displayed correctly (example #2)",
              "fullTitle": "International Footer Links Platform Mod enabled footer content are displayed correctly (example #2)",
              "timedOut": null,
              "duration": 5271,
              "state": "passed",
              "speed": "slow",
              "pass": true,
              "fail": false,
              "pending": false,
              "context": null,
              "code": "const state = window.testState;\nreturn cy\n  .then(() => state.onStartScenario(scenario, indexedSteps))\n  .then(() =>\n    resolveAndRunBeforeHooks.call(this, scenario.tags, state.feature.name)\n  )\n  .then(() =>\n    indexedSteps.forEach((step) =>\n      stepTest.call(this, state, step, rowData)\n    )\n  )\n  .then(() =>\n    resolveAndRunAfterHooks.call(this, scenario.tags, state.feature.name)\n  )\n  .then(() => state.onFinishScenario(scenario));",
              "err": {},
              "uuid": "e396437f-9489-40a2-a288-bf80bd5f6a1c",
              "parentUUID": "e2f8afac-63f2-4ba8-95ca-5a0fdf816d1c",
              "isHook": false,
              "skipped": false
            },
            {
              "title": "Platform Mod enabled footer content are displayed correctly (example #3)",
              "fullTitle": "International Footer Links Platform Mod enabled footer content are displayed correctly (example #3)",
              "timedOut": null,
              "duration": 6319,
              "state": "passed",
              "speed": "slow",
              "pass": true,
              "fail": false,
              "pending": false,
              "context": null,
              "code": "const state = window.testState;\nreturn cy\n  .then(() => state.onStartScenario(scenario, indexedSteps))\n  .then(() =>\n    resolveAndRunBeforeHooks.call(this, scenario.tags, state.feature.name)\n  )\n  .then(() =>\n    indexedSteps.forEach((step) =>\n      stepTest.call(this, state, step, rowData)\n    )\n  )\n  .then(() =>\n    resolveAndRunAfterHooks.call(this, scenario.tags, state.feature.name)\n  )\n  .then(() => state.onFinishScenario(scenario));",
              "err": {},
              "uuid": "4dd9efc5-9c05-4faf-a650-014747b6506c",
              "parentUUID": "e2f8afac-63f2-4ba8-95ca-5a0fdf816d1c",
              "isHook": false,
              "skipped": false
            },
            {
              "title": "Platform Mod enabled footer content are displayed correctly (example #4)",
              "fullTitle": "International Footer Links Platform Mod enabled footer content are displayed correctly (example #4)",
              "timedOut": null,
              "duration": 4104,
              "state": "passed",
              "speed": "slow",
              "pass": true,
              "fail": false,
              "pending": false,
              "context": null,
              "code": "const state = window.testState;\nreturn cy\n  .then(() => state.onStartScenario(scenario, indexedSteps))\n  .then(() =>\n    resolveAndRunBeforeHooks.call(this, scenario.tags, state.feature.name)\n  )\n  .then(() =>\n    indexedSteps.forEach((step) =>\n      stepTest.call(this, state, step, rowData)\n    )\n  )\n  .then(() =>\n    resolveAndRunAfterHooks.call(this, scenario.tags, state.feature.name)\n  )\n  .then(() => state.onFinishScenario(scenario));",
              "err": {},
              "uuid": "ceb85043-3170-4fdb-b99c-cb2471c86d52",
              "parentUUID": "e2f8afac-63f2-4ba8-95ca-5a0fdf816d1c",
              "isHook": false,
              "skipped": false
            },
            {
              "title": "Platform Mod enabled footer content are displayed correctly (example #5)",
              "fullTitle": "International Footer Links Platform Mod enabled footer content are displayed correctly (example #5)",
              "timedOut": null,
              "duration": 6278,
              "state": "passed",
              "speed": "slow",
              "pass": true,
              "fail": false,
              "pending": false,
              "context": null,
              "code": "const state = window.testState;\nreturn cy\n  .then(() => state.onStartScenario(scenario, indexedSteps))\n  .then(() =>\n    resolveAndRunBeforeHooks.call(this, scenario.tags, state.feature.name)\n  )\n  .then(() =>\n    indexedSteps.forEach((step) =>\n      stepTest.call(this, state, step, rowData)\n    )\n  )\n  .then(() =>\n    resolveAndRunAfterHooks.call(this, scenario.tags, state.feature.name)\n  )\n  .then(() => state.onFinishScenario(scenario));",
              "err": {},
              "uuid": "0ef9bd9f-5d5d-4dba-bafd-f2453ef3cc57",
              "parentUUID": "e2f8afac-63f2-4ba8-95ca-5a0fdf816d1c",
              "isHook": false,
              "skipped": false
            },
            {
              "title": "Platform Mod enabled footer content are displayed correctly (example #6)",
              "fullTitle": "International Footer Links Platform Mod enabled footer content are displayed correctly (example #6)",
              "timedOut": null,
              "duration": 6047,
              "state": "passed",
              "speed": "slow",
              "pass": true,
              "fail": false,
              "pending": false,
              "context": null,
              "code": "const state = window.testState;\nreturn cy\n  .then(() => state.onStartScenario(scenario, indexedSteps))\n  .then(() =>\n    resolveAndRunBeforeHooks.call(this, scenario.tags, state.feature.name)\n  )\n  .then(() =>\n    indexedSteps.forEach((step) =>\n      stepTest.call(this, state, step, rowData)\n    )\n  )\n  .then(() =>\n    resolveAndRunAfterHooks.call(this, scenario.tags, state.feature.name)\n  )\n  .then(() => state.onFinishScenario(scenario));",
              "err": {},
              "uuid": "61669699-212d-40a0-8a0a-c9ff0ba4a302",
              "parentUUID": "e2f8afac-63f2-4ba8-95ca-5a0fdf816d1c",
              "isHook": false,
              "skipped": false
            },
            {
              "title": "Platform Mod enabled footer content are displayed correctly (example #7)",
              "fullTitle": "International Footer Links Platform Mod enabled footer content are displayed correctly (example #7)",
              "timedOut": null,
              "duration": 4030,
              "state": "passed",
              "speed": "slow",
              "pass": true,
              "fail": false,
              "pending": false,
              "context": null,
              "code": "const state = window.testState;\nreturn cy\n  .then(() => state.onStartScenario(scenario, indexedSteps))\n  .then(() =>\n    resolveAndRunBeforeHooks.call(this, scenario.tags, state.feature.name)\n  )\n  .then(() =>\n    indexedSteps.forEach((step) =>\n      stepTest.call(this, state, step, rowData)\n    )\n  )\n  .then(() =>\n    resolveAndRunAfterHooks.call(this, scenario.tags, state.feature.name)\n  )\n  .then(() => state.onFinishScenario(scenario));",
              "err": {},
              "uuid": "32b2d0dc-7891-4369-aaec-148f55fe597c",
              "parentUUID": "e2f8afac-63f2-4ba8-95ca-5a0fdf816d1c",
              "isHook": false,
              "skipped": false
            },
            {
              "title": "Platform Mod enabled footer content are displayed correctly (example #8)",
              "fullTitle": "International Footer Links Platform Mod enabled footer content are displayed correctly (example #8)",
              "timedOut": null,
              "duration": 3952,
              "state": "passed",
              "speed": "slow",
              "pass": true,
              "fail": false,
              "pending": false,
              "context": null,
              "code": "const state = window.testState;\nreturn cy\n  .then(() => state.onStartScenario(scenario, indexedSteps))\n  .then(() =>\n    resolveAndRunBeforeHooks.call(this, scenario.tags, state.feature.name)\n  )\n  .then(() =>\n    indexedSteps.forEach((step) =>\n      stepTest.call(this, state, step, rowData)\n    )\n  )\n  .then(() =>\n    resolveAndRunAfterHooks.call(this, scenario.tags, state.feature.name)\n  )\n  .then(() => state.onFinishScenario(scenario));",
              "err": {},
              "uuid": "a423838d-f0a6-4f91-b995-6a3278a2aa74",
              "parentUUID": "e2f8afac-63f2-4ba8-95ca-5a0fdf816d1c",
              "isHook": false,
              "skipped": false
            },
            {
              "title": "Platform Mod enabled footer content are displayed correctly (example #9)",
              "fullTitle": "International Footer Links Platform Mod enabled footer content are displayed correctly (example #9)",
              "timedOut": null,
              "duration": 4032,
              "state": "passed",
              "speed": "slow",
              "pass": true,
              "fail": false,
              "pending": false,
              "context": null,
              "code": "const state = window.testState;\nreturn cy\n  .then(() => state.onStartScenario(scenario, indexedSteps))\n  .then(() =>\n    resolveAndRunBeforeHooks.call(this, scenario.tags, state.feature.name)\n  )\n  .then(() =>\n    indexedSteps.forEach((step) =>\n      stepTest.call(this, state, step, rowData)\n    )\n  )\n  .then(() =>\n    resolveAndRunAfterHooks.call(this, scenario.tags, state.feature.name)\n  )\n  .then(() => state.onFinishScenario(scenario));",
              "err": {},
              "uuid": "e905e37c-407d-43cc-a6f7-b33b3a8573c5",
              "parentUUID": "e2f8afac-63f2-4ba8-95ca-5a0fdf816d1c",
              "isHook": false,
              "skipped": false
            },
            {
              "title": "Platform Mod enabled footer content are displayed correctly (example #10)",
              "fullTitle": "International Footer Links Platform Mod enabled footer content are displayed correctly (example #10)",
              "timedOut": null,
              "duration": 5313,
              "state": "passed",
              "speed": "slow",
              "pass": true,
              "fail": false,
              "pending": false,
              "context": null,
              "code": "const state = window.testState;\nreturn cy\n  .then(() => state.onStartScenario(scenario, indexedSteps))\n  .then(() =>\n    resolveAndRunBeforeHooks.call(this, scenario.tags, state.feature.name)\n  )\n  .then(() =>\n    indexedSteps.forEach((step) =>\n      stepTest.call(this, state, step, rowData)\n    )\n  )\n  .then(() =>\n    resolveAndRunAfterHooks.call(this, scenario.tags, state.feature.name)\n  )\n  .then(() => state.onFinishScenario(scenario));",
              "err": {},
              "uuid": "f20cd3e4-499f-4d14-a1ef-81e8f63aa522",
              "parentUUID": "e2f8afac-63f2-4ba8-95ca-5a0fdf816d1c",
              "isHook": false,
              "skipped": false
            },
            {
              "title": "Platform Mod enabled footer content are displayed correctly (example #11)",
              "fullTitle": "International Footer Links Platform Mod enabled footer content are displayed correctly (example #11)",
              "timedOut": null,
              "duration": 4515,
              "state": "passed",
              "speed": "slow",
              "pass": true,
              "fail": false,
              "pending": false,
              "context": null,
              "code": "const state = window.testState;\nreturn cy\n  .then(() => state.onStartScenario(scenario, indexedSteps))\n  .then(() =>\n    resolveAndRunBeforeHooks.call(this, scenario.tags, state.feature.name)\n  )\n  .then(() =>\n    indexedSteps.forEach((step) =>\n      stepTest.call(this, state, step, rowData)\n    )\n  )\n  .then(() =>\n    resolveAndRunAfterHooks.call(this, scenario.tags, state.feature.name)\n  )\n  .then(() => state.onFinishScenario(scenario));",
              "err": {},
              "uuid": "7fcc439d-9e76-48bf-9b91-b8390184bdd2",
              "parentUUID": "e2f8afac-63f2-4ba8-95ca-5a0fdf816d1c",
              "isHook": false,
              "skipped": false
            },
            {
              "title": "Platform Mod enabled footer content are displayed correctly (example #12)",
              "fullTitle": "International Footer Links Platform Mod enabled footer content are displayed correctly (example #12)",
              "timedOut": null,
              "duration": 4957,
              "state": "passed",
              "speed": "slow",
              "pass": true,
              "fail": false,
              "pending": false,
              "context": null,
              "code": "const state = window.testState;\nreturn cy\n  .then(() => state.onStartScenario(scenario, indexedSteps))\n  .then(() =>\n    resolveAndRunBeforeHooks.call(this, scenario.tags, state.feature.name)\n  )\n  .then(() =>\n    indexedSteps.forEach((step) =>\n      stepTest.call(this, state, step, rowData)\n    )\n  )\n  .then(() =>\n    resolveAndRunAfterHooks.call(this, scenario.tags, state.feature.name)\n  )\n  .then(() => state.onFinishScenario(scenario));",
              "err": {},
              "uuid": "6ed17fc0-73ea-4dc7-9ede-a84a31f081c4",
              "parentUUID": "e2f8afac-63f2-4ba8-95ca-5a0fdf816d1c",
              "isHook": false,
              "skipped": false
            },
            {
              "title": "Platform Mod enabled footer content are displayed correctly (example #13)",
              "fullTitle": "International Footer Links Platform Mod enabled footer content are displayed correctly (example #13)",
              "timedOut": null,
              "duration": 5233,
              "state": "passed",
              "speed": "slow",
              "pass": true,
              "fail": false,
              "pending": false,
              "context": null,
              "code": "const state = window.testState;\nreturn cy\n  .then(() => state.onStartScenario(scenario, indexedSteps))\n  .then(() =>\n    resolveAndRunBeforeHooks.call(this, scenario.tags, state.feature.name)\n  )\n  .then(() =>\n    indexedSteps.forEach((step) =>\n      stepTest.call(this, state, step, rowData)\n    )\n  )\n  .then(() =>\n    resolveAndRunAfterHooks.call(this, scenario.tags, state.feature.name)\n  )\n  .then(() => state.onFinishScenario(scenario));",
              "err": {},
              "uuid": "1e33e410-bf99-47b4-8b69-af618495be38",
              "parentUUID": "e2f8afac-63f2-4ba8-95ca-5a0fdf816d1c",
              "isHook": false,
              "skipped": false
            },
            {
              "title": "Platform Mod enabled footer content are displayed correctly (example #14)",
              "fullTitle": "International Footer Links Platform Mod enabled footer content are displayed correctly (example #14)",
              "timedOut": null,
              "duration": 5393,
              "state": "passed",
              "speed": "slow",
              "pass": true,
              "fail": false,
              "pending": false,
              "context": null,
              "code": "const state = window.testState;\nreturn cy\n  .then(() => state.onStartScenario(scenario, indexedSteps))\n  .then(() =>\n    resolveAndRunBeforeHooks.call(this, scenario.tags, state.feature.name)\n  )\n  .then(() =>\n    indexedSteps.forEach((step) =>\n      stepTest.call(this, state, step, rowData)\n    )\n  )\n  .then(() =>\n    resolveAndRunAfterHooks.call(this, scenario.tags, state.feature.name)\n  )\n  .then(() => state.onFinishScenario(scenario));",
              "err": {},
              "uuid": "98339c45-4193-425a-8045-8259db7ee0fc",
              "parentUUID": "e2f8afac-63f2-4ba8-95ca-5a0fdf816d1c",
              "isHook": false,
              "skipped": false
            },
            {
              "title": "Platform Mod enabled footer content are displayed correctly (example #15)",
              "fullTitle": "International Footer Links Platform Mod enabled footer content are displayed correctly (example #15)",
              "timedOut": null,
              "duration": 4089,
              "state": "passed",
              "speed": "slow",
              "pass": true,
              "fail": false,
              "pending": false,
              "context": null,
              "code": "const state = window.testState;\nreturn cy\n  .then(() => state.onStartScenario(scenario, indexedSteps))\n  .then(() =>\n    resolveAndRunBeforeHooks.call(this, scenario.tags, state.feature.name)\n  )\n  .then(() =>\n    indexedSteps.forEach((step) =>\n      stepTest.call(this, state, step, rowData)\n    )\n  )\n  .then(() =>\n    resolveAndRunAfterHooks.call(this, scenario.tags, state.feature.name)\n  )\n  .then(() => state.onFinishScenario(scenario));",
              "err": {},
              "uuid": "b7edd1c0-c7b2-49a6-922e-ef35f45e9dad",
              "parentUUID": "e2f8afac-63f2-4ba8-95ca-5a0fdf816d1c",
              "isHook": false,
              "skipped": false
            },
            {
              "title": "Platform Mod enabled footer content are displayed correctly (example #16)",
              "fullTitle": "International Footer Links Platform Mod enabled footer content are displayed correctly (example #16)",
              "timedOut": null,
              "duration": 2548,
              "state": "passed",
              "speed": "slow",
              "pass": true,
              "fail": false,
              "pending": false,
              "context": null,
              "code": "const state = window.testState;\nreturn cy\n  .then(() => state.onStartScenario(scenario, indexedSteps))\n  .then(() =>\n    resolveAndRunBeforeHooks.call(this, scenario.tags, state.feature.name)\n  )\n  .then(() =>\n    indexedSteps.forEach((step) =>\n      stepTest.call(this, state, step, rowData)\n    )\n  )\n  .then(() =>\n    resolveAndRunAfterHooks.call(this, scenario.tags, state.feature.name)\n  )\n  .then(() => state.onFinishScenario(scenario));",
              "err": {},
              "uuid": "ccb9552d-ad11-40c2-bed4-efae1cab9b12",
              "parentUUID": "e2f8afac-63f2-4ba8-95ca-5a0fdf816d1c",
              "isHook": false,
              "skipped": false
            },
            {
              "title": "Platform Mod enabled footer content are displayed correctly (example #17)",
              "fullTitle": "International Footer Links Platform Mod enabled footer content are displayed correctly (example #17)",
              "timedOut": null,
              "duration": 2732,
              "state": "passed",
              "speed": "slow",
              "pass": true,
              "fail": false,
              "pending": false,
              "context": null,
              "code": "const state = window.testState;\nreturn cy\n  .then(() => state.onStartScenario(scenario, indexedSteps))\n  .then(() =>\n    resolveAndRunBeforeHooks.call(this, scenario.tags, state.feature.name)\n  )\n  .then(() =>\n    indexedSteps.forEach((step) =>\n      stepTest.call(this, state, step, rowData)\n    )\n  )\n  .then(() =>\n    resolveAndRunAfterHooks.call(this, scenario.tags, state.feature.name)\n  )\n  .then(() => state.onFinishScenario(scenario));",
              "err": {},
              "uuid": "9f0ddcf1-a471-454d-8c05-cd192fddf5f9",
              "parentUUID": "e2f8afac-63f2-4ba8-95ca-5a0fdf816d1c",
              "isHook": false,
              "skipped": false
            },
            {
              "title": "Platform Mod enabled footer content are displayed correctly (example #18)",
              "fullTitle": "International Footer Links Platform Mod enabled footer content are displayed correctly (example #18)",
              "timedOut": null,
              "duration": 3740,
              "state": "passed",
              "speed": "slow",
              "pass": true,
              "fail": false,
              "pending": false,
              "context": null,
              "code": "const state = window.testState;\nreturn cy\n  .then(() => state.onStartScenario(scenario, indexedSteps))\n  .then(() =>\n    resolveAndRunBeforeHooks.call(this, scenario.tags, state.feature.name)\n  )\n  .then(() =>\n    indexedSteps.forEach((step) =>\n      stepTest.call(this, state, step, rowData)\n    )\n  )\n  .then(() =>\n    resolveAndRunAfterHooks.call(this, scenario.tags, state.feature.name)\n  )\n  .then(() => state.onFinishScenario(scenario));",
              "err": {},
              "uuid": "5cdc946e-93d9-4dfa-acfa-8ffeb8657447",
              "parentUUID": "e2f8afac-63f2-4ba8-95ca-5a0fdf816d1c",
              "isHook": false,
              "skipped": false
            },
            {
              "title": "PlatMod enabled footer content are displayed correctly for duolingo (example #1)",
              "fullTitle": "International Footer Links PlatMod enabled footer content are displayed correctly for duolingo (example #1)",
              "timedOut": null,
              "duration": 9804,
              "state": "passed",
              "speed": "slow",
              "pass": true,
              "fail": false,
              "pending": false,
              "context": null,
              "code": "const state = window.testState;\nreturn cy\n  .then(() => state.onStartScenario(scenario, indexedSteps))\n  .then(() =>\n    resolveAndRunBeforeHooks.call(this, scenario.tags, state.feature.name)\n  )\n  .then(() =>\n    indexedSteps.forEach((step) =>\n      stepTest.call(this, state, step, rowData)\n    )\n  )\n  .then(() =>\n    resolveAndRunAfterHooks.call(this, scenario.tags, state.feature.name)\n  )\n  .then(() => state.onFinishScenario(scenario));",
              "err": {},
              "uuid": "bb50886c-fe6e-4abf-9958-39da82e6144b",
              "parentUUID": "e2f8afac-63f2-4ba8-95ca-5a0fdf816d1c",
              "isHook": false,
              "skipped": false
            },
            {
              "title": "PlatMod enabled footer content are displayed correctly for duolingo (example #2)",
              "fullTitle": "International Footer Links PlatMod enabled footer content are displayed correctly for duolingo (example #2)",
              "timedOut": null,
              "duration": 8461,
              "state": "passed",
              "speed": "slow",
              "pass": true,
              "fail": false,
              "pending": false,
              "context": null,
              "code": "const state = window.testState;\nreturn cy\n  .then(() => state.onStartScenario(scenario, indexedSteps))\n  .then(() =>\n    resolveAndRunBeforeHooks.call(this, scenario.tags, state.feature.name)\n  )\n  .then(() =>\n    indexedSteps.forEach((step) =>\n      stepTest.call(this, state, step, rowData)\n    )\n  )\n  .then(() =>\n    resolveAndRunAfterHooks.call(this, scenario.tags, state.feature.name)\n  )\n  .then(() => state.onFinishScenario(scenario));",
              "err": {},
              "uuid": "e9a35f14-eba4-40c8-ab00-bafae9de69de",
              "parentUUID": "e2f8afac-63f2-4ba8-95ca-5a0fdf816d1c",
              "isHook": false,
              "skipped": false
            },
            {
              "title": "PlatMod enabled footer content are displayed correctly for duolingo (example #3)",
              "fullTitle": "International Footer Links PlatMod enabled footer content are displayed correctly for duolingo (example #3)",
              "timedOut": null,
              "duration": 7812,
              "state": "passed",
              "speed": "slow",
              "pass": true,
              "fail": false,
              "pending": false,
              "context": null,
              "code": "const state = window.testState;\nreturn cy\n  .then(() => state.onStartScenario(scenario, indexedSteps))\n  .then(() =>\n    resolveAndRunBeforeHooks.call(this, scenario.tags, state.feature.name)\n  )\n  .then(() =>\n    indexedSteps.forEach((step) =>\n      stepTest.call(this, state, step, rowData)\n    )\n  )\n  .then(() =>\n    resolveAndRunAfterHooks.call(this, scenario.tags, state.feature.name)\n  )\n  .then(() => state.onFinishScenario(scenario));",
              "err": {},
              "uuid": "a922c5bc-bec6-4b1d-a4dd-9b76204d7bab",
              "parentUUID": "e2f8afac-63f2-4ba8-95ca-5a0fdf816d1c",
              "isHook": false,
              "skipped": false
            },
            {
              "title": "PlatMod enabled footer content are displayed correctly for duolingo (example #4)",
              "fullTitle": "International Footer Links PlatMod enabled footer content are displayed correctly for duolingo (example #4)",
              "timedOut": null,
              "duration": 7799,
              "state": "passed",
              "speed": "slow",
              "pass": true,
              "fail": false,
              "pending": false,
              "context": null,
              "code": "const state = window.testState;\nreturn cy\n  .then(() => state.onStartScenario(scenario, indexedSteps))\n  .then(() =>\n    resolveAndRunBeforeHooks.call(this, scenario.tags, state.feature.name)\n  )\n  .then(() =>\n    indexedSteps.forEach((step) =>\n      stepTest.call(this, state, step, rowData)\n    )\n  )\n  .then(() =>\n    resolveAndRunAfterHooks.call(this, scenario.tags, state.feature.name)\n  )\n  .then(() => state.onFinishScenario(scenario));",
              "err": {},
              "uuid": "009c9cab-1da9-4c21-a0b9-3869934c7706",
              "parentUUID": "e2f8afac-63f2-4ba8-95ca-5a0fdf816d1c",
              "isHook": false,
              "skipped": false
            },
            {
              "title": "PlatMod enabled footer content are displayed correctly for duolingo (example #5)",
              "fullTitle": "International Footer Links PlatMod enabled footer content are displayed correctly for duolingo (example #5)",
              "timedOut": null,
              "duration": 8766,
              "state": "passed",
              "speed": "slow",
              "pass": true,
              "fail": false,
              "pending": false,
              "context": null,
              "code": "const state = window.testState;\nreturn cy\n  .then(() => state.onStartScenario(scenario, indexedSteps))\n  .then(() =>\n    resolveAndRunBeforeHooks.call(this, scenario.tags, state.feature.name)\n  )\n  .then(() =>\n    indexedSteps.forEach((step) =>\n      stepTest.call(this, state, step, rowData)\n    )\n  )\n  .then(() =>\n    resolveAndRunAfterHooks.call(this, scenario.tags, state.feature.name)\n  )\n  .then(() => state.onFinishScenario(scenario));",
              "err": {},
              "uuid": "b5a21932-37b5-4ac7-839a-2b75d7449fca",
              "parentUUID": "e2f8afac-63f2-4ba8-95ca-5a0fdf816d1c",
              "isHook": false,
              "skipped": false
            },
            {
              "title": "PlatMod enabled footer content are displayed correctly for duolingo (example #6)",
              "fullTitle": "International Footer Links PlatMod enabled footer content are displayed correctly for duolingo (example #6)",
              "timedOut": null,
              "duration": 8264,
              "state": "passed",
              "speed": "slow",
              "pass": true,
              "fail": false,
              "pending": false,
              "context": null,
              "code": "const state = window.testState;\nreturn cy\n  .then(() => state.onStartScenario(scenario, indexedSteps))\n  .then(() =>\n    resolveAndRunBeforeHooks.call(this, scenario.tags, state.feature.name)\n  )\n  .then(() =>\n    indexedSteps.forEach((step) =>\n      stepTest.call(this, state, step, rowData)\n    )\n  )\n  .then(() =>\n    resolveAndRunAfterHooks.call(this, scenario.tags, state.feature.name)\n  )\n  .then(() => state.onFinishScenario(scenario));",
              "err": {},
              "uuid": "8e4816be-3b9e-442b-831f-ad5783e7731b",
              "parentUUID": "e2f8afac-63f2-4ba8-95ca-5a0fdf816d1c",
              "isHook": false,
              "skipped": false
            },
            {
              "title": "PlatMod enabled footer content are displayed correctly for duolingo (example #7)",
              "fullTitle": "International Footer Links PlatMod enabled footer content are displayed correctly for duolingo (example #7)",
              "timedOut": null,
              "duration": 4714,
              "state": "passed",
              "speed": "slow",
              "pass": true,
              "fail": false,
              "pending": false,
              "context": null,
              "code": "const state = window.testState;\nreturn cy\n  .then(() => state.onStartScenario(scenario, indexedSteps))\n  .then(() =>\n    resolveAndRunBeforeHooks.call(this, scenario.tags, state.feature.name)\n  )\n  .then(() =>\n    indexedSteps.forEach((step) =>\n      stepTest.call(this, state, step, rowData)\n    )\n  )\n  .then(() =>\n    resolveAndRunAfterHooks.call(this, scenario.tags, state.feature.name)\n  )\n  .then(() => state.onFinishScenario(scenario));",
              "err": {},
              "uuid": "2bd48963-9f8f-4e82-8cd2-64d10f178c47",
              "parentUUID": "e2f8afac-63f2-4ba8-95ca-5a0fdf816d1c",
              "isHook": false,
              "skipped": false
            },
            {
              "title": "PlatMod enabled footer content are displayed correctly for duolingo (example #8)",
              "fullTitle": "International Footer Links PlatMod enabled footer content are displayed correctly for duolingo (example #8)",
              "timedOut": null,
              "duration": 6698,
              "state": "passed",
              "speed": "slow",
              "pass": true,
              "fail": false,
              "pending": false,
              "context": null,
              "code": "const state = window.testState;\nreturn cy\n  .then(() => state.onStartScenario(scenario, indexedSteps))\n  .then(() =>\n    resolveAndRunBeforeHooks.call(this, scenario.tags, state.feature.name)\n  )\n  .then(() =>\n    indexedSteps.forEach((step) =>\n      stepTest.call(this, state, step, rowData)\n    )\n  )\n  .then(() =>\n    resolveAndRunAfterHooks.call(this, scenario.tags, state.feature.name)\n  )\n  .then(() => state.onFinishScenario(scenario));",
              "err": {},
              "uuid": "b1ac49c0-71ef-4956-8f7f-3529f3293fae",
              "parentUUID": "e2f8afac-63f2-4ba8-95ca-5a0fdf816d1c",
              "isHook": false,
              "skipped": false
            },
            {
              "title": "PlatMod enabled footer content are displayed correctly for duolingo (example #9)",
              "fullTitle": "International Footer Links PlatMod enabled footer content are displayed correctly for duolingo (example #9)",
              "timedOut": null,
              "duration": 7372,
              "state": "passed",
              "speed": "slow",
              "pass": true,
              "fail": false,
              "pending": false,
              "context": null,
              "code": "const state = window.testState;\nreturn cy\n  .then(() => state.onStartScenario(scenario, indexedSteps))\n  .then(() =>\n    resolveAndRunBeforeHooks.call(this, scenario.tags, state.feature.name)\n  )\n  .then(() =>\n    indexedSteps.forEach((step) =>\n      stepTest.call(this, state, step, rowData)\n    )\n  )\n  .then(() =>\n    resolveAndRunAfterHooks.call(this, scenario.tags, state.feature.name)\n  )\n  .then(() => state.onFinishScenario(scenario));",
              "err": {},
              "uuid": "17d9b3ff-dd2a-4a1a-a592-59d94bd9a5be",
              "parentUUID": "e2f8afac-63f2-4ba8-95ca-5a0fdf816d1c",
              "isHook": false,
              "skipped": false
            },
            {
              "title": "PlatMod enabled footer all pages (example #1)",
              "fullTitle": "International Footer Links PlatMod enabled footer all pages (example #1)",
              "timedOut": null,
              "duration": 44946,
              "state": "passed",
              "speed": "slow",
              "pass": true,
              "fail": false,
              "pending": false,
              "context": null,
              "code": "const state = window.testState;\nreturn cy\n  .then(() => state.onStartScenario(scenario, indexedSteps))\n  .then(() =>\n    resolveAndRunBeforeHooks.call(this, scenario.tags, state.feature.name)\n  )\n  .then(() =>\n    indexedSteps.forEach((step) =>\n      stepTest.call(this, state, step, rowData)\n    )\n  )\n  .then(() =>\n    resolveAndRunAfterHooks.call(this, scenario.tags, state.feature.name)\n  )\n  .then(() => state.onFinishScenario(scenario));",
              "err": {},
              "uuid": "c17689f6-996d-495a-8d13-3bc9e8236efb",
              "parentUUID": "e2f8afac-63f2-4ba8-95ca-5a0fdf816d1c",
              "isHook": false,
              "skipped": false
            },
            {
              "title": "PlatMod enabled footer all pages (example #2)",
              "fullTitle": "International Footer Links PlatMod enabled footer all pages (example #2)",
              "timedOut": null,
              "duration": 51060,
              "state": "passed",
              "speed": "slow",
              "pass": true,
              "fail": false,
              "pending": false,
              "context": null,
              "code": "const state = window.testState;\nreturn cy\n  .then(() => state.onStartScenario(scenario, indexedSteps))\n  .then(() =>\n    resolveAndRunBeforeHooks.call(this, scenario.tags, state.feature.name)\n  )\n  .then(() =>\n    indexedSteps.forEach((step) =>\n      stepTest.call(this, state, step, rowData)\n    )\n  )\n  .then(() =>\n    resolveAndRunAfterHooks.call(this, scenario.tags, state.feature.name)\n  )\n  .then(() => state.onFinishScenario(scenario));",
              "err": {},
              "uuid": "7b3205d4-4c38-4626-b822-d13bea7e0931",
              "parentUUID": "e2f8afac-63f2-4ba8-95ca-5a0fdf816d1c",
              "isHook": false,
              "skipped": false
            },
            {
              "title": "PlatMod enabled footer all pages (example #3)",
              "fullTitle": "International Footer Links PlatMod enabled footer all pages (example #3)",
              "timedOut": null,
              "duration": 61099,
              "state": "passed",
              "speed": "slow",
              "pass": true,
              "fail": false,
              "pending": false,
              "context": null,
              "code": "const state = window.testState;\nreturn cy\n  .then(() => state.onStartScenario(scenario, indexedSteps))\n  .then(() =>\n    resolveAndRunBeforeHooks.call(this, scenario.tags, state.feature.name)\n  )\n  .then(() =>\n    indexedSteps.forEach((step) =>\n      stepTest.call(this, state, step, rowData)\n    )\n  )\n  .then(() =>\n    resolveAndRunAfterHooks.call(this, scenario.tags, state.feature.name)\n  )\n  .then(() => state.onFinishScenario(scenario));",
              "err": {},
              "uuid": "7fe9275f-605b-4ec2-8955-c3ed8c7361c3",
              "parentUUID": "e2f8afac-63f2-4ba8-95ca-5a0fdf816d1c",
              "isHook": false,
              "skipped": false
            },
            {
              "title": "PlatMod enabled footer all pages (example #4)",
              "fullTitle": "International Footer Links PlatMod enabled footer all pages (example #4)",
              "timedOut": null,
              "duration": 138281,
              "state": "passed",
              "speed": "slow",
              "pass": true,
              "fail": false,
              "pending": false,
              "context": null,
              "code": "const state = window.testState;\nreturn cy\n  .then(() => state.onStartScenario(scenario, indexedSteps))\n  .then(() =>\n    resolveAndRunBeforeHooks.call(this, scenario.tags, state.feature.name)\n  )\n  .then(() =>\n    indexedSteps.forEach((step) =>\n      stepTest.call(this, state, step, rowData)\n    )\n  )\n  .then(() =>\n    resolveAndRunAfterHooks.call(this, scenario.tags, state.feature.name)\n  )\n  .then(() => state.onFinishScenario(scenario));",
              "err": {},
              "uuid": "15587da8-b7cc-4790-a568-f572da9e7f0b",
              "parentUUID": "e2f8afac-63f2-4ba8-95ca-5a0fdf816d1c",
              "isHook": false,
              "skipped": false
            },
            {
              "title": "PlatMod enabled footer all pages (example #5)",
              "fullTitle": "International Footer Links PlatMod enabled footer all pages (example #5)",
              "timedOut": null,
              "duration": 256435,
              "state": "passed",
              "speed": "slow",
              "pass": true,
              "fail": false,
              "pending": false,
              "context": null,
              "code": "const state = window.testState;\nreturn cy\n  .then(() => state.onStartScenario(scenario, indexedSteps))\n  .then(() =>\n    resolveAndRunBeforeHooks.call(this, scenario.tags, state.feature.name)\n  )\n  .then(() =>\n    indexedSteps.forEach((step) =>\n      stepTest.call(this, state, step, rowData)\n    )\n  )\n  .then(() =>\n    resolveAndRunAfterHooks.call(this, scenario.tags, state.feature.name)\n  )\n  .then(() => state.onFinishScenario(scenario));",
              "err": {},
              "uuid": "4c2afbe5-a407-445e-b59a-4e4eb486e757",
              "parentUUID": "e2f8afac-63f2-4ba8-95ca-5a0fdf816d1c",
              "isHook": false,
              "skipped": false
            }
          ],
          "suites": [],
          "passes": [
            "f42ff4de-e75f-425c-a8ba-114a1f3d112d",
            "e396437f-9489-40a2-a288-bf80bd5f6a1c",
            "4dd9efc5-9c05-4faf-a650-014747b6506c",
            "ceb85043-3170-4fdb-b99c-cb2471c86d52",
            "0ef9bd9f-5d5d-4dba-bafd-f2453ef3cc57",
            "61669699-212d-40a0-8a0a-c9ff0ba4a302",
            "32b2d0dc-7891-4369-aaec-148f55fe597c",
            "a423838d-f0a6-4f91-b995-6a3278a2aa74",
            "e905e37c-407d-43cc-a6f7-b33b3a8573c5",
            "f20cd3e4-499f-4d14-a1ef-81e8f63aa522",
            "7fcc439d-9e76-48bf-9b91-b8390184bdd2",
            "6ed17fc0-73ea-4dc7-9ede-a84a31f081c4",
            "1e33e410-bf99-47b4-8b69-af618495be38",
            "98339c45-4193-425a-8045-8259db7ee0fc",
            "b7edd1c0-c7b2-49a6-922e-ef35f45e9dad",
            "ccb9552d-ad11-40c2-bed4-efae1cab9b12",
            "9f0ddcf1-a471-454d-8c05-cd192fddf5f9",
            "5cdc946e-93d9-4dfa-acfa-8ffeb8657447",
            "bb50886c-fe6e-4abf-9958-39da82e6144b",
            "e9a35f14-eba4-40c8-ab00-bafae9de69de",
            "a922c5bc-bec6-4b1d-a4dd-9b76204d7bab",
            "009c9cab-1da9-4c21-a0b9-3869934c7706",
            "b5a21932-37b5-4ac7-839a-2b75d7449fca",
            "8e4816be-3b9e-442b-831f-ad5783e7731b",
            "2bd48963-9f8f-4e82-8cd2-64d10f178c47",
            "b1ac49c0-71ef-4956-8f7f-3529f3293fae",
            "17d9b3ff-dd2a-4a1a-a592-59d94bd9a5be",
            "c17689f6-996d-495a-8d13-3bc9e8236efb",
            "7b3205d4-4c38-4626-b822-d13bea7e0931",
            "7fe9275f-605b-4ec2-8955-c3ed8c7361c3",
            "15587da8-b7cc-4790-a568-f572da9e7f0b",
            "4c2afbe5-a407-445e-b59a-4e4eb486e757"
          ],
          "failures": [],
          "pending": [],
          "skipped": [],
          "duration": 706292,
          "root": false,
          "rootEmpty": false,
          "_timeout": 2000
        }
      ],
      "passes": [],
      "failures": [],
      "pending": [],
      "skipped": [],
      "duration": 0,
      "root": true,
      "rootEmpty": true,
      "_timeout": 2000
    },
    {
      "uuid": "71c58002-dd1f-4178-a815-d6bb85853e9e",
      "title": "",
      "fullFile": "cypress\\integration\\feature\\next\\common\\desktop\\cmDesktopNextFranchise.feature",
      "file": "cypress\\integration\\feature\\next\\common\\desktop\\cmDesktopNextFranchise.feature",
      "beforeHooks": [],
      "afterHooks": [],
      "tests": [],
      "suites": [
        {
          "uuid": "6c833a94-edec-4020-860a-8e0be68d338c",
          "title": "Platform Mod International Site Guide",
          "fullFile": "",
          "file": "",
          "beforeHooks": [],
          "afterHooks": [],
          "tests": [
            {
              "title": "Platform Mod Check Next Franchise Page is Displayed (example #1)",
              "fullTitle": "Platform Mod International Site Guide Platform Mod Check Next Franchise Page is Displayed (example #1)",
              "timedOut": null,
              "duration": 4160,
              "state": "passed",
              "speed": "slow",
              "pass": true,
              "fail": false,
              "pending": false,
              "context": null,
              "code": "const state = window.testState;\nreturn cy\n  .then(() => state.onStartScenario(scenario, indexedSteps))\n  .then(() =>\n    resolveAndRunBeforeHooks.call(this, scenario.tags, state.feature.name)\n  )\n  .then(() =>\n    indexedSteps.forEach((step) =>\n      stepTest.call(this, state, step, rowData)\n    )\n  )\n  .then(() =>\n    resolveAndRunAfterHooks.call(this, scenario.tags, state.feature.name)\n  )\n  .then(() => state.onFinishScenario(scenario));",
              "err": {},
              "uuid": "0b526f8e-a3c5-4295-97fb-490c9af8e38c",
              "parentUUID": "6c833a94-edec-4020-860a-8e0be68d338c",
              "isHook": false,
              "skipped": false
            },
            {
              "title": "Platform Mod Check Next Franchise Page is Displayed (example #2)",
              "fullTitle": "Platform Mod International Site Guide Platform Mod Check Next Franchise Page is Displayed (example #2)",
              "timedOut": null,
              "duration": 4627,
              "state": "passed",
              "speed": "slow",
              "pass": true,
              "fail": false,
              "pending": false,
              "context": null,
              "code": "const state = window.testState;\nreturn cy\n  .then(() => state.onStartScenario(scenario, indexedSteps))\n  .then(() =>\n    resolveAndRunBeforeHooks.call(this, scenario.tags, state.feature.name)\n  )\n  .then(() =>\n    indexedSteps.forEach((step) =>\n      stepTest.call(this, state, step, rowData)\n    )\n  )\n  .then(() =>\n    resolveAndRunAfterHooks.call(this, scenario.tags, state.feature.name)\n  )\n  .then(() => state.onFinishScenario(scenario));",
              "err": {},
              "uuid": "2aa5a502-72a3-49a0-b425-742f8a818635",
              "parentUUID": "6c833a94-edec-4020-860a-8e0be68d338c",
              "isHook": false,
              "skipped": false
            },
            {
              "title": "Platform Mod Check Next Franchise Page is Displayed (example #3)",
              "fullTitle": "Platform Mod International Site Guide Platform Mod Check Next Franchise Page is Displayed (example #3)",
              "timedOut": null,
              "duration": 3546,
              "state": "passed",
              "speed": "slow",
              "pass": true,
              "fail": false,
              "pending": false,
              "context": null,
              "code": "const state = window.testState;\nreturn cy\n  .then(() => state.onStartScenario(scenario, indexedSteps))\n  .then(() =>\n    resolveAndRunBeforeHooks.call(this, scenario.tags, state.feature.name)\n  )\n  .then(() =>\n    indexedSteps.forEach((step) =>\n      stepTest.call(this, state, step, rowData)\n    )\n  )\n  .then(() =>\n    resolveAndRunAfterHooks.call(this, scenario.tags, state.feature.name)\n  )\n  .then(() => state.onFinishScenario(scenario));",
              "err": {},
              "uuid": "dd40faf3-bb7b-4c8b-b6b4-695dafdbb223",
              "parentUUID": "6c833a94-edec-4020-860a-8e0be68d338c",
              "isHook": false,
              "skipped": false
            },
            {
              "title": "Platform Mod Check Next Franchise Page is Displayed (example #4)",
              "fullTitle": "Platform Mod International Site Guide Platform Mod Check Next Franchise Page is Displayed (example #4)",
              "timedOut": null,
              "duration": 3370,
              "state": "passed",
              "speed": "slow",
              "pass": true,
              "fail": false,
              "pending": false,
              "context": null,
              "code": "const state = window.testState;\nreturn cy\n  .then(() => state.onStartScenario(scenario, indexedSteps))\n  .then(() =>\n    resolveAndRunBeforeHooks.call(this, scenario.tags, state.feature.name)\n  )\n  .then(() =>\n    indexedSteps.forEach((step) =>\n      stepTest.call(this, state, step, rowData)\n    )\n  )\n  .then(() =>\n    resolveAndRunAfterHooks.call(this, scenario.tags, state.feature.name)\n  )\n  .then(() => state.onFinishScenario(scenario));",
              "err": {},
              "uuid": "491c9388-7cc3-499f-89b7-5016abc274e4",
              "parentUUID": "6c833a94-edec-4020-860a-8e0be68d338c",
              "isHook": false,
              "skipped": false
            },
            {
              "title": "Platform Mod Check Next Franchise Page is Displayed (example #5)",
              "fullTitle": "Platform Mod International Site Guide Platform Mod Check Next Franchise Page is Displayed (example #5)",
              "timedOut": null,
              "duration": 3906,
              "state": "passed",
              "speed": "slow",
              "pass": true,
              "fail": false,
              "pending": false,
              "context": null,
              "code": "const state = window.testState;\nreturn cy\n  .then(() => state.onStartScenario(scenario, indexedSteps))\n  .then(() =>\n    resolveAndRunBeforeHooks.call(this, scenario.tags, state.feature.name)\n  )\n  .then(() =>\n    indexedSteps.forEach((step) =>\n      stepTest.call(this, state, step, rowData)\n    )\n  )\n  .then(() =>\n    resolveAndRunAfterHooks.call(this, scenario.tags, state.feature.name)\n  )\n  .then(() => state.onFinishScenario(scenario));",
              "err": {},
              "uuid": "28e0f077-211e-460c-a689-f6a0b893e4cd",
              "parentUUID": "6c833a94-edec-4020-860a-8e0be68d338c",
              "isHook": false,
              "skipped": false
            },
            {
              "title": "Platform Mod Check Next Franchise Page is Displayed (example #6)",
              "fullTitle": "Platform Mod International Site Guide Platform Mod Check Next Franchise Page is Displayed (example #6)",
              "timedOut": null,
              "duration": 3568,
              "state": "passed",
              "speed": "slow",
              "pass": true,
              "fail": false,
              "pending": false,
              "context": null,
              "code": "const state = window.testState;\nreturn cy\n  .then(() => state.onStartScenario(scenario, indexedSteps))\n  .then(() =>\n    resolveAndRunBeforeHooks.call(this, scenario.tags, state.feature.name)\n  )\n  .then(() =>\n    indexedSteps.forEach((step) =>\n      stepTest.call(this, state, step, rowData)\n    )\n  )\n  .then(() =>\n    resolveAndRunAfterHooks.call(this, scenario.tags, state.feature.name)\n  )\n  .then(() => state.onFinishScenario(scenario));",
              "err": {},
              "uuid": "dc5362bb-b443-4366-9b93-d24549327253",
              "parentUUID": "6c833a94-edec-4020-860a-8e0be68d338c",
              "isHook": false,
              "skipped": false
            },
            {
              "title": "Platform Mod Check Next Franchise Page is Displayed (example #7)",
              "fullTitle": "Platform Mod International Site Guide Platform Mod Check Next Franchise Page is Displayed (example #7)",
              "timedOut": null,
              "duration": 2764,
              "state": "passed",
              "speed": "slow",
              "pass": true,
              "fail": false,
              "pending": false,
              "context": null,
              "code": "const state = window.testState;\nreturn cy\n  .then(() => state.onStartScenario(scenario, indexedSteps))\n  .then(() =>\n    resolveAndRunBeforeHooks.call(this, scenario.tags, state.feature.name)\n  )\n  .then(() =>\n    indexedSteps.forEach((step) =>\n      stepTest.call(this, state, step, rowData)\n    )\n  )\n  .then(() =>\n    resolveAndRunAfterHooks.call(this, scenario.tags, state.feature.name)\n  )\n  .then(() => state.onFinishScenario(scenario));",
              "err": {},
              "uuid": "058a83fb-bdc6-48e4-bec7-d2e879ddb3bb",
              "parentUUID": "6c833a94-edec-4020-860a-8e0be68d338c",
              "isHook": false,
              "skipped": false
            },
            {
              "title": "Platform Mod Check Next Franchise Page is Displayed (example #8)",
              "fullTitle": "Platform Mod International Site Guide Platform Mod Check Next Franchise Page is Displayed (example #8)",
              "timedOut": null,
              "duration": 3386,
              "state": "passed",
              "speed": "slow",
              "pass": true,
              "fail": false,
              "pending": false,
              "context": null,
[...]
              "pending": false,
              "context": null,
              "code": "const state = window.testState;\nreturn cy\n  .then(() => state.onStartScenario(scenario, indexedSteps))\n  .then(() =>\n    resolveAndRunBeforeHooks.call(this, scenario.tags, state.feature.name)\n  )\n  .then(() =>\n    indexedSteps.forEach((step) =>\n      stepTest.call(this, state, step, rowData)\n    )\n  )\n  .then(() =>\n    resolveAndRunAfterHooks.call(this, scenario.tags, state.feature.name)\n  )\n  .then(() => state.onFinishScenario(scenario));",
              "err": {},
              "uuid": "065ff783-2484-4ffb-ac1b-4e1d6728c58a",
              "parentUUID": "86d1a05c-ff7b-4280-9c8f-1f411ef9f947",
              "isHook": false,
              "skipped": false
            },
            {
              "title": "Platform Mod Check Terms and Conditions Page is Displayed (example #11)",
              "fullTitle": "Platform Mod International Terms and Conditions Platform Mod Check Terms and Conditions Page is Displayed (example #11)",
              "timedOut": null,
              "duration": 4619,
              "state": "passed",
              "speed": "slow",
              "pass": true,
              "fail": false,
              "pending": false,
              "context": null,
              "code": "const state = window.testState;\nreturn cy\n  .then(() => state.onStartScenario(scenario, indexedSteps))\n  .then(() =>\n    resolveAndRunBeforeHooks.call(this, scenario.tags, state.feature.name)\n  )\n  .then(() =>\n    indexedSteps.forEach((step) =>\n      stepTest.call(this, state, step, rowData)\n    )\n  )\n  .then(() =>\n    resolveAndRunAfterHooks.call(this, scenario.tags, state.feature.name)\n  )\n  .then(() => state.onFinishScenario(scenario));",
              "err": {},
              "uuid": "4f354e43-892a-4552-9441-3eb04283a336",
              "parentUUID": "86d1a05c-ff7b-4280-9c8f-1f411ef9f947",
              "isHook": false,
              "skipped": false
            },
            {
              "title": "Platform Mod Check Terms and Conditions Page is Displayed (example #12)",
              "fullTitle": "Platform Mod International Terms and Conditions Platform Mod Check Terms and Conditions Page is Displayed (example #12)",
              "timedOut": null,
              "duration": 4927,
              "state": "passed",
              "speed": "slow",
              "pass": true,
              "fail": false,
              "pending": false,
              "context": null,
              "code": "const state = window.testState;\nreturn cy\n  .then(() => state.onStartScenario(scenario, indexedSteps))\n  .then(() =>\n    resolveAndRunBeforeHooks.call(this, scenario.tags, state.feature.name)\n  )\n  .then(() =>\n    indexedSteps.forEach((step) =>\n      stepTest.call(this, state, step, rowData)\n    )\n  )\n  .then(() =>\n    resolveAndRunAfterHooks.call(this, scenario.tags, state.feature.name)\n  )\n  .then(() => state.onFinishScenario(scenario));",
              "err": {},
              "uuid": "0c7b8ff7-fd5b-474f-b7b0-491101ecafef",
              "parentUUID": "86d1a05c-ff7b-4280-9c8f-1f411ef9f947",
              "isHook": false,
              "skipped": false
            },
            {
              "title": "Platform Mod Check Terms and Conditions Page is Displayed (example #13)",
              "fullTitle": "Platform Mod International Terms and Conditions Platform Mod Check Terms and Conditions Page is Displayed (example #13)",
              "timedOut": null,
              "duration": 5149,
              "state": "passed",
              "speed": "slow",
              "pass": true,
              "fail": false,
              "pending": false,
              "context": null,
              "code": "const state = window.testState;\nreturn cy\n  .then(() => state.onStartScenario(scenario, indexedSteps))\n  .then(() =>\n    resolveAndRunBeforeHooks.call(this, scenario.tags, state.feature.name)\n  )\n  .then(() =>\n    indexedSteps.forEach((step) =>\n      stepTest.call(this, state, step, rowData)\n    )\n  )\n  .then(() =>\n    resolveAndRunAfterHooks.call(this, scenario.tags, state.feature.name)\n  )\n  .then(() => state.onFinishScenario(scenario));",
              "err": {},
              "uuid": "e87214e5-5ad6-417a-a8b5-1dc946d057ec",
              "parentUUID": "86d1a05c-ff7b-4280-9c8f-1f411ef9f947",
              "isHook": false,
              "skipped": false
            },
            {
              "title": "Platform Mod Check Terms and Conditions Page is Displayed (example #14)",
              "fullTitle": "Platform Mod International Terms and Conditions Platform Mod Check Terms and Conditions Page is Displayed (example #14)",
              "timedOut": null,
              "duration": 3715,
              "state": "passed",
              "speed": "slow",
              "pass": true,
              "fail": false,
              "pending": false,
              "context": null,
              "code": "const state = window.testState;\nreturn cy\n  .then(() => state.onStartScenario(scenario, indexedSteps))\n  .then(() =>\n    resolveAndRunBeforeHooks.call(this, scenario.tags, state.feature.name)\n  )\n  .then(() =>\n    indexedSteps.forEach((step) =>\n      stepTest.call(this, state, step, rowData)\n    )\n  )\n  .then(() =>\n    resolveAndRunAfterHooks.call(this, scenario.tags, state.feature.name)\n  )\n  .then(() => state.onFinishScenario(scenario));",
              "err": {},
              "uuid": "264473e2-dbec-4924-9423-03d4b7c7bd11",
              "parentUUID": "86d1a05c-ff7b-4280-9c8f-1f411ef9f947",
              "isHook": false,
              "skipped": false
            },
            {
              "title": "Platform Mod Check Terms and Conditions Page is Displayed (example #15)",
              "fullTitle": "Platform Mod International Terms and Conditions Platform Mod Check Terms and Conditions Page is Displayed (example #15)",
              "timedOut": null,
              "duration": 3420,
              "state": "passed",
              "speed": "slow",
              "pass": true,
              "fail": false,
              "pending": false,
              "context": null,
              "code": "const state = window.testState;\nreturn cy\n  .then(() => state.onStartScenario(scenario, indexedSteps))\n  .then(() =>\n    resolveAndRunBeforeHooks.call(this, scenario.tags, state.feature.name)\n  )\n  .then(() =>\n    indexedSteps.forEach((step) =>\n      stepTest.call(this, state, step, rowData)\n    )\n  )\n  .then(() =>\n    resolveAndRunAfterHooks.call(this, scenario.tags, state.feature.name)\n  )\n  .then(() => state.onFinishScenario(scenario));",
              "err": {},
              "uuid": "01153393-9dc0-4621-bd0e-2045b8cdee0c",
              "parentUUID": "86d1a05c-ff7b-4280-9c8f-1f411ef9f947",
              "isHook": false,
              "skipped": false
            },
            {
              "title": "Platform Mod Check Terms and Conditions Page is Displayed (example #16)",
              "fullTitle": "Platform Mod International Terms and Conditions Platform Mod Check Terms and Conditions Page is Displayed (example #16)",
              "timedOut": null,
              "duration": 3494,
              "state": "passed",
              "speed": "slow",
              "pass": true,
              "fail": false,
              "pending": false,
              "context": null,
              "code": "const state = window.testState;\nreturn cy\n  .then(() => state.onStartScenario(scenario, indexedSteps))\n  .then(() =>\n    resolveAndRunBeforeHooks.call(this, scenario.tags, state.feature.name)\n  )\n  .then(() =>\n    indexedSteps.forEach((step) =>\n      stepTest.call(this, state, step, rowData)\n    )\n  )\n  .then(() =>\n    resolveAndRunAfterHooks.call(this, scenario.tags, state.feature.name)\n  )\n  .then(() => state.onFinishScenario(scenario));",
              "err": {},
              "uuid": "34936dc5-6092-4e53-9dc2-548eb861ddbb",
              "parentUUID": "86d1a05c-ff7b-4280-9c8f-1f411ef9f947",
              "isHook": false,
              "skipped": false
            },
            {
              "title": "Platform Mod Check Terms and Conditions Page is Displayed (example #17)",
              "fullTitle": "Platform Mod International Terms and Conditions Platform Mod Check Terms and Conditions Page is Displayed (example #17)",
              "timedOut": null,
              "duration": 4709,
              "state": "passed",
              "speed": "slow",
              "pass": true,
              "fail": false,
              "pending": false,
              "context": null,
              "code": "const state = window.testState;\nreturn cy\n  .then(() => state.onStartScenario(scenario, indexedSteps))\n  .then(() =>\n    resolveAndRunBeforeHooks.call(this, scenario.tags, state.feature.name)\n  )\n  .then(() =>\n    indexedSteps.forEach((step) =>\n      stepTest.call(this, state, step, rowData)\n    )\n  )\n  .then(() =>\n    resolveAndRunAfterHooks.call(this, scenario.tags, state.feature.name)\n  )\n  .then(() => state.onFinishScenario(scenario));",
              "err": {},
              "uuid": "3203eb0e-741a-4ca6-8b97-963463b7d860",
              "parentUUID": "86d1a05c-ff7b-4280-9c8f-1f411ef9f947",
              "isHook": false,
              "skipped": false
            },
            {
              "title": "Platform Mod Check Terms and Conditions Page is Displayed (example #18)",
              "fullTitle": "Platform Mod International Terms and Conditions Platform Mod Check Terms and Conditions Page is Displayed (example #18)",
              "timedOut": null,
              "duration": 5589,
              "state": "passed",
              "speed": "slow",
              "pass": true,
              "fail": false,
              "pending": false,
              "context": null,
              "code": "const state = window.testState;\nreturn cy\n  .then(() => state.onStartScenario(scenario, indexedSteps))\n  .then(() =>\n    resolveAndRunBeforeHooks.call(this, scenario.tags, state.feature.name)\n  )\n  .then(() =>\n    indexedSteps.forEach((step) =>\n      stepTest.call(this, state, step, rowData)\n    )\n  )\n  .then(() =>\n    resolveAndRunAfterHooks.call(this, scenario.tags, state.feature.name)\n  )\n  .then(() => state.onFinishScenario(scenario));",
              "err": {},
              "uuid": "37574302-8428-40a9-92bb-340bc0090021",
              "parentUUID": "86d1a05c-ff7b-4280-9c8f-1f411ef9f947",
              "isHook": false,
              "skipped": false
            },
            {
              "title": "Platform Mod Check Terms and Conditions Page is Displayed (example #19)",
              "fullTitle": "Platform Mod International Terms and Conditions Platform Mod Check Terms and Conditions Page is Displayed (example #19)",
              "timedOut": null,
              "duration": 3143,
              "state": "passed",
              "speed": "slow",
              "pass": true,
              "fail": false,
              "pending": false,
              "context": null,
              "code": "const state = window.testState;\nreturn cy\n  .then(() => state.onStartScenario(scenario, indexedSteps))\n  .then(() =>\n    resolveAndRunBeforeHooks.call(this, scenario.tags, state.feature.name)\n  )\n  .then(() =>\n    indexedSteps.forEach((step) =>\n      stepTest.call(this, state, step, rowData)\n    )\n  )\n  .then(() =>\n    resolveAndRunAfterHooks.call(this, scenario.tags, state.feature.name)\n  )\n  .then(() => state.onFinishScenario(scenario));",
              "err": {},
              "uuid": "13aa7293-a489-424a-b0f6-9a48c2f0ddea",
              "parentUUID": "86d1a05c-ff7b-4280-9c8f-1f411ef9f947",
              "isHook": false,
              "skipped": false
            },
            {
              "title": "Platform Mod Check Terms and Conditions Page is Displayed (example #20)",
              "fullTitle": "Platform Mod International Terms and Conditions Platform Mod Check Terms and Conditions Page is Displayed (example #20)",
              "timedOut": null,
              "duration": 4090,
              "state": "passed",
              "speed": "slow",
              "pass": true,
              "fail": false,
              "pending": false,
              "context": null,
              "code": "const state = window.testState;\nreturn cy\n  .then(() => state.onStartScenario(scenario, indexedSteps))\n  .then(() =>\n    resolveAndRunBeforeHooks.call(this, scenario.tags, state.feature.name)\n  )\n  .then(() =>\n    indexedSteps.forEach((step) =>\n      stepTest.call(this, state, step, rowData)\n    )\n  )\n  .then(() =>\n    resolveAndRunAfterHooks.call(this, scenario.tags, state.feature.name)\n  )\n  .then(() => state.onFinishScenario(scenario));",
              "err": {},
              "uuid": "4f9355ec-dc0d-4472-920d-6e5c3c819368",
              "parentUUID": "86d1a05c-ff7b-4280-9c8f-1f411ef9f947",
              "isHook": false,
              "skipped": false
            },
            {
              "title": "Platform Mod Check Terms and Conditions Page is Displayed (example #21)",
              "fullTitle": "Platform Mod International Terms and Conditions Platform Mod Check Terms and Conditions Page is Displayed (example #21)",
              "timedOut": null,
              "duration": 3588,
              "state": "passed",
              "speed": "slow",
              "pass": true,
              "fail": false,
              "pending": false,
              "context": null,
              "code": "const state = window.testState;\nreturn cy\n  .then(() => state.onStartScenario(scenario, indexedSteps))\n  .then(() =>\n    resolveAndRunBeforeHooks.call(this, scenario.tags, state.feature.name)\n  )\n  .then(() =>\n    indexedSteps.forEach((step) =>\n      stepTest.call(this, state, step, rowData)\n    )\n  )\n  .then(() =>\n    resolveAndRunAfterHooks.call(this, scenario.tags, state.feature.name)\n  )\n  .then(() => state.onFinishScenario(scenario));",
              "err": {},
              "uuid": "040e21e7-0220-4656-9cdb-d38734eb0f67",
              "parentUUID": "86d1a05c-ff7b-4280-9c8f-1f411ef9f947",
              "isHook": false,
              "skipped": false
            },
            {
              "title": "Platform Mod Check Terms and Conditions Page is Displayed (example #22)",
              "fullTitle": "Platform Mod International Terms and Conditions Platform Mod Check Terms and Conditions Page is Displayed (example #22)",
              "timedOut": null,
              "duration": 2736,
              "state": "passed",
              "speed": "slow",
              "pass": true,
              "fail": false,
              "pending": false,
              "context": null,
              "code": "const state = window.testState;\nreturn cy\n  .then(() => state.onStartScenario(scenario, indexedSteps))\n  .then(() =>\n    resolveAndRunBeforeHooks.call(this, scenario.tags, state.feature.name)\n  )\n  .then(() =>\n    indexedSteps.forEach((step) =>\n      stepTest.call(this, state, step, rowData)\n    )\n  )\n  .then(() =>\n    resolveAndRunAfterHooks.call(this, scenario.tags, state.feature.name)\n  )\n  .then(() => state.onFinishScenario(scenario));",
              "err": {},
              "uuid": "20cea5ca-f34f-472d-a44f-951ab40acd2f",
              "parentUUID": "86d1a05c-ff7b-4280-9c8f-1f411ef9f947",
              "isHook": false,
              "skipped": false
            }
          ],
          "suites": [],
          "passes": [
            "b3cd99fb-f313-47af-bff5-0123bdb17278",
            "c7c226c5-1e2e-40e1-baea-2b190844e2b3",
            "53871b55-d398-4402-ae92-2ab01633715d",
            "a78b24bd-3219-4af1-a77b-161901173ed1",
            "0e38e7f9-cfa5-4cb0-bd80-d83b1e131052",
            "8142a555-6398-48ce-a55d-9ef8eb123bf7",
            "d612a869-403c-4486-88a1-f8e399ee86d4",
            "27c2c0ce-f07f-4b13-9b86-484b84fadc2e",
            "4a19106a-adb4-44ed-b9e1-9882e81392a2",
            "065ff783-2484-4ffb-ac1b-4e1d6728c58a",
            "4f354e43-892a-4552-9441-3eb04283a336",
            "0c7b8ff7-fd5b-474f-b7b0-491101ecafef",
            "e87214e5-5ad6-417a-a8b5-1dc946d057ec",
            "264473e2-dbec-4924-9423-03d4b7c7bd11",
            "01153393-9dc0-4621-bd0e-2045b8cdee0c",
            "34936dc5-6092-4e53-9dc2-548eb861ddbb",
            "3203eb0e-741a-4ca6-8b97-963463b7d860",
            "37574302-8428-40a9-92bb-340bc0090021",
            "13aa7293-a489-424a-b0f6-9a48c2f0ddea",
            "4f9355ec-dc0d-4472-920d-6e5c3c819368",
            "040e21e7-0220-4656-9cdb-d38734eb0f67",
            "20cea5ca-f34f-472d-a44f-951ab40acd2f"
          ],
          "failures": [],
          "pending": [],
          "skipped": [],
          "duration": 84680,
          "root": false,
          "rootEmpty": false,
          "_timeout": 2000
        }
      ],
      "passes": [],
      "failures": [],
      "pending": [],
      "skipped": [],
      "duration": 0,
      "root": true,
      "rootEmpty": true,
      "_timeout": 2000
    },
    {
      "uuid": "0e77697f-c5d3-4da2-a7fa-809c3eb00f4f",
      "title": "",
      "fullFile": "cypress\\integration\\feature\\next\\common\\desktop\\cmDesktopCareersAtNext.feature",
      "file": "cypress\\integration\\feature\\next\\common\\desktop\\cmDesktopCareersAtNext.feature",
      "beforeHooks": [],
      "afterHooks": [],
      "tests": [],
      "suites": [
        {
          "uuid": "b7e21e38-82b6-47ca-89b8-6d336ff965c6",
          "title": "Platform Mod International Careers@next",
          "fullFile": "",
          "file": "",
          "beforeHooks": [],
          "afterHooks": [],
          "tests": [
            {
              "title": "Platform Mod Check Careers@next Page is Displayed",
              "fullTitle": "Platform Mod International Careers@next Platform Mod Check Careers@next Page is Displayed",
              "timedOut": null,
              "duration": 2767,
              "state": "passed",
              "speed": "slow",
              "pass": true,
              "fail": false,
              "pending": false,
              "context": null,
              "code": "const state = window.testState;\nreturn cy\n  .then(() => state.onStartScenario(scenario, indexedSteps))\n  .then(() =>\n    resolveAndRunBeforeHooks.call(this, scenario.tags, state.feature.name)\n  )\n  .then(() =>\n    indexedSteps.forEach((step) =>\n      stepTest.call(this, state, step, rowData)\n    )\n  )\n  .then(() =>\n    resolveAndRunAfterHooks.call(this, scenario.tags, state.feature.name)\n  )\n  .then(() => state.onFinishScenario(scenario));",
              "err": {},
              "uuid": "9fdd43f7-4f8b-41bc-9311-7f9b3b3c530b",
              "parentUUID": "b7e21e38-82b6-47ca-89b8-6d336ff965c6",
              "isHook": false,
              "skipped": false
            }
          ],
          "suites": [],
          "passes": [
            "9fdd43f7-4f8b-41bc-9311-7f9b3b3c530b"
          ],
          "failures": [],
          "pending": [],
          "skipped": [],
          "duration": 2767,
          "root": false,
          "rootEmpty": false,
          "_timeout": 2000
        }
      ],
      "passes": [],
      "failures": [],
      "pending": [],
      "skipped": [],
      "duration": 0,
      "root": true,
      "rootEmpty": true,
      "_timeout": 2000
    }
  ],
  "meta": {
    "mocha": {
      "version": "7.0.1"
    },
    "mochawesome": {
      "options": {
        "quiet": false,
        "reportFilename": "mochawesome",
        "saveHtml": false,
        "saveJson": true,
        "consoleReporter": "spec",
        "useInlineDiffs": false,
        "code": true
      },
      "version": "6.1.1"
    },
    "marge": {
      "options": {
        "id": "default",
        "reportDir": "cypress/results/mochawesome",
        "quite": true,
        "overwrite": false,
        "html": false,
        "json": true
      },
      "version": "5.1.0"
    }
  }
}