{
  "stats": {
    "suites": 9,
    "tests": 187,
    "passes": 187,
    "pending": 0,
    "failures": 0,
    "start": "2020-10-15T17:23:27.519Z",
    "end": "2020-10-15T17:57:01.836Z",
    "duration": 1394263,
    "testsRegistered": 187,
    "passPercent": 100,
    "pendingPercent": 0,
    "other": 0,
    "hasOther": false,
    "skipped": 0,
    "hasSkipped": false
  },
  "results": [
    {
      "uuid": "c5224fd6-da52-490c-a386-9bdf21f56a11",
      "title": "",
      "fullFile": "cypress\\integration\\feature\\next\\common\\desktop\\cmDesktopContactUs.feature",
      "file": "cypress\\integration\\feature\\next\\common\\desktop\\cmDesktopContactUs.feature",
      "beforeHooks": [],
      "afterHooks": [],
      "tests": [],
      "suites": [
        {
          "uuid": "0165c831-9c46-42c3-aef1-01a7abd1e03b",
          "title": "Platform Mod International Contact Us",
          "fullFile": "",
          "file": "",
          "beforeHooks": [],
          "afterHooks": [],
          "tests": [
            {
              "title": "Platform Mod Check Contact Us Page is Displayed (example #1)",
              "fullTitle": "Platform Mod International Contact Us Platform Mod Check Contact Us Page is Displayed (example #1)",
              "timedOut": null,
              "duration": 5676,
              "state": "passed",
              "speed": "slow",
              "pass": true,
              "fail": false,
              "pending": false,
              "context": null,
              "code": "const state = window.testState;\nreturn cy\n  .then(() => state.onStartScenario(scenario, indexedSteps))\n  .then(() =>\n    resolveAndRunBeforeHooks.call(this, scenario.tags, state.feature.name)\n  )\n  .then(() =>\n    indexedSteps.forEach((step) =>\n      stepTest.call(this, state, step, rowData)\n    )\n  )\n  .then(() =>\n    resolveAndRunAfterHooks.call(this, scenario.tags, state.feature.name)\n  )\n  .then(() => state.onFinishScenario(scenario));",
              "err": {},
              "uuid": "d21b26ca-bd08-41a3-ac9a-be8cd4be4d40",
              "parentUUID": "0165c831-9c46-42c3-aef1-01a7abd1e03b",
              "isHook": false,
              "skipped": false
            },
            {
              "title": "Platform Mod Check Contact Us Page is Displayed (example #2)",
              "fullTitle": "Platform Mod International Contact Us Platform Mod Check Contact Us Page is Displayed (example #2)",
              "timedOut": null,
              "duration": 5368,
              "state": "passed",
              "speed": "slow",
              "pass": true,
              "fail": false,
              "pending": false,
              "context": null,
              "code": "const state = window.testState;\nreturn cy\n  .then(() => state.onStartScenario(scenario, indexedSteps))\n  .then(() =>\n    resolveAndRunBeforeHooks.call(this, scenario.tags, state.feature.name)\n  )\n  .then(() =>\n    indexedSteps.forEach((step) =>\n      stepTest.call(this, state, step, rowData)\n    )\n  )\n  .then(() =>\n    resolveAndRunAfterHooks.call(this, scenario.tags, state.feature.name)\n  )\n  .then(() => state.onFinishScenario(scenario));",
              "err": {},
              "uuid": "1dc92dae-58d8-46af-9807-5962bbd2d43f",
              "parentUUID": "0165c831-9c46-42c3-aef1-01a7abd1e03b",
              "isHook": false,
              "skipped": false
            },
            {
              "title": "Platform Mod Check Contact Us Page is Displayed (example #3)",
              "fullTitle": "Platform Mod International Contact Us Platform Mod Check Contact Us Page is Displayed (example #3)",
              "timedOut": null,
              "duration": 4930,
              "state": "passed",
              "speed": "slow",
              "pass": true,
              "fail": false,
              "pending": false,
              "context": null,
              "code": "const state = window.testState;\nreturn cy\n  .then(() => state.onStartScenario(scenario, indexedSteps))\n  .then(() =>\n    resolveAndRunBeforeHooks.call(this, scenario.tags, state.feature.name)\n  )\n  .then(() =>\n    indexedSteps.forEach((step) =>\n      stepTest.call(this, state, step, rowData)\n    )\n  )\n  .then(() =>\n    resolveAndRunAfterHooks.call(this, scenario.tags, state.feature.name)\n  )\n  .then(() => state.onFinishScenario(scenario));",
              "err": {},
              "uuid": "46ffa04b-f673-47bc-9139-8da94ed20726",
              "parentUUID": "0165c831-9c46-42c3-aef1-01a7abd1e03b",
              "isHook": false,
              "skipped": false
            },
            {
              "title": "Platform Mod Check Contact Us Page is Displayed (example #4)",
              "fullTitle": "Platform Mod International Contact Us Platform Mod Check Contact Us Page is Displayed (example #4)",
              "timedOut": null,
              "duration": 3547,
              "state": "passed",
              "speed": "slow",
              "pass": true,
              "fail": false,
              "pending": false,
              "context": null,
              "code": "const state = window.testState;\nreturn cy\n  .then(() => state.onStartScenario(scenario, indexedSteps))\n  .then(() =>\n    resolveAndRunBeforeHooks.call(this, scenario.tags, state.feature.name)\n  )\n  .then(() =>\n    indexedSteps.forEach((step) =>\n      stepTest.call(this, state, step, rowData)\n    )\n  )\n  .then(() =>\n    resolveAndRunAfterHooks.call(this, scenario.tags, state.feature.name)\n  )\n  .then(() => state.onFinishScenario(scenario));",
              "err": {},
              "uuid": "cc187a40-92c6-4e1c-af37-3ac2566d7989",
              "parentUUID": "0165c831-9c46-42c3-aef1-01a7abd1e03b",
              "isHook": false,
              "skipped": false
            },
            {
              "title": "Platform Mod Check Contact Us Page is Displayed (example #5)",
              "fullTitle": "Platform Mod International Contact Us Platform Mod Check Contact Us Page is Displayed (example #5)",
              "timedOut": null,
              "duration": 5088,
              "state": "passed",
              "speed": "slow",
              "pass": true,
              "fail": false,
              "pending": false,
              "context": null,
              "code": "const state = window.testState;\nreturn cy\n  .then(() => state.onStartScenario(scenario, indexedSteps))\n  .then(() =>\n    resolveAndRunBeforeHooks.call(this, scenario.tags, state.feature.name)\n  )\n  .then(() =>\n    indexedSteps.forEach((step) =>\n      stepTest.call(this, state, step, rowData)\n    )\n  )\n  .then(() =>\n    resolveAndRunAfterHooks.call(this, scenario.tags, state.feature.name)\n  )\n  .then(() => state.onFinishScenario(scenario));",
              "err": {},
              "uuid": "1e036590-f22a-4679-b436-cdbfe80ceacd",
              "parentUUID": "0165c831-9c46-42c3-aef1-01a7abd1e03b",
              "isHook": false,
              "skipped": false
            },
            {
              "title": "Platform Mod Check Contact Us Page is Displayed (example #6)",
              "fullTitle": "Platform Mod International Contact Us Platform Mod Check Contact Us Page is Displayed (example #6)",
              "timedOut": null,
              "duration": 6015,
              "state": "passed",
              "speed": "slow",
              "pass": true,
              "fail": false,
              "pending": false,
              "context": null,
              "code": "const state = window.testState;\nreturn cy\n  .then(() => state.onStartScenario(scenario, indexedSteps))\n  .then(() =>\n    resolveAndRunBeforeHooks.call(this, scenario.tags, state.feature.name)\n  )\n  .then(() =>\n    indexedSteps.forEach((step) =>\n      stepTest.call(this, state, step, rowData)\n    )\n  )\n  .then(() =>\n    resolveAndRunAfterHooks.call(this, scenario.tags, state.feature.name)\n  )\n  .then(() => state.onFinishScenario(scenario));",
              "err": {},
              "uuid": "e4077b35-05dd-48f2-b3bb-8d84ed2ddeb2",
              "parentUUID": "0165c831-9c46-42c3-aef1-01a7abd1e03b",
              "isHook": false,
              "skipped": false
            },
            {
              "title": "Platform Mod Check Contact Us Page is Displayed (example #7)",
              "fullTitle": "Platform Mod International Contact Us Platform Mod Check Contact Us Page is Displayed (example #7)",
              "timedOut": null,
              "duration": 3243,
              "state": "passed",
              "speed": "slow",
              "pass": true,
              "fail": false,
              "pending": false,
              "context": null,
              "code": "const state = window.testState;\nreturn cy\n  .then(() => state.onStartScenario(scenario, indexedSteps))\n  .then(() =>\n    resolveAndRunBeforeHooks.call(this, scenario.tags, state.feature.name)\n  )\n  .then(() =>\n    indexedSteps.forEach((step) =>\n      stepTest.call(this, state, step, rowData)\n    )\n  )\n  .then(() =>\n    resolveAndRunAfterHooks.call(this, scenario.tags, state.feature.name)\n  )\n  .then(() => state.onFinishScenario(scenario));",
              "err": {},
              "uuid": "0293f6fe-b4ba-4f0e-9924-1422202212c1",
              "parentUUID": "0165c831-9c46-42c3-aef1-01a7abd1e03b",
              "isHook": false,
              "skipped": false
            },
            {
              "title": "Platform Mod Check Contact Us Page is Displayed (example #8)",
              "fullTitle": "Platform Mod International Contact Us Platform Mod Check Contact Us Page is Displayed (example #8)",
              "timedOut": null,
              "duration": 3511,
              "state": "passed",
              "speed": "slow",
              "pass": true,
              "fail": false,
              "pending": false,
              "context": null,
              "code": "const state = window.testState;\nreturn cy\n  .then(() => state.onStartScenario(scenario, indexedSteps))\n  .then(() =>\n    resolveAndRunBeforeHooks.call(this, scenario.tags, state.feature.name)\n  )\n  .then(() =>\n    indexedSteps.forEach((step) =>\n      stepTest.call(this, state, step, rowData)\n    )\n  )\n  .then(() =>\n    resolveAndRunAfterHooks.call(this, scenario.tags, state.feature.name)\n  )\n  .then(() => state.onFinishScenario(scenario));",
              "err": {},
              "uuid": "f90fdf8b-9af1-4068-9057-c8c8948f70ad",
              "parentUUID": "0165c831-9c46-42c3-aef1-01a7abd1e03b",
              "isHook": false,
              "skipped": false
            },
            {
              "title": "Platform Mod Check Contact Us Page is Displayed (example #9)",
              "fullTitle": "Platform Mod International Contact Us Platform Mod Check Contact Us Page is Displayed (example #9)",
              "timedOut": null,
              "duration": 3168,
              "state": "passed",
              "speed": "slow",
              "pass": true,
              "fail": false,
              "pending": false,
              "context": null,
              "code": "const state = window.testState;\nreturn cy\n  .then(() => state.onStartScenario(scenario, indexedSteps))\n  .then(() =>\n    resolveAndRunBeforeHooks.call(this, scenario.tags, state.feature.name)\n  )\n  .then(() =>\n    indexedSteps.forEach((step) =>\n      stepTest.call(this, state, step, rowData)\n    )\n  )\n  .then(() =>\n    resolveAndRunAfterHooks.call(this, scenario.tags, state.feature.name)\n  )\n  .then(() => state.onFinishScenario(scenario));",
              "err": {},
              "uuid": "cea77e9a-de01-4ede-90d5-165ec38d70a5",
              "parentUUID": "0165c831-9c46-42c3-aef1-01a7abd1e03b",
              "isHook": false,
              "skipped": false
            },
            {
              "title": "Platform Mod Check Contact Us Page is Displayed (example #10)",
              "fullTitle": "Platform Mod International Contact Us Platform Mod Check Contact Us Page is Displayed (example #10)",
              "timedOut": null,
              "duration": 2986,
              "state": "passed",
              "speed": "slow",
              "pass": true,
              "fail": false,
              "pending": false,
              "context": null,
              "code": "const state = window.testState;\nreturn cy\n  .then(() => state.onStartScenario(scenario, indexedSteps))\n  .then(() =>\n    resolveAndRunBeforeHooks.call(this, scenario.tags, state.feature.name)\n  )\n  .then(() =>\n    indexedSteps.forEach((step) =>\n      stepTest.call(this, state, step, rowData)\n    )\n  )\n  .then(() =>\n    resolveAndRunAfterHooks.call(this, scenario.tags, state.feature.name)\n  )\n  .then(() => state.onFinishScenario(scenario));",
              "err": {},
              "uuid": "15d27fa4-eed0-4474-9022-86a536f66478",
              "parentUUID": "0165c831-9c46-42c3-aef1-01a7abd1e03b",
              "isHook": false,
              "skipped": false
            },
            {
              "title": "Platform Mod Check Contact Us Page is Displayed (example #11)",
              "fullTitle": "Platform Mod International Contact Us Platform Mod Check Contact Us Page is Displayed (example #11)",
              "timedOut": null,
              "duration": 5498,
              "state": "passed",
              "speed": "slow",
              "pass": true,
              "fail": false,
              "pending": false,
              "context": null,
              "code": "const state = window.testState;\nreturn cy\n  .then(() => state.onStartScenario(scenario, indexedSteps))\n  .then(() =>\n    resolveAndRunBeforeHooks.call(this, scenario.tags, state.feature.name)\n  )\n  .then(() =>\n    indexedSteps.forEach((step) =>\n      stepTest.call(this, state, step, rowData)\n    )\n  )\n  .then(() =>\n    resolveAndRunAfterHooks.call(this, scenario.tags, state.feature.name)\n  )\n  .then(() => state.onFinishScenario(scenario));",
              "err": {},
              "uuid": "5a225bee-740b-427a-b44d-9f784edfacf9",
              "parentUUID": "0165c831-9c46-42c3-aef1-01a7abd1e03b",
              "isHook": false,
              "skipped": false
            },
            {
              "title": "Platform Mod Check Contact Us Page is Displayed (example #12)",
              "fullTitle": "Platform Mod International Contact Us Platform Mod Check Contact Us Page is Displayed (example #12)",
              "timedOut": null,
              "duration": 5203,
              "state": "passed",
              "speed": "slow",
              "pass": true,
              "fail": false,
              "pending": false,
              "context": null,
              "code": "const state = window.testState;\nreturn cy\n  .then(() => state.onStartScenario(scenario, indexedSteps))\n  .then(() =>\n    resolveAndRunBeforeHooks.call(this, scenario.tags, state.feature.name)\n  )\n  .then(() =>\n    indexedSteps.forEach((step) =>\n      stepTest.call(this, state, step, rowData)\n    )\n  )\n  .then(() =>\n    resolveAndRunAfterHooks.call(this, scenario.tags, state.feature.name)\n  )\n  .then(() => state.onFinishScenario(scenario));",
              "err": {},
              "uuid": "ed82c433-12b1-4c27-a515-3b7ea6ca3237",
              "parentUUID": "0165c831-9c46-42c3-aef1-01a7abd1e03b",
              "isHook": false,
              "skipped": false
            },
            {
              "title": "Platform Mod Check Contact Us Page is Displayed (example #13)",
              "fullTitle": "Platform Mod International Contact Us Platform Mod Check Contact Us Page is Displayed (example #13)",
              "timedOut": null,
              "duration": 5061,
              "state": "passed",
              "speed": "slow",
              "pass": true,
              "fail": false,
              "pending": false,
              "context": null,
              "code": "const state = window.testState;\nreturn cy\n  .then(() => state.onStartScenario(scenario, indexedSteps))\n  .then(() =>\n    resolveAndRunBeforeHooks.call(this, scenario.tags, state.feature.name)\n  )\n  .then(() =>\n    indexedSteps.forEach((step) =>\n      stepTest.call(this, state, step, rowData)\n    )\n  )\n  .then(() =>\n    resolveAndRunAfterHooks.call(this, scenario.tags, state.feature.name)\n  )\n  .then(() => state.onFinishScenario(scenario));",
              "err": {},
              "uuid": "c9d8d3a8-7301-4a95-912d-0e32aa540bad",
              "parentUUID": "0165c831-9c46-42c3-aef1-01a7abd1e03b",
              "isHook": false,
              "skipped": false
            },
            {
              "title": "Platform Mod Check Contact Us Page is Displayed (example #14)",
              "fullTitle": "Platform Mod International Contact Us Platform Mod Check Contact Us Page is Displayed (example #14)",
              "timedOut": null,
              "duration": 3714,
              "state": "passed",
              "speed": "slow",
              "pass": true,
              "fail": false,
              "pending": false,
              "context": null,
              "code": "const state = window.testState;\nreturn cy\n  .then(() => state.onStartScenario(scenario, indexedSteps))\n  .then(() =>\n    resolveAndRunBeforeHooks.call(this, scenario.tags, state.feature.name)\n  )\n  .then(() =>\n    indexedSteps.forEach((step) =>\n      stepTest.call(this, state, step, rowData)\n    )\n  )\n  .then(() =>\n    resolveAndRunAfterHooks.call(this, scenario.tags, state.feature.name)\n  )\n  .then(() => state.onFinishScenario(scenario));",
              "err": {},
              "uuid": "186d8a5b-6a02-4ab4-b4e1-731f3ed59793",
              "parentUUID": "0165c831-9c46-42c3-aef1-01a7abd1e03b",
              "isHook": false,
              "skipped": false
            },
            {
              "title": "Platform Mod Check Contact Us Page is Displayed (example #15)",
              "fullTitle": "Platform Mod International Contact Us Platform Mod Check Contact Us Page is Displayed (example #15)",
              "timedOut": null,
              "duration": 3212,
              "state": "passed",
              "speed": "slow",
              "pass": true,
              "fail": false,
              "pending": false,
              "context": null,
              "code": "const state = window.testState;\nreturn cy\n  .then(() => state.onStartScenario(scenario, indexedSteps))\n  .then(() =>\n    resolveAndRunBeforeHooks.call(this, scenario.tags, state.feature.name)\n  )\n  .then(() =>\n    indexedSteps.forEach((step) =>\n      stepTest.call(this, state, step, rowData)\n    )\n  )\n  .then(() =>\n    resolveAndRunAfterHooks.call(this, scenario.tags, state.feature.name)\n  )\n  .then(() => state.onFinishScenario(scenario));",
              "err": {},
              "uuid": "f9062ac7-659c-4019-86a4-dbf7cc50c049",
              "parentUUID": "0165c831-9c46-42c3-aef1-01a7abd1e03b",
              "isHook": false,
              "skipped": false
            },
            {
              "title": "Platform Mod Check Contact Us Page is Displayed (example #16)",
              "fullTitle": "Platform Mod International Contact Us Platform Mod Check Contact Us Page is Displayed (example #16)",
              "timedOut": null,
              "duration": 3850,
              "state": "passed",
              "speed": "slow",
              "pass": true,
              "fail": false,
              "pending": false,
              "context": null,
              "code": "const state = window.testState;\nreturn cy\n  .then(() => state.onStartScenario(scenario, indexedSteps))\n  .then(() =>\n    resolveAndRunBeforeHooks.call(this, scenario.tags, state.feature.name)\n  )\n  .then(() =>\n    indexedSteps.forEach((step) =>\n      stepTest.call(this, state, step, rowData)\n    )\n  )\n  .then(() =>\n    resolveAndRunAfterHooks.call(this, scenario.tags, state.feature.name)\n  )\n  .then(() => state.onFinishScenario(scenario));",
              "err": {},
              "uuid": "d495ff2b-7755-4aab-a9ef-b92bb637ec36",
              "parentUUID": "0165c831-9c46-42c3-aef1-01a7abd1e03b",
              "isHook": false,
              "skipped": false
            },
            {
              "title": "Platform Mod Check Contact Us Page is Displayed (example #17)",
              "fullTitle": "Platform Mod International Contact Us Platform Mod Check Contact Us Page is Displayed (example #17)",
              "timedOut": null,
              "duration": 3701,
              "state": "passed",
              "speed": "slow",
              "pass": true,
              "fail": false,
              "pending": false,
              "context": null,
              "code": "const state = window.testState;\nreturn cy\n  .then(() => state.onStartScenario(scenario, indexedSteps))\n  .then(() =>\n    resolveAndRunBeforeHooks.call(this, scenario.tags, state.feature.name)\n  )\n  .then(() =>\n    indexedSteps.forEach((step) =>\n      stepTest.call(this, state, step, rowData)\n    )\n  )\n  .then(() =>\n    resolveAndRunAfterHooks.call(this, scenario.tags, state.feature.name)\n  )\n  .then(() => state.onFinishScenario(scenario));",
              "err": {},
              "uuid": "d38a4f35-883a-4b34-95c5-8453262bb985",
              "parentUUID": "0165c831-9c46-42c3-aef1-01a7abd1e03b",
              "isHook": false,
              "skipped": false
            },
            {
              "title": "Platform Mod Check Contact Us Page is Displayed (example #18)",
              "fullTitle": "Platform Mod International Contact Us Platform Mod Check Contact Us Page is Displayed (example #18)",
              "timedOut": null,
              "duration": 5160,
              "state": "passed",
              "speed": "slow",
              "pass": true,
              "fail": false,
              "pending": false,
              "context": null,
              "code": "const state = window.testState;\nreturn cy\n  .then(() => state.onStartScenario(scenario, indexedSteps))\n  .then(() =>\n    resolveAndRunBeforeHooks.call(this, scenario.tags, state.feature.name)\n  )\n  .then(() =>\n    indexedSteps.forEach((step) =>\n      stepTest.call(this, state, step, rowData)\n    )\n  )\n  .then(() =>\n    resolveAndRunAfterHooks.call(this, scenario.tags, state.feature.name)\n  )\n  .then(() => state.onFinishScenario(scenario));",
              "err": {},
              "uuid": "fdc0157b-d9aa-423f-bb1d-1845a15d2786",
              "parentUUID": "0165c831-9c46-42c3-aef1-01a7abd1e03b",
              "isHook": false,
              "skipped": false
            },
            {
              "title": "Platform Mod Check Contact Us Page is Displayed (example #19)",
              "fullTitle": "Platform Mod International Contact Us Platform Mod Check Contact Us Page is Displayed (example #19)",
              "timedOut": null,
              "duration": 2645,
              "state": "passed",
              "speed": "slow",
              "pass": true,
              "fail": false,
              "pending": false,
              "context": null,
              "code": "const state = window.testState;\nreturn cy\n  .then(() => state.onStartScenario(scenario, indexedSteps))\n  .then(() =>\n    resolveAndRunBeforeHooks.call(this, scenario.tags, state.feature.name)\n  )\n  .then(() =>\n    indexedSteps.forEach((step) =>\n      stepTest.call(this, state, step, rowData)\n    )\n  )\n  .then(() =>\n    resolveAndRunAfterHooks.call(this, scenario.tags, state.feature.name)\n  )\n  .then(() => state.onFinishScenario(scenario));",
              "err": {},
              "uuid": "ce3786f9-0fb7-4465-82bb-9fa270b8e284",
              "parentUUID": "0165c831-9c46-42c3-aef1-01a7abd1e03b",
              "isHook": false,
              "skipped": false
            },
            {
              "title": "Platform Mod Check Contact Us Page is Displayed (example #20)",
              "fullTitle": "Platform Mod International Contact Us Platform Mod Check Contact Us Page is Displayed (example #20)",
              "timedOut": null,
              "duration": 5139,
              "state": "passed",
              "speed": "slow",
              "pass": true,
              "fail": false,
              "pending": false,
              "context": null,
              "code": "const state = window.testState;\nreturn cy\n  .then(() => state.onStartScenario(scenario, indexedSteps))\n  .then(() =>\n    resolveAndRunBeforeHooks.call(this, scenario.tags, state.feature.name)\n  )\n  .then(() =>\n    indexedSteps.forEach((step) =>\n      stepTest.call(this, state, step, rowData)\n    )\n  )\n  .then(() =>\n    resolveAndRunAfterHooks.call(this, scenario.tags, state.feature.name)\n  )\n  .then(() => state.onFinishScenario(scenario));",
              "err": {},
              "uuid": "020b2fb4-4b00-42b2-9927-da1f0e2b5ad8",
              "parentUUID": "0165c831-9c46-42c3-aef1-01a7abd1e03b",
              "isHook": false,
              "skipped": false
            },
            {
              "title": "Platform Mod Check Contact Us Page is Displayed (example #21)",
              "fullTitle": "Platform Mod International Contact Us Platform Mod Check Contact Us Page is Displayed (example #21)",
              "timedOut": null,
              "duration": 4719,
              "state": "passed",
              "speed": "slow",
              "pass": true,
              "fail": false,
              "pending": false,
              "context": null,
              "code": "const state = window.testState;\nreturn cy\n  .then(() => state.onStartScenario(scenario, indexedSteps))\n  .then(() =>\n    resolveAndRunBeforeHooks.call(this, scenario.tags, state.feature.name)\n  )\n  .then(() =>\n    indexedSteps.forEach((step) =>\n      stepTest.call(this, state, step, rowData)\n    )\n  )\n  .then(() =>\n    resolveAndRunAfterHooks.call(this, scenario.tags, state.feature.name)\n  )\n  .then(() => state.onFinishScenario(scenario));",
              "err": {},
              "uuid": "b2663386-121f-45e8-bf3d-5b11882dfad0",
              "parentUUID": "0165c831-9c46-42c3-aef1-01a7abd1e03b",
              "isHook": false,
              "skipped": false
            },
            {
              "title": "Platform Mod Check Contact Us Page is Displayed (example #22)",
              "fullTitle": "Platform Mod International Contact Us Platform Mod Check Contact Us Page is Displayed (example #22)",
              "timedOut": null,
              "duration": 2638,
              "state": "passed",
              "speed": "slow",
              "pass": true,
              "fail": false,
              "pending": false,
              "context": null,
              "code": "const state = window.testState;\nreturn cy\n  .then(() => state.onStartScenario(scenario, indexedSteps))\n  .then(() =>\n    resolveAndRunBeforeHooks.call(this, scenario.tags, state.feature.name)\n  )\n  .then(() =>\n    indexedSteps.forEach((step) =>\n      stepTest.call(this, state, step, rowData)\n    )\n  )\n  .then(() =>\n    resolveAndRunAfterHooks.call(this, scenario.tags, state.feature.name)\n  )\n  .then(() => state.onFinishScenario(scenario));",
              "err": {},
              "uuid": "86775a3f-c860-4ec5-98e5-f301c23a60b5",
              "parentUUID": "0165c831-9c46-42c3-aef1-01a7abd1e03b",
              "isHook": false,
              "skipped": false
            }
          ],
          "suites": [],
          "passes": [
            "d21b26ca-bd08-41a3-ac9a-be8cd4be4d40",
            "1dc92dae-58d8-46af-9807-5962bbd2d43f",
            "46ffa04b-f673-47bc-9139-8da94ed20726",
            "cc187a40-92c6-4e1c-af37-3ac2566d7989",
            "1e036590-f22a-4679-b436-cdbfe80ceacd",
            "e4077b35-05dd-48f2-b3bb-8d84ed2ddeb2",
            "0293f6fe-b4ba-4f0e-9924-1422202212c1",
            "f90fdf8b-9af1-4068-9057-c8c8948f70ad",
            "cea77e9a-de01-4ede-90d5-165ec38d70a5",
            "15d27fa4-eed0-4474-9022-86a536f66478",
            "5a225bee-740b-427a-b44d-9f784edfacf9",
            "ed82c433-12b1-4c27-a515-3b7ea6ca3237",
            "c9d8d3a8-7301-4a95-912d-0e32aa540bad",
            "186d8a5b-6a02-4ab4-b4e1-731f3ed59793",
            "f9062ac7-659c-4019-86a4-dbf7cc50c049",
            "d495ff2b-7755-4aab-a9ef-b92bb637ec36",
            "d38a4f35-883a-4b34-95c5-8453262bb985",
            "fdc0157b-d9aa-423f-bb1d-1845a15d2786",
            "ce3786f9-0fb7-4465-82bb-9fa270b8e284",
            "020b2fb4-4b00-42b2-9927-da1f0e2b5ad8",
            "b2663386-121f-45e8-bf3d-5b11882dfad0",
            "86775a3f-c860-4ec5-98e5-f301c23a60b5"
          ],
          "failures": [],
          "pending": [],
          "skipped": [],
          "duration": 94072,
          "root": false,
          "rootEmpty": false,
          "_timeout": 2000
        }
      ],
      "passes": [],
      "failures": [],
      "pending": [],
      "skipped": [],
      "duration": 0,
      "root": true,
      "rootEmpty": true,
      "_timeout": 2000
    },
    {
      "uuid": "96e28878-c5f4-4f55-b6f5-9838085330c1",
      "title": "",
      "fullFile": "cypress\\integration\\feature\\next\\common\\desktop\\cmDesktopFooter.feature",
      "file": "cypress\\integration\\feature\\next\\common\\desktop\\cmDesktopFooter.feature",
      "beforeHooks": [],
      "afterHooks": [],
      "tests": [],
      "suites": [
        {
          "uuid": "a5cfa9e8-f638-42f3-9eb2-5c945678867b",
          "title": "International Footer Links",
          "fullFile": "",
          "file": "",
          "beforeHooks": [],
          "afterHooks": [],
          "tests": [
            {
              "title": "Platform Mod enabled footer content are displayed correctly (example #1)",
              "fullTitle": "International Footer Links Platform Mod enabled footer content are displayed correctly (example #1)",
              "timedOut": null,
              "duration": 5222,
              "state": "passed",
              "speed": "slow",
              "pass": true,
              "fail": false,
              "pending": false,
              "context": null,
              "code": "const state = window.testState;\nreturn cy\n  .then(() => state.onStartScenario(scenario, indexedSteps))\n  .then(() =>\n    resolveAndRunBeforeHooks.call(this, scenario.tags, state.feature.name)\n  )\n  .then(() =>\n    indexedSteps.forEach((step) =>\n      stepTest.call(this, state, step, rowData)\n    )\n  )\n  .then(() =>\n    resolveAndRunAfterHooks.call(this, scenario.tags, state.feature.name)\n  )\n  .then(() => state.onFinishScenario(scenario));",
              "err": {},
              "uuid": "268353eb-f738-40a9-8068-54a6a48706db",
              "parentUUID": "a5cfa9e8-f638-42f3-9eb2-5c945678867b",
              "isHook": false,
              "skipped": false
            },
            {
              "title": "Platform Mod enabled footer content are displayed correctly (example #2)",
              "fullTitle": "International Footer Links Platform Mod enabled footer content are displayed correctly (example #2)",
              "timedOut": null,
              "duration": 4791,
              "state": "passed",
              "speed": "slow",
              "pass": true,
              "fail": false,
              "pending": false,
              "context": null,
              "code": "const state = window.testState;\nreturn cy\n  .then(() => state.onStartScenario(scenario, indexedSteps))\n  .then(() =>\n    resolveAndRunBeforeHooks.call(this, scenario.tags, state.feature.name)\n  )\n  .then(() =>\n    indexedSteps.forEach((step) =>\n      stepTest.call(this, state, step, rowData)\n    )\n  )\n  .then(() =>\n    resolveAndRunAfterHooks.call(this, scenario.tags, state.feature.name)\n  )\n  .then(() => state.onFinishScenario(scenario));",
              "err": {},
              "uuid": "c9cce86c-a123-4b10-97bb-827967b6cac7",
              "parentUUID": "a5cfa9e8-f638-42f3-9eb2-5c945678867b",
              "isHook": false,
              "skipped": false
            },
            {
              "title": "Platform Mod enabled footer content are displayed correctly (example #3)",
              "fullTitle": "International Footer Links Platform Mod enabled footer content are displayed correctly (example #3)",
              "timedOut": null,
              "duration": 4705,
              "state": "passed",
              "speed": "slow",
              "pass": true,
              "fail": false,
              "pending": false,
              "context": null,
              "code": "const state = window.testState;\nreturn cy\n  .then(() => state.onStartScenario(scenario, indexedSteps))\n  .then(() =>\n    resolveAndRunBeforeHooks.call(this, scenario.tags, state.feature.name)\n  )\n  .then(() =>\n    indexedSteps.forEach((step) =>\n      stepTest.call(this, state, step, rowData)\n    )\n  )\n  .then(() =>\n    resolveAndRunAfterHooks.call(this, scenario.tags, state.feature.name)\n  )\n  .then(() => state.onFinishScenario(scenario));",
              "err": {},
              "uuid": "2570bef4-e3db-4ee3-9d9b-6fc80cc92b0e",
              "parentUUID": "a5cfa9e8-f638-42f3-9eb2-5c945678867b",
              "isHook": false,
              "skipped": false
            },
            {
              "title": "Platform Mod enabled footer content are displayed correctly (example #4)",
              "fullTitle": "International Footer Links Platform Mod enabled footer content are displayed correctly (example #4)",
              "timedOut": null,
              "duration": 3856,
              "state": "passed",
              "speed": "slow",
              "pass": true,
              "fail": false,
              "pending": false,
              "context": null,
              "code": "const state = window.testState;\nreturn cy\n  .then(() => state.onStartScenario(scenario, indexedSteps))\n  .then(() =>\n    resolveAndRunBeforeHooks.call(this, scenario.tags, state.feature.name)\n  )\n  .then(() =>\n    indexedSteps.forEach((step) =>\n      stepTest.call(this, state, step, rowData)\n    )\n  )\n  .then(() =>\n    resolveAndRunAfterHooks.call(this, scenario.tags, state.feature.name)\n  )\n  .then(() => state.onFinishScenario(scenario));",
              "err": {},
              "uuid": "114add81-43bc-4224-a7f8-a40bd82052fc",
              "parentUUID": "a5cfa9e8-f638-42f3-9eb2-5c945678867b",
              "isHook": false,
              "skipped": false
            },
            {
              "title": "Platform Mod enabled footer content are displayed correctly (example #5)",
              "fullTitle": "International Footer Links Platform Mod enabled footer content are displayed correctly (example #5)",
              "timedOut": null,
              "duration": 4257,
              "state": "passed",
              "speed": "slow",
              "pass": true,
              "fail": false,
              "pending": false,
              "context": null,
              "code": "const state = window.testState;\nreturn cy\n  .then(() => state.onStartScenario(scenario, indexedSteps))\n  .then(() =>\n    resolveAndRunBeforeHooks.call(this, scenario.tags, state.feature.name)\n  )\n  .then(() =>\n    indexedSteps.forEach((step) =>\n      stepTest.call(this, state, step, rowData)\n    )\n  )\n  .then(() =>\n    resolveAndRunAfterHooks.call(this, scenario.tags, state.feature.name)\n  )\n  .then(() => state.onFinishScenario(scenario));",
              "err": {},
              "uuid": "de998a2f-32bb-4988-94a6-f26e8fc69688",
              "parentUUID": "a5cfa9e8-f638-42f3-9eb2-5c945678867b",
              "isHook": false,
              "skipped": false
            },
            {
              "title": "Platform Mod enabled footer content are displayed correctly (example #6)",
              "fullTitle": "International Footer Links Platform Mod enabled footer content are displayed correctly (example #6)",
              "timedOut": null,
              "duration": 5359,
              "state": "passed",
              "speed": "slow",
              "pass": true,
              "fail": false,
              "pending": false,
              "context": null,
              "code": "const state = window.testState;\nreturn cy\n  .then(() => state.onStartScenario(scenario, indexedSteps))\n  .then(() =>\n    resolveAndRunBeforeHooks.call(this, scenario.tags, state.feature.name)\n  )\n  .then(() =>\n    indexedSteps.forEach((step) =>\n      stepTest.call(this, state, step, rowData)\n    )\n  )\n  .then(() =>\n    resolveAndRunAfterHooks.call(this, scenario.tags, state.feature.name)\n  )\n  .then(() => state.onFinishScenario(scenario));",
              "err": {},
              "uuid": "a6c1fb23-20ed-4f2a-b6fa-0aaad28d8063",
              "parentUUID": "a5cfa9e8-f638-42f3-9eb2-5c945678867b",
              "isHook": false,
              "skipped": false
            },
            {
              "title": "Platform Mod enabled footer content are displayed correctly (example #7)",
              "fullTitle": "International Footer Links Platform Mod enabled footer content are displayed correctly (example #7)",
              "timedOut": null,
              "duration": 4138,
              "state": "passed",
              "speed": "slow",
              "pass": true,
              "fail": false,
              "pending": false,
              "context": null,
              "code": "const state = window.testState;\nreturn cy\n  .then(() => state.onStartScenario(scenario, indexedSteps))\n  .then(() =>\n    resolveAndRunBeforeHooks.call(this, scenario.tags, state.feature.name)\n  )\n  .then(() =>\n    indexedSteps.forEach((step) =>\n      stepTest.call(this, state, step, rowData)\n    )\n  )\n  .then(() =>\n    resolveAndRunAfterHooks.call(this, scenario.tags, state.feature.name)\n  )\n  .then(() => state.onFinishScenario(scenario));",
              "err": {},
              "uuid": "3b8c79c4-909a-4bbc-9da8-6bf7d09dd3df",
              "parentUUID": "a5cfa9e8-f638-42f3-9eb2-5c945678867b",
              "isHook": false,
              "skipped": false
            },
            {
              "title": "Platform Mod enabled footer content are displayed correctly (example #8)",
              "fullTitle": "International Footer Links Platform Mod enabled footer content are displayed correctly (example #8)",
              "timedOut": null,
              "duration": 3959,
              "state": "passed",
              "speed": "slow",
              "pass": true,
              "fail": false,
              "pending": false,
              "context": null,
              "code": "const state = window.testState;\nreturn cy\n  .then(() => state.onStartScenario(scenario, indexedSteps))\n  .then(() =>\n    resolveAndRunBeforeHooks.call(this, scenario.tags, state.feature.name)\n  )\n  .then(() =>\n    indexedSteps.forEach((step) =>\n      stepTest.call(this, state, step, rowData)\n    )\n  )\n  .then(() =>\n    resolveAndRunAfterHooks.call(this, scenario.tags, state.feature.name)\n  )\n  .then(() => state.onFinishScenario(scenario));",
              "err": {},
              "uuid": "70bc42ea-96f6-4afe-965c-59e617589911",
              "parentUUID": "a5cfa9e8-f638-42f3-9eb2-5c945678867b",
              "isHook": false,
              "skipped": false
            },
            {
              "title": "Platform Mod enabled footer content are displayed correctly (example #9)",
              "fullTitle": "International Footer Links Platform Mod enabled footer content are displayed correctly (example #9)",
              "timedOut": null,
              "duration": 3855,
              "state": "passed",
              "speed": "slow",
              "pass": true,
              "fail": false,
              "pending": false,
              "context": null,
              "code": "const state = window.testState;\nreturn cy\n  .then(() => state.onStartScenario(scenario, indexedSteps))\n  .then(() =>\n    resolveAndRunBeforeHooks.call(this, scenario.tags, state.feature.name)\n  )\n  .then(() =>\n    indexedSteps.forEach((step) =>\n      stepTest.call(this, state, step, rowData)\n    )\n  )\n  .then(() =>\n    resolveAndRunAfterHooks.call(this, scenario.tags, state.feature.name)\n  )\n  .then(() => state.onFinishScenario(scenario));",
              "err": {},
              "uuid": "de0d7bbf-d0c6-4e19-937c-e8ae50abb570",
              "parentUUID": "a5cfa9e8-f638-42f3-9eb2-5c945678867b",
              "isHook": false,
              "skipped": false
            },
            {
              "title": "Platform Mod enabled footer content are displayed correctly (example #10)",
              "fullTitle": "International Footer Links Platform Mod enabled footer content are displayed correctly (example #10)",
              "timedOut": null,
              "duration": 4967,
              "state": "passed",
              "speed": "slow",
              "pass": true,
              "fail": false,
              "pending": false,
              "context": null,
              "code": "const state = window.testState;\nreturn cy\n  .then(() => state.onStartScenario(scenario, indexedSteps))\n  .then(() =>\n    resolveAndRunBeforeHooks.call(this, scenario.tags, state.feature.name)\n  )\n  .then(() =>\n    indexedSteps.forEach((step) =>\n      stepTest.call(this, state, step, rowData)\n    )\n  )\n  .then(() =>\n    resolveAndRunAfterHooks.call(this, scenario.tags, state.feature.name)\n  )\n  .then(() => state.onFinishScenario(scenario));",
              "err": {},
              "uuid": "2ed867dd-b54c-441e-9d75-8e02764dad77",
              "parentUUID": "a5cfa9e8-f638-42f3-9eb2-5c945678867b",
              "isHook": false,
              "skipped": false
            },
            {
              "title": "Platform Mod enabled footer content are displayed correctly (example #11)",
              "fullTitle": "International Footer Links Platform Mod enabled footer content are displayed correctly (example #11)",
              "timedOut": null,
              "duration": 4567,
              "state": "passed",
              "speed": "slow",
              "pass": true,
              "fail": false,
              "pending": false,
              "context": null,
              "code": "const state = window.testState;\nreturn cy\n  .then(() => state.onStartScenario(scenario, indexedSteps))\n  .then(() =>\n    resolveAndRunBeforeHooks.call(this, scenario.tags, state.feature.name)\n  )\n  .then(() =>\n    indexedSteps.forEach((step) =>\n      stepTest.call(this, state, step, rowData)\n    )\n  )\n  .then(() =>\n    resolveAndRunAfterHooks.call(this, scenario.tags, state.feature.name)\n  )\n  .then(() => state.onFinishScenario(scenario));",
              "err": {},
              "uuid": "7103397d-9a7d-487b-a4d1-504cb912bef2",
              "parentUUID": "a5cfa9e8-f638-42f3-9eb2-5c945678867b",
              "isHook": false,
              "skipped": false
            },
            {
              "title": "Platform Mod enabled footer content are displayed correctly (example #12)",
              "fullTitle": "International Footer Links Platform Mod enabled footer content are displayed correctly (example #12)",
              "timedOut": null,
              "duration": 5262,
              "state": "passed",
              "speed": "slow",
              "pass": true,
              "fail": false,
              "pending": false,
              "context": null,
              "code": "const state = window.testState;\nreturn cy\n  .then(() => state.onStartScenario(scenario, indexedSteps))\n  .then(() =>\n    resolveAndRunBeforeHooks.call(this, scenario.tags, state.feature.name)\n  )\n  .then(() =>\n    indexedSteps.forEach((step) =>\n      stepTest.call(this, state, step, rowData)\n    )\n  )\n  .then(() =>\n    resolveAndRunAfterHooks.call(this, scenario.tags, state.feature.name)\n  )\n  .then(() => state.onFinishScenario(scenario));",
              "err": {},
              "uuid": "2b2c42ca-6a4e-4083-90c2-1b7740ff2102",
              "parentUUID": "a5cfa9e8-f638-42f3-9eb2-5c945678867b",
              "isHook": false,
              "skipped": false
            },
            {
              "title": "Platform Mod enabled footer content are displayed correctly (example #13)",
              "fullTitle": "International Footer Links Platform Mod enabled footer content are displayed correctly (example #13)",
              "timedOut": null,
              "duration": 5148,
              "state": "passed",
              "speed": "slow",
              "pass": true,
              "fail": false,
              "pending": false,
              "context": null,
              "code": "const state = window.testState;\nreturn cy\n  .then(() => state.onStartScenario(scenario, indexedSteps))\n  .then(() =>\n    resolveAndRunBeforeHooks.call(this, scenario.tags, state.feature.name)\n  )\n  .then(() =>\n    indexedSteps.forEach((step) =>\n      stepTest.call(this, state, step, rowData)\n    )\n  )\n  .then(() =>\n    resolveAndRunAfterHooks.call(this, scenario.tags, state.feature.name)\n  )\n  .then(() => state.onFinishScenario(scenario));",
              "err": {},
              "uuid": "50243c4a-0004-4ed3-aae4-4d6bce616482",
              "parentUUID": "a5cfa9e8-f638-42f3-9eb2-5c945678867b",
              "isHook": false,
              "skipped": false
            },
            {
              "title": "Platform Mod enabled footer content are displayed correctly (example #14)",
              "fullTitle": "International Footer Links Platform Mod enabled footer content are displayed correctly (example #14)",
              "timedOut": null,
              "duration": 6211,
              "state": "passed",
              "speed": "slow",
              "pass": true,
              "fail": false,
              "pending": false,
              "context": null,
              "code": "const state = window.testState;\nreturn cy\n  .then(() => state.onStartScenario(scenario, indexedSteps))\n  .then(() =>\n    resolveAndRunBeforeHooks.call(this, scenario.tags, state.feature.name)\n  )\n  .then(() =>\n    indexedSteps.forEach((step) =>\n      stepTest.call(this, state, step, rowData)\n    )\n  )\n  .then(() =>\n    resolveAndRunAfterHooks.call(this, scenario.tags, state.feature.name)\n  )\n  .then(() => state.onFinishScenario(scenario));",
              "err": {},
              "uuid": "a66fe62c-60c3-467c-afb4-7a126e3bc980",
              "parentUUID": "a5cfa9e8-f638-42f3-9eb2-5c945678867b",
              "isHook": false,
              "skipped": false
            },
            {
              "title": "Platform Mod enabled footer content are displayed correctly (example #15)",
              "fullTitle": "International Footer Links Platform Mod enabled footer content are displayed correctly (example #15)",
              "timedOut": null,
              "duration": 3425,
              "state": "passed",
              "speed": "slow",
              "pass": true,
              "fail": false,
              "pending": false,
              "context": null,
              "code": "const state = window.testState;\nreturn cy\n  .then(() => state.onStartScenario(scenario, indexedSteps))\n  .then(() =>\n    resolveAndRunBeforeHooks.call(this, scenario.tags, state.feature.name)\n  )\n  .then(() =>\n    indexedSteps.forEach((step) =>\n      stepTest.call(this, state, step, rowData)\n    )\n  )\n  .then(() =>\n    resolveAndRunAfterHooks.call(this, scenario.tags, state.feature.name)\n  )\n  .then(() => state.onFinishScenario(scenario));",
              "err": {},
              "uuid": "9e8189f9-eaf2-4d92-9b86-0b1401358b27",
              "parentUUID": "a5cfa9e8-f638-42f3-9eb2-5c945678867b",
              "isHook": false,
              "skipped": false
            },
            {
              "title": "Platform Mod enabled footer content are displayed correctly (example #16)",
              "fullTitle": "International Footer Links Platform Mod enabled footer content are displayed correctly (example #16)",
              "timedOut": null,
              "duration": 3632,
              "state": "passed",
              "speed": "slow",
              "pass": true,
              "fail": false,
              "pending": false,
              "context": null,
              "code": "const state = window.testState;\nreturn cy\n  .then(() => state.onStartScenario(scenario, indexedSteps))\n  .then(() =>\n    resolveAndRunBeforeHooks.call(this, scenario.tags, state.feature.name)\n  )\n  .then(() =>\n    indexedSteps.forEach((step) =>\n      stepTest.call(this, state, step, rowData)\n    )\n  )\n  .then(() =>\n    resolveAndRunAfterHooks.call(this, scenario.tags, state.feature.name)\n  )\n  .then(() => state.onFinishScenario(scenario));",
              "err": {},
              "uuid": "89d40cdf-a2ac-4725-9378-34f0c213a6df",
              "parentUUID": "a5cfa9e8-f638-42f3-9eb2-5c945678867b",
              "isHook": false,
              "skipped": false
            },
            {
              "title": "Platform Mod enabled footer content are displayed correctly (example #17)",
              "fullTitle": "International Footer Links Platform Mod enabled footer content are displayed correctly (example #17)",
              "timedOut": null,
              "duration": 4836,
              "state": "passed",
              "speed": "slow",
              "pass": true,
              "fail": false,
              "pending": false,
              "context": null,
              "code": "const state = window.testState;\nreturn cy\n  .then(() => state.onStartScenario(scenario, indexedSteps))\n  .then(() =>\n    resolveAndRunBeforeHooks.call(this, scenario.tags, state.feature.name)\n  )\n  .then(() =>\n    indexedSteps.forEach((step) =>\n      stepTest.call(this, state, step, rowData)\n    )\n  )\n  .then(() =>\n    resolveAndRunAfterHooks.call(this, scenario.tags, state.feature.name)\n  )\n  .then(() => state.onFinishScenario(scenario));",
              "err": {},
              "uuid": "ea9ba78c-a9cf-461f-81c4-4a1795883f78",
              "parentUUID": "a5cfa9e8-f638-42f3-9eb2-5c945678867b",
              "isHook": false,
              "skipped": false
            },
            {
              "title": "Platform Mod enabled footer content are displayed correctly (example #18)",
              "fullTitle": "International Footer Links Platform Mod enabled footer content are displayed correctly (example #18)",
              "timedOut": null,
              "duration": 2485,
              "state": "passed",
              "speed": "slow",
              "pass": true,
              "fail": false,
              "pending": false,
              "context": null,
              "code": "const state = window.testState;\nreturn cy\n  .then(() => state.onStartScenario(scenario, indexedSteps))\n  .then(() =>\n    resolveAndRunBeforeHooks.call(this, scenario.tags, state.feature.name)\n  )\n  .then(() =>\n    indexedSteps.forEach((step) =>\n      stepTest.call(this, state, step, rowData)\n    )\n  )\n  .then(() =>\n    resolveAndRunAfterHooks.call(this, scenario.tags, state.feature.name)\n  )\n  .then(() => state.onFinishScenario(scenario));",
              "err": {},
              "uuid": "73256b02-1a0d-422c-980f-9a8c641e9140",
              "parentUUID": "a5cfa9e8-f638-42f3-9eb2-5c945678867b",
              "isHook": false,
              "skipped": false
            },
            {
              "title": "PlatMod enabled footer content are displayed correctly for duolingo (example #1)",
              "fullTitle": "International Footer Links PlatMod enabled footer content are displayed correctly for duolingo (example #1)",
              "timedOut": null,
              "duration": 9812,
              "state": "passed",
              "speed": "slow",
              "pass": true,
              "fail": false,
              "pending": false,
              "context": null,
              "code": "const state = window.testState;\nreturn cy\n  .then(() => state.onStartScenario(scenario, indexedSteps))\n  .then(() =>\n    resolveAndRunBeforeHooks.call(this, scenario.tags, state.feature.name)\n  )\n  .then(() =>\n    indexedSteps.forEach((step) =>\n      stepTest.call(this, state, step, rowData)\n    )\n  )\n  .then(() =>\n    resolveAndRunAfterHooks.call(this, scenario.tags, state.feature.name)\n  )\n  .then(() => state.onFinishScenario(scenario));",
              "err": {},
              "uuid": "85b72ecc-1cc2-4ff2-96b5-6bb63fb9ccfb",
              "parentUUID": "a5cfa9e8-f638-42f3-9eb2-5c945678867b",
              "isHook": false,
              "skipped": false
            },
            {
              "title": "PlatMod enabled footer content are displayed correctly for duolingo (example #2)",
              "fullTitle": "International Footer Links PlatMod enabled footer content are displayed correctly for duolingo (example #2)",
              "timedOut": null,
              "duration": 7961,
              "state": "passed",
              "speed": "slow",
              "pass": true,
              "fail": false,
              "pending": false,
              "context": null,
              "code": "const state = window.testState;\nreturn cy\n  .then(() => state.onStartScenario(scenario, indexedSteps))\n  .then(() =>\n    resolveAndRunBeforeHooks.call(this, scenario.tags, state.feature.name)\n  )\n  .then(() =>\n    indexedSteps.forEach((step) =>\n      stepTest.call(this, state, step, rowData)\n    )\n  )\n  .then(() =>\n    resolveAndRunAfterHooks.call(this, scenario.tags, state.feature.name)\n  )\n  .then(() => state.onFinishScenario(scenario));",
              "err": {},
              "uuid": "1b0ee440-07f7-4c5d-b228-e24ca7b2b7e1",
              "parentUUID": "a5cfa9e8-f638-42f3-9eb2-5c945678867b",
              "isHook": false,
              "skipped": false
            },
            {
              "title": "PlatMod enabled footer content are displayed correctly for duolingo (example #3)",
              "fullTitle": "International Footer Links PlatMod enabled footer content are displayed correctly for duolingo (example #3)",
              "timedOut": null,
              "duration": 7778,
              "state": "passed",
              "speed": "slow",
              "pass": true,
              "fail": false,
              "pending": false,
              "context": null,
              "code": "const state = window.testState;\nreturn cy\n  .then(() => state.onStartScenario(scenario, indexedSteps))\n  .then(() =>\n    resolveAndRunBeforeHooks.call(this, scenario.tags, state.feature.name)\n  )\n  .then(() =>\n    indexedSteps.forEach((step) =>\n      stepTest.call(this, state, step, rowData)\n    )\n  )\n  .then(() =>\n    resolveAndRunAfterHooks.call(this, scenario.tags, state.feature.name)\n  )\n  .then(() => state.onFinishScenario(scenario));",
              "err": {},
              "uuid": "3afe104e-7a02-434f-8d60-6452f37e5e27",
              "parentUUID": "a5cfa9e8-f638-42f3-9eb2-5c945678867b",
              "isHook": false,
              "skipped": false
            },
            {
              "title": "PlatMod enabled footer content are displayed correctly for duolingo (example #4)",
              "fullTitle": "International Footer Links PlatMod enabled footer content are displayed correctly for duolingo (example #4)",
              "timedOut": null,
              "duration": 8997,
              "state": "passed",
              "speed": "slow",
              "pass": true,
              "fail": false,
              "pending": false,
              "context": null,
              "code": "const state = window.testState;\nreturn cy\n  .then(() => state.onStartScenario(scenario, indexedSteps))\n  .then(() =>\n    resolveAndRunBeforeHooks.call(this, scenario.tags, state.feature.name)\n  )\n  .then(() =>\n    indexedSteps.forEach((step) =>\n      stepTest.call(this, state, step, rowData)\n    )\n  )\n  .then(() =>\n    resolveAndRunAfterHooks.call(this, scenario.tags, state.feature.name)\n  )\n  .then(() => state.onFinishScenario(scenario));",
              "err": {},
              "uuid": "a94f30ac-9d6e-45fa-8469-5b752b237c1c",
              "parentUUID": "a5cfa9e8-f638-42f3-9eb2-5c945678867b",
              "isHook": false,
              "skipped": false
            },
            {
              "title": "PlatMod enabled footer content are displayed correctly for duolingo (example #5)",
              "fullTitle": "International Footer Links PlatMod enabled footer content are displayed correctly for duolingo (example #5)",
              "timedOut": null,
              "duration": 7607,
              "state": "passed",
              "speed": "slow",
              "pass": true,
              "fail": false,
              "pending": false,
              "context": null,
              "code": "const state = window.testState;\nreturn cy\n  .then(() => state.onStartScenario(scenario, indexedSteps))\n  .then(() =>\n    resolveAndRunBeforeHooks.call(this, scenario.tags, state.feature.name)\n  )\n  .then(() =>\n    indexedSteps.forEach((step) =>\n      stepTest.call(this, state, step, rowData)\n    )\n  )\n  .then(() =>\n    resolveAndRunAfterHooks.call(this, scenario.tags, state.feature.name)\n  )\n  .then(() => state.onFinishScenario(scenario));",
              "err": {},
              "uuid": "2af51c14-c405-4014-a494-659a37c16818",
              "parentUUID": "a5cfa9e8-f638-42f3-9eb2-5c945678867b",
              "isHook": false,
              "skipped": false
            },
            {
              "title": "PlatMod enabled footer content are displayed correctly for duolingo (example #6)",
              "fullTitle": "International Footer Links PlatMod enabled footer content are displayed correctly for duolingo (example #6)",
              "timedOut": null,
              "duration": 7787,
              "state": "passed",
              "speed": "slow",
              "pass": true,
              "fail": false,
              "pending": false,
              "context": null,
              "code": "const state = window.testState;\nreturn cy\n  .then(() => state.onStartScenario(scenario, indexedSteps))\n  .then(() =>\n    resolveAndRunBeforeHooks.call(this, scenario.tags, state.feature.name)\n  )\n  .then(() =>\n    indexedSteps.forEach((step) =>\n      stepTest.call(this, state, step, rowData)\n    )\n  )\n  .then(() =>\n    resolveAndRunAfterHooks.call(this, scenario.tags, state.feature.name)\n  )\n  .then(() => state.onFinishScenario(scenario));",
              "err": {},
              "uuid": "3bd30b4c-0da2-4707-91d4-66f97f6c84f8",
              "parentUUID": "a5cfa9e8-f638-42f3-9eb2-5c945678867b",
              "isHook": false,
              "skipped": false
            },
            {
              "title": "PlatMod enabled footer content are displayed correctly for duolingo (example #7)",
              "fullTitle": "International Footer Links PlatMod enabled footer content are displayed correctly for duolingo (example #7)",
              "timedOut": null,
              "duration": 6749,
              "state": "passed",
              "speed": "slow",
              "pass": true,
              "fail": false,
              "pending": false,
              "context": null,
              "code": "const state = window.testState;\nreturn cy\n  .then(() => state.onStartScenario(scenario, indexedSteps))\n  .then(() =>\n    resolveAndRunBeforeHooks.call(this, scenario.tags, state.feature.name)\n  )\n  .then(() =>\n    indexedSteps.forEach((step) =>\n      stepTest.call(this, state, step, rowData)\n    )\n  )\n  .then(() =>\n    resolveAndRunAfterHooks.call(this, scenario.tags, state.feature.name)\n  )\n  .then(() => state.onFinishScenario(scenario));",
              "err": {},
              "uuid": "45f8776a-aadf-47e7-8abd-9f2ef938f571",
              "parentUUID": "a5cfa9e8-f638-42f3-9eb2-5c945678867b",
              "isHook": false,
              "skipped": false
            },
            {
              "title": "PlatMod enabled footer content are displayed correctly for duolingo (example #8)",
              "fullTitle": "International Footer Links PlatMod enabled footer content are displayed correctly for duolingo (example #8)",
              "timedOut": null,
              "duration": 8024,
              "state": "passed",
              "speed": "slow",
              "pass": true,
              "fail": false,
              "pending": false,
              "context": null,
              "code": "const state = window.testState;\nreturn cy\n  .then(() => state.onStartScenario(scenario, indexedSteps))\n  .then(() =>\n    resolveAndRunBeforeHooks.call(this, scenario.tags, state.feature.name)\n  )\n  .then(() =>\n    indexedSteps.forEach((step) =>\n      stepTest.call(this, state, step, rowData)\n    )\n  )\n  .then(() =>\n    resolveAndRunAfterHooks.call(this, scenario.tags, state.feature.name)\n  )\n  .then(() => state.onFinishScenario(scenario));",
              "err": {},
              "uuid": "2de282a8-88ad-4a1d-9d8b-e224b134bff1",
              "parentUUID": "a5cfa9e8-f638-42f3-9eb2-5c945678867b",
              "isHook": false,
              "skipped": false
            },
            {
              "title": "PlatMod enabled footer content are displayed correctly for duolingo (example #9)",
              "fullTitle": "International Footer Links PlatMod enabled footer content are displayed correctly for duolingo (example #9)",
              "timedOut": null,
              "duration": 7218,
              "state": "passed",
              "speed": "slow",
              "pass": true,
              "fail": false,
              "pending": false,
              "context": null,
              "code": "const state = window.testState;\nreturn cy\n  .then(() => state.onStartScenario(scenario, indexedSteps))\n  .then(() =>\n    resolveAndRunBeforeHooks.call(this, scenario.tags, state.feature.name)\n  )\n  .then(() =>\n    indexedSteps.forEach((step) =>\n      stepTest.call(this, state, step, rowData)\n    )\n  )\n  .then(() =>\n    resolveAndRunAfterHooks.call(this, scenario.tags, state.feature.name)\n  )\n  .then(() => state.onFinishScenario(scenario));",
              "err": {},
              "uuid": "570788e8-8835-44cc-827d-0e77be94b812",
              "parentUUID": "a5cfa9e8-f638-42f3-9eb2-5c945678867b",
              "isHook": false,
              "skipped": false
            },
            {
              "title": "PlatMod enabled footer all pages (example #1)",
              "fullTitle": "International Footer Links PlatMod enabled footer all pages (example #1)",
              "timedOut": null,
              "duration": 51254,
              "state": "passed",
              "speed": "slow",
              "pass": true,
              "fail": false,
              "pending": false,
              "context": null,
              "code": "const state = window.testState;\nreturn cy\n  .then(() => state.onStartScenario(scenario, indexedSteps))\n  .then(() =>\n    resolveAndRunBeforeHooks.call(this, scenario.tags, state.feature.name)\n  )\n  .then(() =>\n    indexedSteps.forEach((step) =>\n      stepTest.call(this, state, step, rowData)\n    )\n  )\n  .then(() =>\n    resolveAndRunAfterHooks.call(this, scenario.tags, state.feature.name)\n  )\n  .then(() => state.onFinishScenario(scenario));",
              "err": {},
              "uuid": "dfbdba07-a99b-4aa8-8050-6ed94b9363a3",
              "parentUUID": "a5cfa9e8-f638-42f3-9eb2-5c945678867b",
              "isHook": false,
              "skipped": false
            },
            {
              "title": "PlatMod enabled footer all pages (example #2)",
              "fullTitle": "International Footer Links PlatMod enabled footer all pages (example #2)",
              "timedOut": null,
              "duration": 58998,
              "state": "passed",
              "speed": "slow",
              "pass": true,
              "fail": false,
              "pending": false,
              "context": null,
              "code": "const state = window.testState;\nreturn cy\n  .then(() => state.onStartScenario(scenario, indexedSteps))\n  .then(() =>\n    resolveAndRunBeforeHooks.call(this, scenario.tags, state.feature.name)\n  )\n  .then(() =>\n    indexedSteps.forEach((step) =>\n      stepTest.call(this, state, step, rowData)\n    )\n  )\n  .then(() =>\n    resolveAndRunAfterHooks.call(this, scenario.tags, state.feature.name)\n  )\n  .then(() => state.onFinishScenario(scenario));",
              "err": {},
              "uuid": "7630b554-2ce6-4013-b0c1-149ab3ac480c",
              "parentUUID": "a5cfa9e8-f638-42f3-9eb2-5c945678867b",
              "isHook": false,
              "skipped": false
            },
            {
              "title": "PlatMod enabled footer all pages (example #3)",
              "fullTitle": "International Footer Links PlatMod enabled footer all pages (example #3)",
              "timedOut": null,
              "duration": 61781,
              "state": "passed",
              "speed": "slow",
              "pass": true,
              "fail": false,
              "pending": false,
              "context": null,
              "code": "const state = window.testState;\nreturn cy\n  .then(() => state.onStartScenario(scenario, indexedSteps))\n  .then(() =>\n    resolveAndRunBeforeHooks.call(this, scenario.tags, state.feature.name)\n  )\n  .then(() =>\n    indexedSteps.forEach((step) =>\n      stepTest.call(this, state, step, rowData)\n    )\n  )\n  .then(() =>\n    resolveAndRunAfterHooks.call(this, scenario.tags, state.feature.name)\n  )\n  .then(() => state.onFinishScenario(scenario));",
              "err": {},
              "uuid": "a16b9929-034c-4186-9bdd-4dc17294c33e",
              "parentUUID": "a5cfa9e8-f638-42f3-9eb2-5c945678867b",
              "isHook": false,
              "skipped": false
            },
            {
              "title": "PlatMod enabled footer all pages (example #4)",
              "fullTitle": "International Footer Links PlatMod enabled footer all pages (example #4)",
              "timedOut": null,
              "duration": 150189,
              "state": "passed",
              "speed": "slow",
              "pass": true,
              "fail": false,
              "pending": false,
              "context": null,
              "code": "const state = window.testState;\nreturn cy\n  .then(() => state.onStartScenario(scenario, indexedSteps))\n  .then(() =>\n    resolveAndRunBeforeHooks.call(this, scenario.tags, state.feature.name)\n  )\n  .then(() =>\n    indexedSteps.forEach((step) =>\n      stepTest.call(this, state, step, rowData)\n    )\n  )\n  .then(() =>\n    resolveAndRunAfterHooks.call(this, scenario.tags, state.feature.name)\n  )\n  .then(() => state.onFinishScenario(scenario));",
              "err": {},
              "uuid": "33718203-4b8d-4895-b280-8cb0786b5450",
              "parentUUID": "a5cfa9e8-f638-42f3-9eb2-5c945678867b",
              "isHook": false,
              "skipped": false
            },
            {
              "title": "PlatMod enabled footer all pages (example #5)",
              "fullTitle": "International Footer Links PlatMod enabled footer all pages (example #5)",
              "timedOut": null,
              "duration": 299306,
              "state": "passed",
              "speed": "slow",
              "pass": true,
              "fail": false,
              "pending": false,
              "context": null,
              "code": "const state = window.testState;\nreturn cy\n  .then(() => state.onStartScenario(scenario, indexedSteps))\n  .then(() =>\n    resolveAndRunBeforeHooks.call(this, scenario.tags, state.feature.name)\n  )\n  .then(() =>\n    indexedSteps.forEach((step) =>\n      stepTest.call(this, state, step, rowData)\n    )\n  )\n  .then(() =>\n    resolveAndRunAfterHooks.call(this, scenario.tags, state.feature.name)\n  )\n  .then(() => state.onFinishScenario(scenario));",
              "err": {},
              "uuid": "f5be1968-d7c1-4c6e-9eb9-5d8eefd9bfa1",
              "parentUUID": "a5cfa9e8-f638-42f3-9eb2-5c945678867b",
              "isHook": false,
              "skipped": false
            }
          ],
          "suites": [],
          "passes": [
            "268353eb-f738-40a9-8068-54a6a48706db",
            "c9cce86c-a123-4b10-97bb-827967b6cac7",
            "2570bef4-e3db-4ee3-9d9b-6fc80cc92b0e",
            "114add81-43bc-4224-a7f8-a40bd82052fc",
            "de998a2f-32bb-4988-94a6-f26e8fc69688",
            "a6c1fb23-20ed-4f2a-b6fa-0aaad28d8063",
            "3b8c79c4-909a-4bbc-9da8-6bf7d09dd3df",
            "70bc42ea-96f6-4afe-965c-59e617589911",
            "de0d7bbf-d0c6-4e19-937c-e8ae50abb570",
            "2ed867dd-b54c-441e-9d75-8e02764dad77",
            "7103397d-9a7d-487b-a4d1-504cb912bef2",
            "2b2c42ca-6a4e-4083-90c2-1b7740ff2102",
            "50243c4a-0004-4ed3-aae4-4d6bce616482",
            "a66fe62c-60c3-467c-afb4-7a126e3bc980",
            "9e8189f9-eaf2-4d92-9b86-0b1401358b27",
            "89d40cdf-a2ac-4725-9378-34f0c213a6df",
            "ea9ba78c-a9cf-461f-81c4-4a1795883f78",
            "73256b02-1a0d-422c-980f-9a8c641e9140",
            "85b72ecc-1cc2-4ff2-96b5-6bb63fb9ccfb",
            "1b0ee440-07f7-4c5d-b228-e24ca7b2b7e1",
            "3afe104e-7a02-434f-8d60-6452f37e5e27",
            "a94f30ac-9d6e-45fa-8469-5b752b237c1c",
            "2af51c14-c405-4014-a494-659a37c16818",
            "3bd30b4c-0da2-4707-91d4-66f97f6c84f8",
            "45f8776a-aadf-47e7-8abd-9f2ef938f571",
            "2de282a8-88ad-4a1d-9d8b-e224b134bff1",
            "570788e8-8835-44cc-827d-0e77be94b812",
            "dfbdba07-a99b-4aa8-8050-6ed94b9363a3",
            "7630b554-2ce6-4013-b0c1-149ab3ac480c",
            "a16b9929-034c-4186-9bdd-4dc17294c33e",
            "33718203-4b8d-4895-b280-8cb0786b5450",
            "f5be1968-d7c1-4c6e-9eb9-5d8eefd9bfa1"
          ],
          "failures": [],
          "pending": [],
          "skipped": [],
          "duration": 774136,
          "root": false,
          "rootEmpty": false,
          "_timeout": 2000
        }
      ],
      "passes": [],
      "failures": [],
      "pending": [],
      "skipped": [],
      "duration": 0,
      "root": true,
      "rootEmpty": true,
      "_timeout": 2000
    },
    {
      "uuid": "fac94bdc-95ee-4545-9517-28ae65b59523",
      "title": "",
      "fullFile": "cypress\\integration\\feature\\next\\common\\desktop\\cmDesktopNextFranchise.feature",
      "file": "cypress\\integration\\feature\\next\\common\\desktop\\cmDesktopNextFranchise.feature",
      "beforeHooks": [],
      "afterHooks": [],
      "tests": [],
      "suites": [
        {
          "uuid": "2d8ff045-0395-439d-855f-4dc4995d8431",
          "title": "Platform Mod International Site Guide",
          "fullFile": "",
          "file": "",
          "beforeHooks": [],
          "afterHooks": [],
          "tests": [
            {
              "title": "Platform Mod Check Next Franchise Page is Displayed (example #1)",
              "fullTitle": "Platform Mod International Site Guide Platform Mod Check Next Franchise Page is Displayed (example #1)",
              "timedOut": null,
              "duration": 4091,
              "state": "passed",
              "speed": "slow",
              "pass": true,
              "fail": false,
              "pending": false,
              "context": null,
              "code": "const state = window.testState;\nreturn cy\n  .then(() => state.onStartScenario(scenario, indexedSteps))\n  .then(() =>\n    resolveAndRunBeforeHooks.call(this, scenario.tags, state.feature.name)\n  )\n  .then(() =>\n    indexedSteps.forEach((step) =>\n      stepTest.call(this, state, step, rowData)\n    )\n  )\n  .then(() =>\n    resolveAndRunAfterHooks.call(this, scenario.tags, state.feature.name)\n  )\n  .then(() => state.onFinishScenario(scenario));",
              "err": {},
              "uuid": "ccb28fc3-7bdc-4eb6-84ad-3666c105b607",
              "parentUUID": "2d8ff045-0395-439d-855f-4dc4995d8431",
              "isHook": false,
              "skipped": false
            },
            {
              "title": "Platform Mod Check Next Franchise Page is Displayed (example #2)",
              "fullTitle": "Platform Mod International Site Guide Platform Mod Check Next Franchise Page is Displayed (example #2)",
              "timedOut": null,
              "duration": 4666,
              "state": "passed",
              "speed": "slow",
              "pass": true,
              "fail": false,
              "pending": false,
              "context": null,
              "code": "const state = window.testState;\nreturn cy\n  .then(() => state.onStartScenario(scenario, indexedSteps))\n  .then(() =>\n    resolveAndRunBeforeHooks.call(this, scenario.tags, state.feature.name)\n  )\n  .then(() =>\n    indexedSteps.forEach((step) =>\n      stepTest.call(this, state, step, rowData)\n    )\n  )\n  .then(() =>\n    resolveAndRunAfterHooks.call(this, scenario.tags, state.feature.name)\n  )\n  .then(() => state.onFinishScenario(scenario));",
              "err": {},
              "uuid": "183fd7bb-17e8-4133-963f-45e61e3d4780",
              "parentUUID": "2d8ff045-0395-439d-855f-4dc4995d8431",
              "isHook": false,
              "skipped": false
            },
            {
              "title": "Platform Mod Check Next Franchise Page is Displayed (example #3)",
              "fullTitle": "Platform Mod International Site Guide Platform Mod Check Next Franchise Page is Displayed (example #3)",
              "timedOut": null,
              "duration": 3681,
              "state": "passed",
              "speed": "slow",
              "pass": true,
              "fail": false,
              "pending": false,
              "context": null,
              "code": "const state = window.testState;\nreturn cy\n  .then(() => state.onStartScenario(scenario, indexedSteps))\n  .then(() =>\n    resolveAndRunBeforeHooks.call(this, scenario.tags, state.feature.name)\n  )\n  .then(() =>\n    indexedSteps.forEach((step) =>\n      stepTest.call(this, state, step, rowData)\n    )\n  )\n  .then(() =>\n    resolveAndRunAfterHooks.call(this, scenario.tags, state.feature.name)\n  )\n  .then(() => state.onFinishScenario(scenario));",
              "err": {},
              "uuid": "39933638-306c-4e47-949c-fb8a38fd2979",
              "parentUUID": "2d8ff045-0395-439d-855f-4dc4995d8431",
              "isHook": false,
              "skipped": false
            },
            {
              "title": "Platform Mod Check Next Franchise Page is Displayed (example #4)",
              "fullTitle": "Platform Mod International Site Guide Platform Mod Check Next Franchise Page is Displayed (example #4)",
              "timedOut": null,
              "duration": 3334,
              "state": "passed",
              "speed": "slow",
              "pass": true,
              "fail": false,
              "pending": false,
              "context": null,
              "code": "const state = window.testState;\nreturn cy\n  .then(() => state.onStartScenario(scenario, indexedSteps))\n  .then(() =>\n    resolveAndRunBeforeHooks.call(this, scenario.tags, state.feature.name)\n  )\n  .then(() =>\n    indexedSteps.forEach((step) =>\n      stepTest.call(this, state, step, rowData)\n    )\n  )\n  .then(() =>\n    resolveAndRunAfterHooks.call(this, scenario.tags, state.feature.name)\n  )\n  .then(() => state.onFinishScenario(scenario));",
              "err": {},
              "uuid": "546d6baf-c18c-41b8-bce3-e930256ee5fd",
              "parentUUID": "2d8ff045-0395-439d-855f-4dc4995d8431",
              "isHook": false,
              "skipped": false
            },
            {
              "title": "Platform Mod Check Next Franchise Page is Displayed (example #5)",
              "fullTitle": "Platform Mod International Site Guide Platform Mod Check Next Franchise Page is Displayed (example #5)",
              "timedOut": null,
              "duration": 3503,
              "state": "passed",
              "speed": "slow",
              "pass": true,
              "fail": false,
              "pending": false,
              "context": null,
              "code": "const state = window.testState;\nreturn cy\n  .then(() => state.onStartScenario(scenario, indexedSteps))\n  .then(() =>\n    resolveAndRunBeforeHooks.call(this, scenario.tags, state.feature.name)\n  )\n  .then(() =>\n    indexedSteps.forEach((step) =>\n      stepTest.call(this, state, step, rowData)\n    )\n  )\n  .then(() =>\n    resolveAndRunAfterHooks.call(this, scenario.tags, state.feature.name)\n  )\n  .then(() => state.onFinishScenario(scenario));",
              "err": {},
              "uuid": "74b2b9f2-8b18-43a9-93b7-8eef1a83e6be",
              "parentUUID": "2d8ff045-0395-439d-855f-4dc4995d8431",
              "isHook": false,
              "skipped": false
            },
            {
              "title": "Platform Mod Check Next Franchise Page is Displayed (example #6)",
              "fullTitle": "Platform Mod International Site Guide Platform Mod Check Next Franchise Page is Displayed (example #6)",
              "timedOut": null,
              "duration": 3786,
              "state": "passed",
              "speed": "slow",
              "pass": true,
              "fail": false,
              "pending": false,
              "context": null,
              "code": "const state = window.testState;\nreturn cy\n  .then(() => state.onStartScenario(scenario, indexedSteps))\n  .then(() =>\n    resolveAndRunBeforeHooks.call(this, scenario.tags, state.feature.name)\n  )\n  .then(() =>\n    indexedSteps.forEach((step) =>\n      stepTest.call(this, state, step, rowData)\n    )\n  )\n  .then(() =>\n    resolveAndRunAfterHooks.call(this, scenario.tags, state.feature.name)\n  )\n  .then(() => state.onFinishScenario(scenario));",
              "err": {},
              "uuid": "4c49d04a-f422-4413-8321-4fb6ffd15d71",
              "parentUUID": "2d8ff045-0395-439d-855f-4dc4995d8431",
              "isHook": false,
              "skipped": false
            },
            {
              "title": "Platform Mod Check Next Franchise Page is Displayed (example #7)",
              "fullTitle": "Platform Mod International Site Guide Platform Mod Check Next Franchise Page is Displayed (example #7)",
              "timedOut": null,
              "duration": 2739,
              "state": "passed",
              "speed": "slow",
              "pass": true,
              "fail": false,
              "pending": false,
              "context": null,
              "code": "const state = window.testState;\nreturn cy\n  .then(() => state.onStartScenario(scenario, indexedSteps))\n  .then(() =>\n    resolveAndRunBeforeHooks.call(this, scenario.tags, state.feature.name)\n  )\n  .then(() =>\n    indexedSteps.forEach((step) =>\n      stepTest.call(this, state, step, rowData)\n    )\n  )\n  .then(() =>\n    resolveAndRunAfterHooks.call(this, scenario.tags, state.feature.name)\n  )\n  .then(() => state.onFinishScenario(scenario));",
              "err": {},
              "uuid": "56c15890-9239-4a26-8367-cef938cc452f",
              "parentUUID": "2d8ff045-0395-439d-855f-4dc4995d8431",
              "isHook": false,
              "skipped": false
            },
            {
              "title": "Platform Mod Check Next Franchise Page is Displayed (example #8)",
              "fullTitle": "Platform Mod International Site Guide Platform Mod Check Next Franchise Page is Displayed (example #8)",
              "timedOut": null,
              "duration": 2985,
              "state": "passed",
              "speed": "slow",
              "pass": true,
              "fail": false,
              "pending": false,
              "context": null,
[...]
              "pending": false,
              "context": null,
              "code": "const state = window.testState;\nreturn cy\n  .then(() => state.onStartScenario(scenario, indexedSteps))\n  .then(() =>\n    resolveAndRunBeforeHooks.call(this, scenario.tags, state.feature.name)\n  )\n  .then(() =>\n    indexedSteps.forEach((step) =>\n      stepTest.call(this, state, step, rowData)\n    )\n  )\n  .then(() =>\n    resolveAndRunAfterHooks.call(this, scenario.tags, state.feature.name)\n  )\n  .then(() => state.onFinishScenario(scenario));",
              "err": {},
              "uuid": "04998e1a-53f5-4f5a-929a-f2481fffdbf4",
              "parentUUID": "5e065b8f-d983-4fd6-b9b1-0a52427d973a",
              "isHook": false,
              "skipped": false
            },
            {
              "title": "Platform Mod Check Terms and Conditions Page is Displayed (example #11)",
              "fullTitle": "Platform Mod International Terms and Conditions Platform Mod Check Terms and Conditions Page is Displayed (example #11)",
              "timedOut": null,
              "duration": 4278,
              "state": "passed",
              "speed": "slow",
              "pass": true,
              "fail": false,
              "pending": false,
              "context": null,
              "code": "const state = window.testState;\nreturn cy\n  .then(() => state.onStartScenario(scenario, indexedSteps))\n  .then(() =>\n    resolveAndRunBeforeHooks.call(this, scenario.tags, state.feature.name)\n  )\n  .then(() =>\n    indexedSteps.forEach((step) =>\n      stepTest.call(this, state, step, rowData)\n    )\n  )\n  .then(() =>\n    resolveAndRunAfterHooks.call(this, scenario.tags, state.feature.name)\n  )\n  .then(() => state.onFinishScenario(scenario));",
              "err": {},
              "uuid": "0b617541-66ce-4078-b7ce-ca34c98bacad",
              "parentUUID": "5e065b8f-d983-4fd6-b9b1-0a52427d973a",
              "isHook": false,
              "skipped": false
            },
            {
              "title": "Platform Mod Check Terms and Conditions Page is Displayed (example #12)",
              "fullTitle": "Platform Mod International Terms and Conditions Platform Mod Check Terms and Conditions Page is Displayed (example #12)",
              "timedOut": null,
              "duration": 4906,
              "state": "passed",
              "speed": "slow",
              "pass": true,
              "fail": false,
              "pending": false,
              "context": null,
              "code": "const state = window.testState;\nreturn cy\n  .then(() => state.onStartScenario(scenario, indexedSteps))\n  .then(() =>\n    resolveAndRunBeforeHooks.call(this, scenario.tags, state.feature.name)\n  )\n  .then(() =>\n    indexedSteps.forEach((step) =>\n      stepTest.call(this, state, step, rowData)\n    )\n  )\n  .then(() =>\n    resolveAndRunAfterHooks.call(this, scenario.tags, state.feature.name)\n  )\n  .then(() => state.onFinishScenario(scenario));",
              "err": {},
              "uuid": "5aabd5d4-26cd-49d5-b4cc-55d1de28c4e0",
              "parentUUID": "5e065b8f-d983-4fd6-b9b1-0a52427d973a",
              "isHook": false,
              "skipped": false
            },
            {
              "title": "Platform Mod Check Terms and Conditions Page is Displayed (example #13)",
              "fullTitle": "Platform Mod International Terms and Conditions Platform Mod Check Terms and Conditions Page is Displayed (example #13)",
              "timedOut": null,
              "duration": 5542,
              "state": "passed",
              "speed": "slow",
              "pass": true,
              "fail": false,
              "pending": false,
              "context": null,
              "code": "const state = window.testState;\nreturn cy\n  .then(() => state.onStartScenario(scenario, indexedSteps))\n  .then(() =>\n    resolveAndRunBeforeHooks.call(this, scenario.tags, state.feature.name)\n  )\n  .then(() =>\n    indexedSteps.forEach((step) =>\n      stepTest.call(this, state, step, rowData)\n    )\n  )\n  .then(() =>\n    resolveAndRunAfterHooks.call(this, scenario.tags, state.feature.name)\n  )\n  .then(() => state.onFinishScenario(scenario));",
              "err": {},
              "uuid": "31eed735-a37e-47db-a001-0e8ae3f334e6",
              "parentUUID": "5e065b8f-d983-4fd6-b9b1-0a52427d973a",
              "isHook": false,
              "skipped": false
            },
            {
              "title": "Platform Mod Check Terms and Conditions Page is Displayed (example #14)",
              "fullTitle": "Platform Mod International Terms and Conditions Platform Mod Check Terms and Conditions Page is Displayed (example #14)",
              "timedOut": null,
              "duration": 3548,
              "state": "passed",
              "speed": "slow",
              "pass": true,
              "fail": false,
              "pending": false,
              "context": null,
              "code": "const state = window.testState;\nreturn cy\n  .then(() => state.onStartScenario(scenario, indexedSteps))\n  .then(() =>\n    resolveAndRunBeforeHooks.call(this, scenario.tags, state.feature.name)\n  )\n  .then(() =>\n    indexedSteps.forEach((step) =>\n      stepTest.call(this, state, step, rowData)\n    )\n  )\n  .then(() =>\n    resolveAndRunAfterHooks.call(this, scenario.tags, state.feature.name)\n  )\n  .then(() => state.onFinishScenario(scenario));",
              "err": {},
              "uuid": "05b03f8b-2cda-44c6-ad4b-0cc72665af1e",
              "parentUUID": "5e065b8f-d983-4fd6-b9b1-0a52427d973a",
              "isHook": false,
              "skipped": false
            },
            {
              "title": "Platform Mod Check Terms and Conditions Page is Displayed (example #15)",
              "fullTitle": "Platform Mod International Terms and Conditions Platform Mod Check Terms and Conditions Page is Displayed (example #15)",
              "timedOut": null,
              "duration": 3309,
              "state": "passed",
              "speed": "slow",
              "pass": true,
              "fail": false,
              "pending": false,
              "context": null,
              "code": "const state = window.testState;\nreturn cy\n  .then(() => state.onStartScenario(scenario, indexedSteps))\n  .then(() =>\n    resolveAndRunBeforeHooks.call(this, scenario.tags, state.feature.name)\n  )\n  .then(() =>\n    indexedSteps.forEach((step) =>\n      stepTest.call(this, state, step, rowData)\n    )\n  )\n  .then(() =>\n    resolveAndRunAfterHooks.call(this, scenario.tags, state.feature.name)\n  )\n  .then(() => state.onFinishScenario(scenario));",
              "err": {},
              "uuid": "1ef4c5ca-8d71-46a7-adc4-02301b449e3c",
              "parentUUID": "5e065b8f-d983-4fd6-b9b1-0a52427d973a",
              "isHook": false,
              "skipped": false
            },
            {
              "title": "Platform Mod Check Terms and Conditions Page is Displayed (example #16)",
              "fullTitle": "Platform Mod International Terms and Conditions Platform Mod Check Terms and Conditions Page is Displayed (example #16)",
              "timedOut": null,
              "duration": 3641,
              "state": "passed",
              "speed": "slow",
              "pass": true,
              "fail": false,
              "pending": false,
              "context": null,
              "code": "const state = window.testState;\nreturn cy\n  .then(() => state.onStartScenario(scenario, indexedSteps))\n  .then(() =>\n    resolveAndRunBeforeHooks.call(this, scenario.tags, state.feature.name)\n  )\n  .then(() =>\n    indexedSteps.forEach((step) =>\n      stepTest.call(this, state, step, rowData)\n    )\n  )\n  .then(() =>\n    resolveAndRunAfterHooks.call(this, scenario.tags, state.feature.name)\n  )\n  .then(() => state.onFinishScenario(scenario));",
              "err": {},
              "uuid": "888278a8-defb-4cf8-9678-dcb365ef49b7",
              "parentUUID": "5e065b8f-d983-4fd6-b9b1-0a52427d973a",
              "isHook": false,
              "skipped": false
            },
            {
              "title": "Platform Mod Check Terms and Conditions Page is Displayed (example #17)",
              "fullTitle": "Platform Mod International Terms and Conditions Platform Mod Check Terms and Conditions Page is Displayed (example #17)",
              "timedOut": null,
              "duration": 4507,
              "state": "passed",
              "speed": "slow",
              "pass": true,
              "fail": false,
              "pending": false,
              "context": null,
              "code": "const state = window.testState;\nreturn cy\n  .then(() => state.onStartScenario(scenario, indexedSteps))\n  .then(() =>\n    resolveAndRunBeforeHooks.call(this, scenario.tags, state.feature.name)\n  )\n  .then(() =>\n    indexedSteps.forEach((step) =>\n      stepTest.call(this, state, step, rowData)\n    )\n  )\n  .then(() =>\n    resolveAndRunAfterHooks.call(this, scenario.tags, state.feature.name)\n  )\n  .then(() => state.onFinishScenario(scenario));",
              "err": {},
              "uuid": "de5013eb-3745-4060-8fd9-17a0d7064ef1",
              "parentUUID": "5e065b8f-d983-4fd6-b9b1-0a52427d973a",
              "isHook": false,
              "skipped": false
            },
            {
              "title": "Platform Mod Check Terms and Conditions Page is Displayed (example #18)",
              "fullTitle": "Platform Mod International Terms and Conditions Platform Mod Check Terms and Conditions Page is Displayed (example #18)",
              "timedOut": null,
              "duration": 4860,
              "state": "passed",
              "speed": "slow",
              "pass": true,
              "fail": false,
              "pending": false,
              "context": null,
              "code": "const state = window.testState;\nreturn cy\n  .then(() => state.onStartScenario(scenario, indexedSteps))\n  .then(() =>\n    resolveAndRunBeforeHooks.call(this, scenario.tags, state.feature.name)\n  )\n  .then(() =>\n    indexedSteps.forEach((step) =>\n      stepTest.call(this, state, step, rowData)\n    )\n  )\n  .then(() =>\n    resolveAndRunAfterHooks.call(this, scenario.tags, state.feature.name)\n  )\n  .then(() => state.onFinishScenario(scenario));",
              "err": {},
              "uuid": "e4bf7f6d-2782-436a-8b2a-c8ac7a6cd3be",
              "parentUUID": "5e065b8f-d983-4fd6-b9b1-0a52427d973a",
              "isHook": false,
              "skipped": false
            },
            {
              "title": "Platform Mod Check Terms and Conditions Page is Displayed (example #19)",
              "fullTitle": "Platform Mod International Terms and Conditions Platform Mod Check Terms and Conditions Page is Displayed (example #19)",
              "timedOut": null,
              "duration": 3208,
              "state": "passed",
              "speed": "slow",
              "pass": true,
              "fail": false,
              "pending": false,
              "context": null,
              "code": "const state = window.testState;\nreturn cy\n  .then(() => state.onStartScenario(scenario, indexedSteps))\n  .then(() =>\n    resolveAndRunBeforeHooks.call(this, scenario.tags, state.feature.name)\n  )\n  .then(() =>\n    indexedSteps.forEach((step) =>\n      stepTest.call(this, state, step, rowData)\n    )\n  )\n  .then(() =>\n    resolveAndRunAfterHooks.call(this, scenario.tags, state.feature.name)\n  )\n  .then(() => state.onFinishScenario(scenario));",
              "err": {},
              "uuid": "9d356a2d-6095-4a5b-94f9-8d98a5279841",
              "parentUUID": "5e065b8f-d983-4fd6-b9b1-0a52427d973a",
              "isHook": false,
              "skipped": false
            },
            {
              "title": "Platform Mod Check Terms and Conditions Page is Displayed (example #20)",
              "fullTitle": "Platform Mod International Terms and Conditions Platform Mod Check Terms and Conditions Page is Displayed (example #20)",
              "timedOut": null,
              "duration": 3398,
              "state": "passed",
              "speed": "slow",
              "pass": true,
              "fail": false,
              "pending": false,
              "context": null,
              "code": "const state = window.testState;\nreturn cy\n  .then(() => state.onStartScenario(scenario, indexedSteps))\n  .then(() =>\n    resolveAndRunBeforeHooks.call(this, scenario.tags, state.feature.name)\n  )\n  .then(() =>\n    indexedSteps.forEach((step) =>\n      stepTest.call(this, state, step, rowData)\n    )\n  )\n  .then(() =>\n    resolveAndRunAfterHooks.call(this, scenario.tags, state.feature.name)\n  )\n  .then(() => state.onFinishScenario(scenario));",
              "err": {},
              "uuid": "87184deb-af29-4675-8aab-137935982a07",
              "parentUUID": "5e065b8f-d983-4fd6-b9b1-0a52427d973a",
              "isHook": false,
              "skipped": false
            },
            {
              "title": "Platform Mod Check Terms and Conditions Page is Displayed (example #21)",
              "fullTitle": "Platform Mod International Terms and Conditions Platform Mod Check Terms and Conditions Page is Displayed (example #21)",
              "timedOut": null,
              "duration": 4066,
              "state": "passed",
              "speed": "slow",
              "pass": true,
              "fail": false,
              "pending": false,
              "context": null,
              "code": "const state = window.testState;\nreturn cy\n  .then(() => state.onStartScenario(scenario, indexedSteps))\n  .then(() =>\n    resolveAndRunBeforeHooks.call(this, scenario.tags, state.feature.name)\n  )\n  .then(() =>\n    indexedSteps.forEach((step) =>\n      stepTest.call(this, state, step, rowData)\n    )\n  )\n  .then(() =>\n    resolveAndRunAfterHooks.call(this, scenario.tags, state.feature.name)\n  )\n  .then(() => state.onFinishScenario(scenario));",
              "err": {},
              "uuid": "0408462e-04d5-4a2b-a81c-626207a03f08",
              "parentUUID": "5e065b8f-d983-4fd6-b9b1-0a52427d973a",
              "isHook": false,
              "skipped": false
            },
            {
              "title": "Platform Mod Check Terms and Conditions Page is Displayed (example #22)",
              "fullTitle": "Platform Mod International Terms and Conditions Platform Mod Check Terms and Conditions Page is Displayed (example #22)",
              "timedOut": null,
              "duration": 2671,
              "state": "passed",
              "speed": "slow",
              "pass": true,
              "fail": false,
              "pending": false,
              "context": null,
              "code": "const state = window.testState;\nreturn cy\n  .then(() => state.onStartScenario(scenario, indexedSteps))\n  .then(() =>\n    resolveAndRunBeforeHooks.call(this, scenario.tags, state.feature.name)\n  )\n  .then(() =>\n    indexedSteps.forEach((step) =>\n      stepTest.call(this, state, step, rowData)\n    )\n  )\n  .then(() =>\n    resolveAndRunAfterHooks.call(this, scenario.tags, state.feature.name)\n  )\n  .then(() => state.onFinishScenario(scenario));",
              "err": {},
              "uuid": "f68a3d13-0f75-4bfb-af25-9678c4bc2827",
              "parentUUID": "5e065b8f-d983-4fd6-b9b1-0a52427d973a",
              "isHook": false,
              "skipped": false
            }
          ],
          "suites": [],
          "passes": [
            "03c41017-6849-4968-b32b-600beb16f7b1",
            "e9d9cca2-042d-44d8-a89e-2b599d480a25",
            "836dcbed-7a06-49c8-9937-699e367476ca",
            "c6d78f63-945f-4c29-bb3b-a86ceae5232d",
            "e7317f1a-a279-4dd3-ae97-a911471f113b",
            "5ae4d72b-3b3a-45d3-b0e9-4eb94c8b6ffd",
            "9cef13c1-28d4-44b4-b992-4b374f78b5a2",
            "12b02193-bd94-46f4-9bea-ef9026add363",
            "9c87ff92-1c29-4bf2-a4a9-5289bd18792c",
            "04998e1a-53f5-4f5a-929a-f2481fffdbf4",
            "0b617541-66ce-4078-b7ce-ca34c98bacad",
            "5aabd5d4-26cd-49d5-b4cc-55d1de28c4e0",
            "31eed735-a37e-47db-a001-0e8ae3f334e6",
            "05b03f8b-2cda-44c6-ad4b-0cc72665af1e",
            "1ef4c5ca-8d71-46a7-adc4-02301b449e3c",
            "888278a8-defb-4cf8-9678-dcb365ef49b7",
            "de5013eb-3745-4060-8fd9-17a0d7064ef1",
            "e4bf7f6d-2782-436a-8b2a-c8ac7a6cd3be",
            "9d356a2d-6095-4a5b-94f9-8d98a5279841",
            "87184deb-af29-4675-8aab-137935982a07",
            "0408462e-04d5-4a2b-a81c-626207a03f08",
            "f68a3d13-0f75-4bfb-af25-9678c4bc2827"
          ],
          "failures": [],
          "pending": [],
          "skipped": [],
          "duration": 85101,
          "root": false,
          "rootEmpty": false,
          "_timeout": 2000
        }
      ],
      "passes": [],
      "failures": [],
      "pending": [],
      "skipped": [],
      "duration": 0,
      "root": true,
      "rootEmpty": true,
      "_timeout": 2000
    },
    {
      "uuid": "83bb8a22-0336-40f2-bc80-19b7beb35700",
      "title": "",
      "fullFile": "cypress\\integration\\feature\\next\\common\\desktop\\cmDesktopCareersAtNext.feature",
      "file": "cypress\\integration\\feature\\next\\common\\desktop\\cmDesktopCareersAtNext.feature",
      "beforeHooks": [],
      "afterHooks": [],
      "tests": [],
      "suites": [
        {
          "uuid": "3da1d63e-17c0-4ae4-935c-8109ea3d6c0d",
          "title": "Platform Mod International Careers@next",
          "fullFile": "",
          "file": "",
          "beforeHooks": [],
          "afterHooks": [],
          "tests": [
            {
              "title": "Platform Mod Check Careers@next Page is Displayed",
              "fullTitle": "Platform Mod International Careers@next Platform Mod Check Careers@next Page is Displayed",
              "timedOut": null,
              "duration": 2881,
              "state": "passed",
              "speed": "slow",
              "pass": true,
              "fail": false,
              "pending": false,
              "context": null,
              "code": "const state = window.testState;\nreturn cy\n  .then(() => state.onStartScenario(scenario, indexedSteps))\n  .then(() =>\n    resolveAndRunBeforeHooks.call(this, scenario.tags, state.feature.name)\n  )\n  .then(() =>\n    indexedSteps.forEach((step) =>\n      stepTest.call(this, state, step, rowData)\n    )\n  )\n  .then(() =>\n    resolveAndRunAfterHooks.call(this, scenario.tags, state.feature.name)\n  )\n  .then(() => state.onFinishScenario(scenario));",
              "err": {},
              "uuid": "0a4753ed-d679-44fa-a58c-fd6f3a3b9a1c",
              "parentUUID": "3da1d63e-17c0-4ae4-935c-8109ea3d6c0d",
              "isHook": false,
              "skipped": false
            }
          ],
          "suites": [],
          "passes": [
            "0a4753ed-d679-44fa-a58c-fd6f3a3b9a1c"
          ],
          "failures": [],
          "pending": [],
          "skipped": [],
          "duration": 2881,
          "root": false,
          "rootEmpty": false,
          "_timeout": 2000
        }
      ],
      "passes": [],
      "failures": [],
      "pending": [],
      "skipped": [],
      "duration": 0,
      "root": true,
      "rootEmpty": true,
      "_timeout": 2000
    }
  ],
  "meta": {
    "mocha": {
      "version": "7.0.1"
    },
    "mochawesome": {
      "options": {
        "quiet": false,
        "reportFilename": "mochawesome",
        "saveHtml": false,
        "saveJson": true,
        "consoleReporter": "spec",
        "useInlineDiffs": false,
        "code": true
      },
      "version": "6.1.1"
    },
    "marge": {
      "options": {
        "id": "default",
        "reportDir": "cypress/results/mochawesome",
        "quite": true,
        "overwrite": false,
        "html": false,
        "json": true
      },
      "version": "5.1.0"
    }
  }
}