{
  "stats": {
    "suites": 1,
    "tests": 22,
    "passes": 22,
    "pending": 0,
    "failures": 0,
    "start": "2020-10-15T17:46:27.883Z",
    "end": "2020-10-15T17:49:02.837Z",
    "duration": 154954,
    "testsRegistered": 22,
    "passPercent": 100,
    "pendingPercent": 0,
    "other": 0,
    "hasOther": false,
    "skipped": 0,
    "hasSkipped": false
  },
  "results": [
    {
      "uuid": "fa5b4cce-97ab-4404-9cfc-23c97b21c0e1",
      "title": "",
      "fullFile": "cypress\\integration\\feature\\next\\common\\desktop\\cmDesktopReturnsInformation.feature",
      "file": "cypress\\integration\\feature\\next\\common\\desktop\\cmDesktopReturnsInformation.feature",
      "beforeHooks": [],
      "afterHooks": [],
      "tests": [],
      "suites": [
        {
          "uuid": "e1914015-d42d-4ec7-8d0d-45a1b6e11580",
          "title": "Platform Mod International Site Guide",
          "fullFile": "",
          "file": "",
          "beforeHooks": [],
          "afterHooks": [],
          "tests": [
            {
              "title": "Platform Mod Check Returns Information Page is Displayed (example #1)",
              "fullTitle": "Platform Mod International Site Guide Platform Mod Check Returns Information Page is Displayed (example #1)",
              "timedOut": null,
              "duration": 4010,
              "state": "passed",
              "speed": "slow",
              "pass": true,
              "fail": false,
              "pending": false,
              "context": null,
              "code": "const state = window.testState;\nreturn cy\n  .then(() => state.onStartScenario(scenario, indexedSteps))\n  .then(() =>\n    resolveAndRunBeforeHooks.call(this, scenario.tags, state.feature.name)\n  )\n  .then(() =>\n    indexedSteps.forEach((step) =>\n      stepTest.call(this, state, step, rowData)\n    )\n  )\n  .then(() =>\n    resolveAndRunAfterHooks.call(this, scenario.tags, state.feature.name)\n  )\n  .then(() => state.onFinishScenario(scenario));",
              "err": {},
              "uuid": "084d576a-47c0-4231-b3e4-ad605039dbb1",
              "parentUUID": "e1914015-d42d-4ec7-8d0d-45a1b6e11580",
              "isHook": false,
              "skipped": false
            },
            {
              "title": "Platform Mod Check Returns Information Page is Displayed (example #2)",
              "fullTitle": "Platform Mod International Site Guide Platform Mod Check Returns Information Page is Displayed (example #2)",
              "timedOut": null,
              "duration": 4864,
              "state": "passed",
              "speed": "slow",
              "pass": true,
              "fail": false,
              "pending": false,
              "context": null,
              "code": "const state = window.testState;\nreturn cy\n  .then(() => state.onStartScenario(scenario, indexedSteps))\n  .then(() =>\n    resolveAndRunBeforeHooks.call(this, scenario.tags, state.feature.name)\n  )\n  .then(() =>\n    indexedSteps.forEach((step) =>\n      stepTest.call(this, state, step, rowData)\n    )\n  )\n  .then(() =>\n    resolveAndRunAfterHooks.call(this, scenario.tags, state.feature.name)\n  )\n  .then(() => state.onFinishScenario(scenario));",
              "err": {},
              "uuid": "b835cf79-7fae-4c82-a4c2-711c6ab9f0b8",
              "parentUUID": "e1914015-d42d-4ec7-8d0d-45a1b6e11580",
              "isHook": false,
              "skipped": false
            },
            {
              "title": "Platform Mod Check Returns Information Page is Displayed (example #3)",
              "fullTitle": "Platform Mod International Site Guide Platform Mod Check Returns Information Page is Displayed (example #3)",
              "timedOut": null,
              "duration": 4502,
              "state": "passed",
              "speed": "slow",
              "pass": true,
              "fail": false,
              "pending": false,
              "context": null,
              "code": "const state = window.testState;\nreturn cy\n  .then(() => state.onStartScenario(scenario, indexedSteps))\n  .then(() =>\n    resolveAndRunBeforeHooks.call(this, scenario.tags, state.feature.name)\n  )\n  .then(() =>\n    indexedSteps.forEach((step) =>\n      stepTest.call(this, state, step, rowData)\n    )\n  )\n  .then(() =>\n    resolveAndRunAfterHooks.call(this, scenario.tags, state.feature.name)\n  )\n  .then(() => state.onFinishScenario(scenario));",
              "err": {},
              "uuid": "fbce7ae8-963c-4bd0-aef9-d9911e305cd3",
              "parentUUID": "e1914015-d42d-4ec7-8d0d-45a1b6e11580",
              "isHook": false,
              "skipped": false
            },
            {
              "title": "Platform Mod Check Returns Information Page is Displayed (example #4)",
              "fullTitle": "Platform Mod International Site Guide Platform Mod Check Returns Information Page is Displayed (example #4)",
              "timedOut": null,
              "duration": 3342,
              "state": "passed",
              "speed": "slow",
              "pass": true,
              "fail": false,
              "pending": false,
              "context": null,
              "code": "const state = window.testState;\nreturn cy\n  .then(() => state.onStartScenario(scenario, indexedSteps))\n  .then(() =>\n    resolveAndRunBeforeHooks.call(this, scenario.tags, state.feature.name)\n  )\n  .then(() =>\n    indexedSteps.forEach((step) =>\n      stepTest.call(this, state, step, rowData)\n    )\n  )\n  .then(() =>\n    resolveAndRunAfterHooks.call(this, scenario.tags, state.feature.name)\n  )\n  .then(() => state.onFinishScenario(scenario));",
              "err": {},
              "uuid": "29a77c94-0c2b-4e7c-815e-020912587a51",
              "parentUUID": "e1914015-d42d-4ec7-8d0d-45a1b6e11580",
              "isHook": false,
              "skipped": false
            },
            {
              "title": "Platform Mod Check Returns Information Page is Displayed (example #5)",
              "fullTitle": "Platform Mod International Site Guide Platform Mod Check Returns Information Page is Displayed (example #5)",
              "timedOut": null,
              "duration": 4317,
              "state": "passed",
              "speed": "slow",
              "pass": true,
              "fail": false,
              "pending": false,
              "context": null,
              "code": "const state = window.testState;\nreturn cy\n  .then(() => state.onStartScenario(scenario, indexedSteps))\n  .then(() =>\n    resolveAndRunBeforeHooks.call(this, scenario.tags, state.feature.name)\n  )\n  .then(() =>\n    indexedSteps.forEach((step) =>\n      stepTest.call(this, state, step, rowData)\n    )\n  )\n  .then(() =>\n    resolveAndRunAfterHooks.call(this, scenario.tags, state.feature.name)\n  )\n  .then(() => state.onFinishScenario(scenario));",
              "err": {},
              "uuid": "bc400b56-1873-4dc4-b45a-7e5da49a20a4",
              "parentUUID": "e1914015-d42d-4ec7-8d0d-45a1b6e11580",
              "isHook": false,
              "skipped": false
            },
            {
              "title": "Platform Mod Check Returns Information Page is Displayed (example #6)",
              "fullTitle": "Platform Mod International Site Guide Platform Mod Check Returns Information Page is Displayed (example #6)",
              "timedOut": null,
              "duration": 3906,
              "state": "passed",
              "speed": "slow",
              "pass": true,
              "fail": false,
              "pending": false,
              "context": null,
              "code": "const state = window.testState;\nreturn cy\n  .then(() => state.onStartScenario(scenario, indexedSteps))\n  .then(() =>\n    resolveAndRunBeforeHooks.call(this, scenario.tags, state.feature.name)\n  )\n  .then(() =>\n    indexedSteps.forEach((step) =>\n      stepTest.call(this, state, step, rowData)\n    )\n  )\n  .then(() =>\n    resolveAndRunAfterHooks.call(this, scenario.tags, state.feature.name)\n  )\n  .then(() => state.onFinishScenario(scenario));",
              "err": {},
              "uuid": "40596b8d-407b-4daa-9d14-3e52f559067a",
              "parentUUID": "e1914015-d42d-4ec7-8d0d-45a1b6e11580",
              "isHook": false,
              "skipped": false
            },
            {
              "title": "Platform Mod Check Returns Information Page is Displayed (example #7)",
              "fullTitle": "Platform Mod International Site Guide Platform Mod Check Returns Information Page is Displayed (example #7)",
              "timedOut": null,
              "duration": 3298,
              "state": "passed",
              "speed": "slow",
              "pass": true,
              "fail": false,
              "pending": false,
              "context": null,
              "code": "const state = window.testState;\nreturn cy\n  .then(() => state.onStartScenario(scenario, indexedSteps))\n  .then(() =>\n    resolveAndRunBeforeHooks.call(this, scenario.tags, state.feature.name)\n  )\n  .then(() =>\n    indexedSteps.forEach((step) =>\n      stepTest.call(this, state, step, rowData)\n    )\n  )\n  .then(() =>\n    resolveAndRunAfterHooks.call(this, scenario.tags, state.feature.name)\n  )\n  .then(() => state.onFinishScenario(scenario));",
              "err": {},
              "uuid": "b064f197-b7b9-498a-9ecd-e8cca884ddd0",
              "parentUUID": "e1914015-d42d-4ec7-8d0d-45a1b6e11580",
              "isHook": false,
              "skipped": false
            },
            {
              "title": "Platform Mod Check Returns Information Page is Displayed (example #8)",
              "fullTitle": "Platform Mod International Site Guide Platform Mod Check Returns Information Page is Displayed (example #8)",
              "timedOut": null,
              "duration": 3327,
              "state": "passed",
              "speed": "slow",
              "pass": true,
              "fail": false,
              "pending": false,
              "context": null,
              "code": "const state = window.testState;\nreturn cy\n  .then(() => state.onStartScenario(scenario, indexedSteps))\n  .then(() =>\n    resolveAndRunBeforeHooks.call(this, scenario.tags, state.feature.name)\n  )\n  .then(() =>\n    indexedSteps.forEach((step) =>\n      stepTest.call(this, state, step, rowData)\n    )\n  )\n  .then(() =>\n    resolveAndRunAfterHooks.call(this, scenario.tags, state.feature.name)\n  )\n  .then(() => state.onFinishScenario(scenario));",
              "err": {},
              "uuid": "3bffb0e4-badf-439a-ac91-27c17df52342",
              "parentUUID": "e1914015-d42d-4ec7-8d0d-45a1b6e11580",
              "isHook": false,
              "skipped": false
            },
            {
              "title": "Platform Mod Check Returns Information Page is Displayed (example #9)",
              "fullTitle": "Platform Mod International Site Guide Platform Mod Check Returns Information Page is Displayed (example #9)",
              "timedOut": null,
              "duration": 3906,
              "state": "passed",
              "speed": "slow",
              "pass": true,
              "fail": false,
              "pending": false,
              "context": null,
              "code": "const state = window.testState;\nreturn cy\n  .then(() => state.onStartScenario(scenario, indexedSteps))\n  .then(() =>\n    resolveAndRunBeforeHooks.call(this, scenario.tags, state.feature.name)\n  )\n  .then(() =>\n    indexedSteps.forEach((step) =>\n      stepTest.call(this, state, step, rowData)\n    )\n  )\n  .then(() =>\n    resolveAndRunAfterHooks.call(this, scenario.tags, state.feature.name)\n  )\n  .then(() => state.onFinishScenario(scenario));",
              "err": {},
              "uuid": "13a9c4ca-69a8-441a-aad9-a9bc36757235",
              "parentUUID": "e1914015-d42d-4ec7-8d0d-45a1b6e11580",
              "isHook": false,
              "skipped": false
            },
            {
              "title": "Platform Mod Check Returns Information Page is Displayed (example #10)",
              "fullTitle": "Platform Mod International Site Guide Platform Mod Check Returns Information Page is Displayed (example #10)",
              "timedOut": null,
              "duration": 3472,
              "state": "passed",
              "speed": "slow",
              "pass": true,
              "fail": false,
              "pending": false,
              "context": null,
              "code": "const state = window.testState;\nreturn cy\n  .then(() => state.onStartScenario(scenario, indexedSteps))\n  .then(() =>\n    resolveAndRunBeforeHooks.call(this, scenario.tags, state.feature.name)\n  )\n  .then(() =>\n    indexedSteps.forEach((step) =>\n      stepTest.call(this, state, step, rowData)\n    )\n  )\n  .then(() =>\n    resolveAndRunAfterHooks.call(this, scenario.tags, state.feature.name)\n  )\n  .then(() => state.onFinishScenario(scenario));",
              "err": {},
              "uuid": "3ae81d0c-7e20-4f5f-805a-6e8b8b0d02b7",
              "parentUUID": "e1914015-d42d-4ec7-8d0d-45a1b6e11580",
              "isHook": false,
              "skipped": false
            },
            {
              "title": "Platform Mod Check Returns Information Page is Displayed (example #11)",
              "fullTitle": "Platform Mod International Site Guide Platform Mod Check Returns Information Page is Displayed (example #11)",
              "timedOut": null,
              "duration": 4493,
              "state": "passed",
              "speed": "slow",
              "pass": true,
              "fail": false,
              "pending": false,
              "context": null,
              "code": "const state = window.testState;\nreturn cy\n  .then(() => state.onStartScenario(scenario, indexedSteps))\n  .then(() =>\n    resolveAndRunBeforeHooks.call(this, scenario.tags, state.feature.name)\n  )\n  .then(() =>\n    indexedSteps.forEach((step) =>\n      stepTest.call(this, state, step, rowData)\n    )\n  )\n  .then(() =>\n    resolveAndRunAfterHooks.call(this, scenario.tags, state.feature.name)\n  )\n  .then(() => state.onFinishScenario(scenario));",
              "err": {},
              "uuid": "5982b311-dab1-494b-87e7-a70a5241af64",
              "parentUUID": "e1914015-d42d-4ec7-8d0d-45a1b6e11580",
              "isHook": false,
              "skipped": false
            },
            {
              "title": "Platform Mod Check Returns Information Page is Displayed (example #12)",
              "fullTitle": "Platform Mod International Site Guide Platform Mod Check Returns Information Page is Displayed (example #12)",
              "timedOut": null,
              "duration": 5696,
              "state": "passed",
              "speed": "slow",
              "pass": true,
              "fail": false,
              "pending": false,
              "context": null,
              "code": "const state = window.testState;\nreturn cy\n  .then(() => state.onStartScenario(scenario, indexedSteps))\n  .then(() =>\n    resolveAndRunBeforeHooks.call(this, scenario.tags, state.feature.name)\n  )\n  .then(() =>\n    indexedSteps.forEach((step) =>\n      stepTest.call(this, state, step, rowData)\n    )\n  )\n  .then(() =>\n    resolveAndRunAfterHooks.call(this, scenario.tags, state.feature.name)\n  )\n  .then(() => state.onFinishScenario(scenario));",
              "err": {},
              "uuid": "d152c4a2-3bed-4ecb-a5cf-38b7b62cc000",
              "parentUUID": "e1914015-d42d-4ec7-8d0d-45a1b6e11580",
              "isHook": false,
              "skipped": false
            },
            {
              "title": "Platform Mod Check Returns Information Page is Displayed (example #13)",
              "fullTitle": "Platform Mod International Site Guide Platform Mod Check Returns Information Page is Displayed (example #13)",
              "timedOut": null,
              "duration": 4866,
              "state": "passed",
              "speed": "slow",
              "pass": true,
              "fail": false,
              "pending": false,
              "context": null,
              "code": "const state = window.testState;\nreturn cy\n  .then(() => state.onStartScenario(scenario, indexedSteps))\n  .then(() =>\n    resolveAndRunBeforeHooks.call(this, scenario.tags, state.feature.name)\n  )\n  .then(() =>\n    indexedSteps.forEach((step) =>\n      stepTest.call(this, state, step, rowData)\n    )\n  )\n  .then(() =>\n    resolveAndRunAfterHooks.call(this, scenario.tags, state.feature.name)\n  )\n  .then(() => state.onFinishScenario(scenario));",
              "err": {},
              "uuid": "bc6d76f8-df54-40f1-a4ea-5d78ac793060",
              "parentUUID": "e1914015-d42d-4ec7-8d0d-45a1b6e11580",
              "isHook": false,
              "skipped": false
            },
            {
              "title": "Platform Mod Check Returns Information Page is Displayed (example #14)",
              "fullTitle": "Platform Mod International Site Guide Platform Mod Check Returns Information Page is Displayed (example #14)",
              "timedOut": null,
              "duration": 3765,
              "state": "passed",
              "speed": "slow",
              "pass": true,
              "fail": false,
              "pending": false,
              "context": null,
              "code": "const state = window.testState;\nreturn cy\n  .then(() => state.onStartScenario(scenario, indexedSteps))\n  .then(() =>\n    resolveAndRunBeforeHooks.call(this, scenario.tags, state.feature.name)\n  )\n  .then(() =>\n    indexedSteps.forEach((step) =>\n      stepTest.call(this, state, step, rowData)\n    )\n  )\n  .then(() =>\n    resolveAndRunAfterHooks.call(this, scenario.tags, state.feature.name)\n  )\n  .then(() => state.onFinishScenario(scenario));",
              "err": {},
              "uuid": "ab673c15-11a2-4925-9cdd-3869ea5484f3",
              "parentUUID": "e1914015-d42d-4ec7-8d0d-45a1b6e11580",
              "isHook": false,
              "skipped": false
            },
            {
              "title": "Platform Mod Check Returns Information Page is Displayed (example #15)",
              "fullTitle": "Platform Mod International Site Guide Platform Mod Check Returns Information Page is Displayed (example #15)",
              "timedOut": null,
              "duration": 3544,
              "state": "passed",
              "speed": "slow",
              "pass": true,
              "fail": false,
              "pending": false,
              "context": null,
              "code": "const state = window.testState;\nreturn cy\n  .then(() => state.onStartScenario(scenario, indexedSteps))\n  .then(() =>\n    resolveAndRunBeforeHooks.call(this, scenario.tags, state.feature.name)\n  )\n  .then(() =>\n    indexedSteps.forEach((step) =>\n      stepTest.call(this, state, step, rowData)\n    )\n  )\n  .then(() =>\n    resolveAndRunAfterHooks.call(this, scenario.tags, state.feature.name)\n  )\n  .then(() => state.onFinishScenario(scenario));",
              "err": {},
              "uuid": "c8570ce1-602f-4da1-b9a9-1fac4708dc3b",
              "parentUUID": "e1914015-d42d-4ec7-8d0d-45a1b6e11580",
              "isHook": false,
              "skipped": false
            },
            {
              "title": "Platform Mod Check Returns Information Page is Displayed (example #16)",
              "fullTitle": "Platform Mod International Site Guide Platform Mod Check Returns Information Page is Displayed (example #16)",
              "timedOut": null,
              "duration": 2807,
              "state": "passed",
              "speed": "slow",
              "pass": true,
              "fail": false,
              "pending": false,
              "context": null,
              "code": "const state = window.testState;\nreturn cy\n  .then(() => state.onStartScenario(scenario, indexedSteps))\n  .then(() =>\n    resolveAndRunBeforeHooks.call(this, scenario.tags, state.feature.name)\n  )\n  .then(() =>\n    indexedSteps.forEach((step) =>\n      stepTest.call(this, state, step, rowData)\n    )\n  )\n  .then(() =>\n    resolveAndRunAfterHooks.call(this, scenario.tags, state.feature.name)\n  )\n  .then(() => state.onFinishScenario(scenario));",
              "err": {},
              "uuid": "b4699fca-87d7-45a8-8b90-c956fb9c4b17",
              "parentUUID": "e1914015-d42d-4ec7-8d0d-45a1b6e11580",
              "isHook": false,
              "skipped": false
            },
            {
              "title": "Platform Mod Check Returns Information Page is Displayed (example #17)",
              "fullTitle": "Platform Mod International Site Guide Platform Mod Check Returns Information Page is Displayed (example #17)",
              "timedOut": null,
              "duration": 3677,
              "state": "passed",
              "speed": "slow",
              "pass": true,
              "fail": false,
              "pending": false,
              "context": null,
              "code": "const state = window.testState;\nreturn cy\n  .then(() => state.onStartScenario(scenario, indexedSteps))\n  .then(() =>\n    resolveAndRunBeforeHooks.call(this, scenario.tags, state.feature.name)\n  )\n  .then(() =>\n    indexedSteps.forEach((step) =>\n      stepTest.call(this, state, step, rowData)\n    )\n  )\n  .then(() =>\n    resolveAndRunAfterHooks.call(this, scenario.tags, state.feature.name)\n  )\n  .then(() => state.onFinishScenario(scenario));",
              "err": {},
              "uuid": "0df9f883-b744-44cb-9e28-439d3ccf4ebf",
              "parentUUID": "e1914015-d42d-4ec7-8d0d-45a1b6e11580",
              "isHook": false,
              "skipped": false
            },
            {
              "title": "Platform Mod Check Returns Information Page is Displayed (example #18)",
              "fullTitle": "Platform Mod International Site Guide Platform Mod Check Returns Information Page is Displayed (example #18)",
              "timedOut": null,
              "duration": 5544,
              "state": "passed",
              "speed": "slow",
              "pass": true,
              "fail": false,
              "pending": false,
              "context": null,
              "code": "const state = window.testState;\nreturn cy\n  .then(() => state.onStartScenario(scenario, indexedSteps))\n  .then(() =>\n    resolveAndRunBeforeHooks.call(this, scenario.tags, state.feature.name)\n  )\n  .then(() =>\n    indexedSteps.forEach((step) =>\n      stepTest.call(this, state, step, rowData)\n    )\n  )\n  .then(() =>\n    resolveAndRunAfterHooks.call(this, scenario.tags, state.feature.name)\n  )\n  .then(() => state.onFinishScenario(scenario));",
              "err": {},
              "uuid": "48470d22-ba57-4a75-bdc3-6a6b2176328e",
              "parentUUID": "e1914015-d42d-4ec7-8d0d-45a1b6e11580",
              "isHook": false,
              "skipped": false
            },
            {
              "title": "Platform Mod Check Returns Information Page is Displayed (example #19)",
              "fullTitle": "Platform Mod International Site Guide Platform Mod Check Returns Information Page is Displayed (example #19)",
              "timedOut": null,
              "duration": 3259,
              "state": "passed",
              "speed": "slow",
              "pass": true,
              "fail": false,
              "pending": false,
              "context": null,
              "code": "const state = window.testState;\nreturn cy\n  .then(() => state.onStartScenario(scenario, indexedSteps))\n  .then(() =>\n    resolveAndRunBeforeHooks.call(this, scenario.tags, state.feature.name)\n  )\n  .then(() =>\n    indexedSteps.forEach((step) =>\n      stepTest.call(this, state, step, rowData)\n    )\n  )\n  .then(() =>\n    resolveAndRunAfterHooks.call(this, scenario.tags, state.feature.name)\n  )\n  .then(() => state.onFinishScenario(scenario));",
              "err": {},
              "uuid": "cead29f4-970c-4adc-92db-276e1c880984",
              "parentUUID": "e1914015-d42d-4ec7-8d0d-45a1b6e11580",
              "isHook": false,
              "skipped": false
            },
            {
              "title": "Platform Mod Check Returns Information Page is Displayed (example #20)",
              "fullTitle": "Platform Mod International Site Guide Platform Mod Check Returns Information Page is Displayed (example #20)",
              "timedOut": null,
              "duration": 5011,
              "state": "passed",
              "speed": "slow",
              "pass": true,
              "fail": false,
              "pending": false,
              "context": null,
              "code": "const state = window.testState;\nreturn cy\n  .then(() => state.onStartScenario(scenario, indexedSteps))\n  .then(() =>\n    resolveAndRunBeforeHooks.call(this, scenario.tags, state.feature.name)\n  )\n  .then(() =>\n    indexedSteps.forEach((step) =>\n      stepTest.call(this, state, step, rowData)\n    )\n  )\n  .then(() =>\n    resolveAndRunAfterHooks.call(this, scenario.tags, state.feature.name)\n  )\n  .then(() => state.onFinishScenario(scenario));",
              "err": {},
              "uuid": "9cafdd10-6fda-4141-86dd-2f90f622909f",
              "parentUUID": "e1914015-d42d-4ec7-8d0d-45a1b6e11580",
              "isHook": false,
              "skipped": false
            },
            {
              "title": "Platform Mod Check Returns Information Page is Displayed (example #21)",
              "fullTitle": "Platform Mod International Site Guide Platform Mod Check Returns Information Page is Displayed (example #21)",
              "timedOut": null,
              "duration": 4421,
              "state": "passed",
              "speed": "slow",
              "pass": true,
              "fail": false,
              "pending": false,
              "context": null,
              "code": "const state = window.testState;\nreturn cy\n  .then(() => state.onStartScenario(scenario, indexedSteps))\n  .then(() =>\n    resolveAndRunBeforeHooks.call(this, scenario.tags, state.feature.name)\n  )\n  .then(() =>\n    indexedSteps.forEach((step) =>\n      stepTest.call(this, state, step, rowData)\n    )\n  )\n  .then(() =>\n    resolveAndRunAfterHooks.call(this, scenario.tags, state.feature.name)\n  )\n  .then(() => state.onFinishScenario(scenario));",
              "err": {},
              "uuid": "53829c1b-f755-4448-8f78-c4a674c25b82",
              "parentUUID": "e1914015-d42d-4ec7-8d0d-45a1b6e11580",
              "isHook": false,
              "skipped": false
            },
            {
              "title": "Platform Mod Check Returns Information Page is Displayed (example #22)",
              "fullTitle": "Platform Mod International Site Guide Platform Mod Check Returns Information Page is Displayed (example #22)",
              "timedOut": null,
              "duration": 2636,
              "state": "passed",
              "speed": "slow",
              "pass": true,
              "fail": false,
              "pending": false,
              "context": null,
              "code": "const state = window.testState;\nreturn cy\n  .then(() => state.onStartScenario(scenario, indexedSteps))\n  .then(() =>\n    resolveAndRunBeforeHooks.call(this, scenario.tags, state.feature.name)\n  )\n  .then(() =>\n    indexedSteps.forEach((step) =>\n      stepTest.call(this, state, step, rowData)\n    )\n  )\n  .then(() =>\n    resolveAndRunAfterHooks.call(this, scenario.tags, state.feature.name)\n  )\n  .then(() => state.onFinishScenario(scenario));",
              "err": {},
              "uuid": "85c5a88a-110c-463f-8f37-f7a55f3b5a83",
              "parentUUID": "e1914015-d42d-4ec7-8d0d-45a1b6e11580",
              "isHook": false,
              "skipped": false
            }
          ],
          "suites": [],
          "passes": [
            "084d576a-47c0-4231-b3e4-ad605039dbb1",
            "b835cf79-7fae-4c82-a4c2-711c6ab9f0b8",
            "fbce7ae8-963c-4bd0-aef9-d9911e305cd3",
            "29a77c94-0c2b-4e7c-815e-020912587a51",
            "bc400b56-1873-4dc4-b45a-7e5da49a20a4",
            "40596b8d-407b-4daa-9d14-3e52f559067a",
            "b064f197-b7b9-498a-9ecd-e8cca884ddd0",
            "3bffb0e4-badf-439a-ac91-27c17df52342",
            "13a9c4ca-69a8-441a-aad9-a9bc36757235",
            "3ae81d0c-7e20-4f5f-805a-6e8b8b0d02b7",
            "5982b311-dab1-494b-87e7-a70a5241af64",
            "d152c4a2-3bed-4ecb-a5cf-38b7b62cc000",
            "bc6d76f8-df54-40f1-a4ea-5d78ac793060",
            "ab673c15-11a2-4925-9cdd-3869ea5484f3",
            "c8570ce1-602f-4da1-b9a9-1fac4708dc3b",
            "b4699fca-87d7-45a8-8b90-c956fb9c4b17",
            "0df9f883-b744-44cb-9e28-439d3ccf4ebf",
            "48470d22-ba57-4a75-bdc3-6a6b2176328e",
            "cead29f4-970c-4adc-92db-276e1c880984",
            "9cafdd10-6fda-4141-86dd-2f90f622909f",
            "53829c1b-f755-4448-8f78-c4a674c25b82",
            "85c5a88a-110c-463f-8f37-f7a55f3b5a83"
          ],
          "failures": [],
          "pending": [],
          "skipped": [],
          "duration": 88663,
          "root": false,
          "rootEmpty": false,
          "_timeout": 2000
        }
      ],
      "passes": [],
      "failures": [],
      "pending": [],
      "skipped": [],
      "duration": 0,
      "root": true,
      "rootEmpty": true,
      "_timeout": 2000
    }
  ],
  "meta": {
    "mocha": {
      "version": "7.0.1"
    },
    "mochawesome": {
      "options": {
        "quiet": false,
        "reportFilename": "mochawesome",
        "saveHtml": false,
        "saveJson": true,
        "consoleReporter": "spec",
        "useInlineDiffs": false,
        "code": true
      },
      "version": "6.1.1"
    },
    "marge": {
      "options": {
        "id": "default",
        "reportDir": "cypress/results/mochawesome",
        "quite": true,
        "overwrite": false,
        "html": false,
        "json": true
      },
      "version": "5.1.0"
    }
  }
}