{
  "stats": {
    "suites": 1,
    "tests": 22,
    "passes": 22,
    "pending": 0,
    "failures": 0,
    "start": "2020-10-15T17:41:05.289Z",
    "end": "2020-10-15T17:43:35.292Z",
    "duration": 150003,
    "testsRegistered": 22,
    "passPercent": 100,
    "pendingPercent": 0,
    "other": 0,
    "hasOther": false,
    "skipped": 0,
    "hasSkipped": false
  },
  "results": [
    {
      "uuid": "fac94bdc-95ee-4545-9517-28ae65b59523",
      "title": "",
      "fullFile": "cypress\\integration\\feature\\next\\common\\desktop\\cmDesktopNextFranchise.feature",
      "file": "cypress\\integration\\feature\\next\\common\\desktop\\cmDesktopNextFranchise.feature",
      "beforeHooks": [],
      "afterHooks": [],
      "tests": [],
      "suites": [
        {
          "uuid": "2d8ff045-0395-439d-855f-4dc4995d8431",
          "title": "Platform Mod International Site Guide",
          "fullFile": "",
          "file": "",
          "beforeHooks": [],
          "afterHooks": [],
          "tests": [
            {
              "title": "Platform Mod Check Next Franchise Page is Displayed (example #1)",
              "fullTitle": "Platform Mod International Site Guide Platform Mod Check Next Franchise Page is Displayed (example #1)",
              "timedOut": null,
              "duration": 4091,
              "state": "passed",
              "speed": "slow",
              "pass": true,
              "fail": false,
              "pending": false,
              "context": null,
              "code": "const state = window.testState;\nreturn cy\n  .then(() => state.onStartScenario(scenario, indexedSteps))\n  .then(() =>\n    resolveAndRunBeforeHooks.call(this, scenario.tags, state.feature.name)\n  )\n  .then(() =>\n    indexedSteps.forEach((step) =>\n      stepTest.call(this, state, step, rowData)\n    )\n  )\n  .then(() =>\n    resolveAndRunAfterHooks.call(this, scenario.tags, state.feature.name)\n  )\n  .then(() => state.onFinishScenario(scenario));",
              "err": {},
              "uuid": "ccb28fc3-7bdc-4eb6-84ad-3666c105b607",
              "parentUUID": "2d8ff045-0395-439d-855f-4dc4995d8431",
              "isHook": false,
              "skipped": false
            },
            {
              "title": "Platform Mod Check Next Franchise Page is Displayed (example #2)",
              "fullTitle": "Platform Mod International Site Guide Platform Mod Check Next Franchise Page is Displayed (example #2)",
              "timedOut": null,
              "duration": 4666,
              "state": "passed",
              "speed": "slow",
              "pass": true,
              "fail": false,
              "pending": false,
              "context": null,
              "code": "const state = window.testState;\nreturn cy\n  .then(() => state.onStartScenario(scenario, indexedSteps))\n  .then(() =>\n    resolveAndRunBeforeHooks.call(this, scenario.tags, state.feature.name)\n  )\n  .then(() =>\n    indexedSteps.forEach((step) =>\n      stepTest.call(this, state, step, rowData)\n    )\n  )\n  .then(() =>\n    resolveAndRunAfterHooks.call(this, scenario.tags, state.feature.name)\n  )\n  .then(() => state.onFinishScenario(scenario));",
              "err": {},
              "uuid": "183fd7bb-17e8-4133-963f-45e61e3d4780",
              "parentUUID": "2d8ff045-0395-439d-855f-4dc4995d8431",
              "isHook": false,
              "skipped": false
            },
            {
              "title": "Platform Mod Check Next Franchise Page is Displayed (example #3)",
              "fullTitle": "Platform Mod International Site Guide Platform Mod Check Next Franchise Page is Displayed (example #3)",
              "timedOut": null,
              "duration": 3681,
              "state": "passed",
              "speed": "slow",
              "pass": true,
              "fail": false,
              "pending": false,
              "context": null,
              "code": "const state = window.testState;\nreturn cy\n  .then(() => state.onStartScenario(scenario, indexedSteps))\n  .then(() =>\n    resolveAndRunBeforeHooks.call(this, scenario.tags, state.feature.name)\n  )\n  .then(() =>\n    indexedSteps.forEach((step) =>\n      stepTest.call(this, state, step, rowData)\n    )\n  )\n  .then(() =>\n    resolveAndRunAfterHooks.call(this, scenario.tags, state.feature.name)\n  )\n  .then(() => state.onFinishScenario(scenario));",
              "err": {},
              "uuid": "39933638-306c-4e47-949c-fb8a38fd2979",
              "parentUUID": "2d8ff045-0395-439d-855f-4dc4995d8431",
              "isHook": false,
              "skipped": false
            },
            {
              "title": "Platform Mod Check Next Franchise Page is Displayed (example #4)",
              "fullTitle": "Platform Mod International Site Guide Platform Mod Check Next Franchise Page is Displayed (example #4)",
              "timedOut": null,
              "duration": 3334,
              "state": "passed",
              "speed": "slow",
              "pass": true,
              "fail": false,
              "pending": false,
              "context": null,
              "code": "const state = window.testState;\nreturn cy\n  .then(() => state.onStartScenario(scenario, indexedSteps))\n  .then(() =>\n    resolveAndRunBeforeHooks.call(this, scenario.tags, state.feature.name)\n  )\n  .then(() =>\n    indexedSteps.forEach((step) =>\n      stepTest.call(this, state, step, rowData)\n    )\n  )\n  .then(() =>\n    resolveAndRunAfterHooks.call(this, scenario.tags, state.feature.name)\n  )\n  .then(() => state.onFinishScenario(scenario));",
              "err": {},
              "uuid": "546d6baf-c18c-41b8-bce3-e930256ee5fd",
              "parentUUID": "2d8ff045-0395-439d-855f-4dc4995d8431",
              "isHook": false,
              "skipped": false
            },
            {
              "title": "Platform Mod Check Next Franchise Page is Displayed (example #5)",
              "fullTitle": "Platform Mod International Site Guide Platform Mod Check Next Franchise Page is Displayed (example #5)",
              "timedOut": null,
              "duration": 3503,
              "state": "passed",
              "speed": "slow",
              "pass": true,
              "fail": false,
              "pending": false,
              "context": null,
              "code": "const state = window.testState;\nreturn cy\n  .then(() => state.onStartScenario(scenario, indexedSteps))\n  .then(() =>\n    resolveAndRunBeforeHooks.call(this, scenario.tags, state.feature.name)\n  )\n  .then(() =>\n    indexedSteps.forEach((step) =>\n      stepTest.call(this, state, step, rowData)\n    )\n  )\n  .then(() =>\n    resolveAndRunAfterHooks.call(this, scenario.tags, state.feature.name)\n  )\n  .then(() => state.onFinishScenario(scenario));",
              "err": {},
              "uuid": "74b2b9f2-8b18-43a9-93b7-8eef1a83e6be",
              "parentUUID": "2d8ff045-0395-439d-855f-4dc4995d8431",
              "isHook": false,
              "skipped": false
            },
            {
              "title": "Platform Mod Check Next Franchise Page is Displayed (example #6)",
              "fullTitle": "Platform Mod International Site Guide Platform Mod Check Next Franchise Page is Displayed (example #6)",
              "timedOut": null,
              "duration": 3786,
              "state": "passed",
              "speed": "slow",
              "pass": true,
              "fail": false,
              "pending": false,
              "context": null,
              "code": "const state = window.testState;\nreturn cy\n  .then(() => state.onStartScenario(scenario, indexedSteps))\n  .then(() =>\n    resolveAndRunBeforeHooks.call(this, scenario.tags, state.feature.name)\n  )\n  .then(() =>\n    indexedSteps.forEach((step) =>\n      stepTest.call(this, state, step, rowData)\n    )\n  )\n  .then(() =>\n    resolveAndRunAfterHooks.call(this, scenario.tags, state.feature.name)\n  )\n  .then(() => state.onFinishScenario(scenario));",
              "err": {},
              "uuid": "4c49d04a-f422-4413-8321-4fb6ffd15d71",
              "parentUUID": "2d8ff045-0395-439d-855f-4dc4995d8431",
              "isHook": false,
              "skipped": false
            },
            {
              "title": "Platform Mod Check Next Franchise Page is Displayed (example #7)",
              "fullTitle": "Platform Mod International Site Guide Platform Mod Check Next Franchise Page is Displayed (example #7)",
              "timedOut": null,
              "duration": 2739,
              "state": "passed",
              "speed": "slow",
              "pass": true,
              "fail": false,
              "pending": false,
              "context": null,
              "code": "const state = window.testState;\nreturn cy\n  .then(() => state.onStartScenario(scenario, indexedSteps))\n  .then(() =>\n    resolveAndRunBeforeHooks.call(this, scenario.tags, state.feature.name)\n  )\n  .then(() =>\n    indexedSteps.forEach((step) =>\n      stepTest.call(this, state, step, rowData)\n    )\n  )\n  .then(() =>\n    resolveAndRunAfterHooks.call(this, scenario.tags, state.feature.name)\n  )\n  .then(() => state.onFinishScenario(scenario));",
              "err": {},
              "uuid": "56c15890-9239-4a26-8367-cef938cc452f",
              "parentUUID": "2d8ff045-0395-439d-855f-4dc4995d8431",
              "isHook": false,
              "skipped": false
            },
            {
              "title": "Platform Mod Check Next Franchise Page is Displayed (example #8)",
              "fullTitle": "Platform Mod International Site Guide Platform Mod Check Next Franchise Page is Displayed (example #8)",
              "timedOut": null,
              "duration": 2985,
              "state": "passed",
              "speed": "slow",
              "pass": true,
              "fail": false,
              "pending": false,
              "context": null,
              "code": "const state = window.testState;\nreturn cy\n  .then(() => state.onStartScenario(scenario, indexedSteps))\n  .then(() =>\n    resolveAndRunBeforeHooks.call(this, scenario.tags, state.feature.name)\n  )\n  .then(() =>\n    indexedSteps.forEach((step) =>\n      stepTest.call(this, state, step, rowData)\n    )\n  )\n  .then(() =>\n    resolveAndRunAfterHooks.call(this, scenario.tags, state.feature.name)\n  )\n  .then(() => state.onFinishScenario(scenario));",
              "err": {},
              "uuid": "bbd2c9d2-bcf1-40c6-9f6b-a05022fd6408",
              "parentUUID": "2d8ff045-0395-439d-855f-4dc4995d8431",
              "isHook": false,
              "skipped": false
            },
            {
              "title": "Platform Mod Check Next Franchise Page is Displayed (example #9)",
              "fullTitle": "Platform Mod International Site Guide Platform Mod Check Next Franchise Page is Displayed (example #9)",
              "timedOut": null,
              "duration": 2633,
              "state": "passed",
              "speed": "slow",
              "pass": true,
              "fail": false,
              "pending": false,
              "context": null,
              "code": "const state = window.testState;\nreturn cy\n  .then(() => state.onStartScenario(scenario, indexedSteps))\n  .then(() =>\n    resolveAndRunBeforeHooks.call(this, scenario.tags, state.feature.name)\n  )\n  .then(() =>\n    indexedSteps.forEach((step) =>\n      stepTest.call(this, state, step, rowData)\n    )\n  )\n  .then(() =>\n    resolveAndRunAfterHooks.call(this, scenario.tags, state.feature.name)\n  )\n  .then(() => state.onFinishScenario(scenario));",
              "err": {},
              "uuid": "0cec3619-e054-44a5-bb67-135349823544",
              "parentUUID": "2d8ff045-0395-439d-855f-4dc4995d8431",
              "isHook": false,
              "skipped": false
            },
            {
              "title": "Platform Mod Check Next Franchise Page is Displayed (example #10)",
              "fullTitle": "Platform Mod International Site Guide Platform Mod Check Next Franchise Page is Displayed (example #10)",
              "timedOut": null,
              "duration": 3490,
              "state": "passed",
              "speed": "slow",
              "pass": true,
              "fail": false,
              "pending": false,
              "context": null,
              "code": "const state = window.testState;\nreturn cy\n  .then(() => state.onStartScenario(scenario, indexedSteps))\n  .then(() =>\n    resolveAndRunBeforeHooks.call(this, scenario.tags, state.feature.name)\n  )\n  .then(() =>\n    indexedSteps.forEach((step) =>\n      stepTest.call(this, state, step, rowData)\n    )\n  )\n  .then(() =>\n    resolveAndRunAfterHooks.call(this, scenario.tags, state.feature.name)\n  )\n  .then(() => state.onFinishScenario(scenario));",
              "err": {},
              "uuid": "9410a37a-4d51-479b-94f0-1b93212d19df",
              "parentUUID": "2d8ff045-0395-439d-855f-4dc4995d8431",
              "isHook": false,
              "skipped": false
            },
            {
              "title": "Platform Mod Check Next Franchise Page is Displayed (example #11)",
              "fullTitle": "Platform Mod International Site Guide Platform Mod Check Next Franchise Page is Displayed (example #11)",
              "timedOut": null,
              "duration": 4224,
              "state": "passed",
              "speed": "slow",
              "pass": true,
              "fail": false,
              "pending": false,
              "context": null,
              "code": "const state = window.testState;\nreturn cy\n  .then(() => state.onStartScenario(scenario, indexedSteps))\n  .then(() =>\n    resolveAndRunBeforeHooks.call(this, scenario.tags, state.feature.name)\n  )\n  .then(() =>\n    indexedSteps.forEach((step) =>\n      stepTest.call(this, state, step, rowData)\n    )\n  )\n  .then(() =>\n    resolveAndRunAfterHooks.call(this, scenario.tags, state.feature.name)\n  )\n  .then(() => state.onFinishScenario(scenario));",
              "err": {},
              "uuid": "420e0b8e-231f-441c-8b7e-08cd615f0b8e",
              "parentUUID": "2d8ff045-0395-439d-855f-4dc4995d8431",
              "isHook": false,
              "skipped": false
            },
            {
              "title": "Platform Mod Check Next Franchise Page is Displayed (example #12)",
              "fullTitle": "Platform Mod International Site Guide Platform Mod Check Next Franchise Page is Displayed (example #12)",
              "timedOut": null,
              "duration": 4396,
              "state": "passed",
              "speed": "slow",
              "pass": true,
              "fail": false,
              "pending": false,
              "context": null,
              "code": "const state = window.testState;\nreturn cy\n  .then(() => state.onStartScenario(scenario, indexedSteps))\n  .then(() =>\n    resolveAndRunBeforeHooks.call(this, scenario.tags, state.feature.name)\n  )\n  .then(() =>\n    indexedSteps.forEach((step) =>\n      stepTest.call(this, state, step, rowData)\n    )\n  )\n  .then(() =>\n    resolveAndRunAfterHooks.call(this, scenario.tags, state.feature.name)\n  )\n  .then(() => state.onFinishScenario(scenario));",
              "err": {},
              "uuid": "565c9573-c443-4cd8-a03f-25a8231a6412",
              "parentUUID": "2d8ff045-0395-439d-855f-4dc4995d8431",
              "isHook": false,
              "skipped": false
            },
            {
              "title": "Platform Mod Check Next Franchise Page is Displayed (example #13)",
              "fullTitle": "Platform Mod International Site Guide Platform Mod Check Next Franchise Page is Displayed (example #13)",
              "timedOut": null,
              "duration": 5213,
              "state": "passed",
              "speed": "slow",
              "pass": true,
              "fail": false,
              "pending": false,
              "context": null,
              "code": "const state = window.testState;\nreturn cy\n  .then(() => state.onStartScenario(scenario, indexedSteps))\n  .then(() =>\n    resolveAndRunBeforeHooks.call(this, scenario.tags, state.feature.name)\n  )\n  .then(() =>\n    indexedSteps.forEach((step) =>\n      stepTest.call(this, state, step, rowData)\n    )\n  )\n  .then(() =>\n    resolveAndRunAfterHooks.call(this, scenario.tags, state.feature.name)\n  )\n  .then(() => state.onFinishScenario(scenario));",
              "err": {},
              "uuid": "b2dba700-7f72-4d94-b01d-73ef21bb50ee",
              "parentUUID": "2d8ff045-0395-439d-855f-4dc4995d8431",
              "isHook": false,
              "skipped": false
            },
            {
              "title": "Platform Mod Check Next Franchise Page is Displayed (example #14)",
              "fullTitle": "Platform Mod International Site Guide Platform Mod Check Next Franchise Page is Displayed (example #14)",
              "timedOut": null,
              "duration": 3607,
              "state": "passed",
              "speed": "slow",
              "pass": true,
              "fail": false,
              "pending": false,
              "context": null,
              "code": "const state = window.testState;\nreturn cy\n  .then(() => state.onStartScenario(scenario, indexedSteps))\n  .then(() =>\n    resolveAndRunBeforeHooks.call(this, scenario.tags, state.feature.name)\n  )\n  .then(() =>\n    indexedSteps.forEach((step) =>\n      stepTest.call(this, state, step, rowData)\n    )\n  )\n  .then(() =>\n    resolveAndRunAfterHooks.call(this, scenario.tags, state.feature.name)\n  )\n  .then(() => state.onFinishScenario(scenario));",
              "err": {},
              "uuid": "b4f4c00e-70e3-428b-b282-04e46ae574d7",
              "parentUUID": "2d8ff045-0395-439d-855f-4dc4995d8431",
              "isHook": false,
              "skipped": false
            },
            {
              "title": "Platform Mod Check Next Franchise Page is Displayed (example #15)",
              "fullTitle": "Platform Mod International Site Guide Platform Mod Check Next Franchise Page is Displayed (example #15)",
              "timedOut": null,
              "duration": 3496,
              "state": "passed",
              "speed": "slow",
              "pass": true,
              "fail": false,
              "pending": false,
              "context": null,
              "code": "const state = window.testState;\nreturn cy\n  .then(() => state.onStartScenario(scenario, indexedSteps))\n  .then(() =>\n    resolveAndRunBeforeHooks.call(this, scenario.tags, state.feature.name)\n  )\n  .then(() =>\n    indexedSteps.forEach((step) =>\n      stepTest.call(this, state, step, rowData)\n    )\n  )\n  .then(() =>\n    resolveAndRunAfterHooks.call(this, scenario.tags, state.feature.name)\n  )\n  .then(() => state.onFinishScenario(scenario));",
              "err": {},
              "uuid": "3fdd2daa-bbca-402d-bfb8-23ff484b9870",
              "parentUUID": "2d8ff045-0395-439d-855f-4dc4995d8431",
              "isHook": false,
              "skipped": false
            },
            {
              "title": "Platform Mod Check Next Franchise Page is Displayed (example #16)",
              "fullTitle": "Platform Mod International Site Guide Platform Mod Check Next Franchise Page is Displayed (example #16)",
              "timedOut": null,
              "duration": 3057,
              "state": "passed",
              "speed": "slow",
              "pass": true,
              "fail": false,
              "pending": false,
              "context": null,
              "code": "const state = window.testState;\nreturn cy\n  .then(() => state.onStartScenario(scenario, indexedSteps))\n  .then(() =>\n    resolveAndRunBeforeHooks.call(this, scenario.tags, state.feature.name)\n  )\n  .then(() =>\n    indexedSteps.forEach((step) =>\n      stepTest.call(this, state, step, rowData)\n    )\n  )\n  .then(() =>\n    resolveAndRunAfterHooks.call(this, scenario.tags, state.feature.name)\n  )\n  .then(() => state.onFinishScenario(scenario));",
              "err": {},
              "uuid": "3ae88a59-6c48-4370-abcc-17dc3f75554c",
              "parentUUID": "2d8ff045-0395-439d-855f-4dc4995d8431",
              "isHook": false,
              "skipped": false
            },
            {
              "title": "Platform Mod Check Next Franchise Page is Displayed (example #17)",
              "fullTitle": "Platform Mod International Site Guide Platform Mod Check Next Franchise Page is Displayed (example #17)",
              "timedOut": null,
              "duration": 3899,
              "state": "passed",
              "speed": "slow",
              "pass": true,
              "fail": false,
              "pending": false,
              "context": null,
              "code": "const state = window.testState;\nreturn cy\n  .then(() => state.onStartScenario(scenario, indexedSteps))\n  .then(() =>\n    resolveAndRunBeforeHooks.call(this, scenario.tags, state.feature.name)\n  )\n  .then(() =>\n    indexedSteps.forEach((step) =>\n      stepTest.call(this, state, step, rowData)\n    )\n  )\n  .then(() =>\n    resolveAndRunAfterHooks.call(this, scenario.tags, state.feature.name)\n  )\n  .then(() => state.onFinishScenario(scenario));",
              "err": {},
              "uuid": "e66c8df6-a58a-40ed-a977-7e639a2dd75d",
              "parentUUID": "2d8ff045-0395-439d-855f-4dc4995d8431",
              "isHook": false,
              "skipped": false
            },
            {
              "title": "Platform Mod Check Next Franchise Page is Displayed (example #18)",
              "fullTitle": "Platform Mod International Site Guide Platform Mod Check Next Franchise Page is Displayed (example #18)",
              "timedOut": null,
              "duration": 5135,
              "state": "passed",
              "speed": "slow",
              "pass": true,
              "fail": false,
              "pending": false,
              "context": null,
              "code": "const state = window.testState;\nreturn cy\n  .then(() => state.onStartScenario(scenario, indexedSteps))\n  .then(() =>\n    resolveAndRunBeforeHooks.call(this, scenario.tags, state.feature.name)\n  )\n  .then(() =>\n    indexedSteps.forEach((step) =>\n      stepTest.call(this, state, step, rowData)\n    )\n  )\n  .then(() =>\n    resolveAndRunAfterHooks.call(this, scenario.tags, state.feature.name)\n  )\n  .then(() => state.onFinishScenario(scenario));",
              "err": {},
              "uuid": "0a46a61d-0741-4696-99a6-251e329b632b",
              "parentUUID": "2d8ff045-0395-439d-855f-4dc4995d8431",
              "isHook": false,
              "skipped": false
            },
            {
              "title": "Platform Mod Check Next Franchise Page is Displayed (example #19)",
              "fullTitle": "Platform Mod International Site Guide Platform Mod Check Next Franchise Page is Displayed (example #19)",
              "timedOut": null,
              "duration": 3685,
              "state": "passed",
              "speed": "slow",
              "pass": true,
              "fail": false,
              "pending": false,
              "context": null,
              "code": "const state = window.testState;\nreturn cy\n  .then(() => state.onStartScenario(scenario, indexedSteps))\n  .then(() =>\n    resolveAndRunBeforeHooks.call(this, scenario.tags, state.feature.name)\n  )\n  .then(() =>\n    indexedSteps.forEach((step) =>\n      stepTest.call(this, state, step, rowData)\n    )\n  )\n  .then(() =>\n    resolveAndRunAfterHooks.call(this, scenario.tags, state.feature.name)\n  )\n  .then(() => state.onFinishScenario(scenario));",
              "err": {},
              "uuid": "6a988db8-fbb6-4da5-9b34-c5e39fdd69e5",
              "parentUUID": "2d8ff045-0395-439d-855f-4dc4995d8431",
              "isHook": false,
              "skipped": false
            },
            {
              "title": "Platform Mod Check Next Franchise Page is Displayed (example #20)",
              "fullTitle": "Platform Mod International Site Guide Platform Mod Check Next Franchise Page is Displayed (example #20)",
              "timedOut": null,
              "duration": 5089,
              "state": "passed",
              "speed": "slow",
              "pass": true,
              "fail": false,
              "pending": false,
              "context": null,
              "code": "const state = window.testState;\nreturn cy\n  .then(() => state.onStartScenario(scenario, indexedSteps))\n  .then(() =>\n    resolveAndRunBeforeHooks.call(this, scenario.tags, state.feature.name)\n  )\n  .then(() =>\n    indexedSteps.forEach((step) =>\n      stepTest.call(this, state, step, rowData)\n    )\n  )\n  .then(() =>\n    resolveAndRunAfterHooks.call(this, scenario.tags, state.feature.name)\n  )\n  .then(() => state.onFinishScenario(scenario));",
              "err": {},
              "uuid": "e9a037e1-a611-4533-98c4-d76811918d44",
              "parentUUID": "2d8ff045-0395-439d-855f-4dc4995d8431",
              "isHook": false,
              "skipped": false
            },
            {
              "title": "Platform Mod Check Next Franchise Page is Displayed (example #21)",
              "fullTitle": "Platform Mod International Site Guide Platform Mod Check Next Franchise Page is Displayed (example #21)",
              "timedOut": null,
              "duration": 4191,
              "state": "passed",
              "speed": "slow",
              "pass": true,
              "fail": false,
              "pending": false,
              "context": null,
              "code": "const state = window.testState;\nreturn cy\n  .then(() => state.onStartScenario(scenario, indexedSteps))\n  .then(() =>\n    resolveAndRunBeforeHooks.call(this, scenario.tags, state.feature.name)\n  )\n  .then(() =>\n    indexedSteps.forEach((step) =>\n      stepTest.call(this, state, step, rowData)\n    )\n  )\n  .then(() =>\n    resolveAndRunAfterHooks.call(this, scenario.tags, state.feature.name)\n  )\n  .then(() => state.onFinishScenario(scenario));",
              "err": {},
              "uuid": "e670c621-0507-4c9f-9526-5fd39b372b47",
              "parentUUID": "2d8ff045-0395-439d-855f-4dc4995d8431",
              "isHook": false,
              "skipped": false
            },
            {
              "title": "Platform Mod Check Next Franchise Page is Displayed (example #22)",
              "fullTitle": "Platform Mod International Site Guide Platform Mod Check Next Franchise Page is Displayed (example #22)",
              "timedOut": null,
              "duration": 3493,
              "state": "passed",
              "speed": "slow",
              "pass": true,
              "fail": false,
              "pending": false,
              "context": null,
              "code": "const state = window.testState;\nreturn cy\n  .then(() => state.onStartScenario(scenario, indexedSteps))\n  .then(() =>\n    resolveAndRunBeforeHooks.call(this, scenario.tags, state.feature.name)\n  )\n  .then(() =>\n    indexedSteps.forEach((step) =>\n      stepTest.call(this, state, step, rowData)\n    )\n  )\n  .then(() =>\n    resolveAndRunAfterHooks.call(this, scenario.tags, state.feature.name)\n  )\n  .then(() => state.onFinishScenario(scenario));",
              "err": {},
              "uuid": "e2cc4877-739b-4e87-96f3-c929e9bc12db",
              "parentUUID": "2d8ff045-0395-439d-855f-4dc4995d8431",
              "isHook": false,
              "skipped": false
            }
          ],
          "suites": [],
          "passes": [
            "ccb28fc3-7bdc-4eb6-84ad-3666c105b607",
            "183fd7bb-17e8-4133-963f-45e61e3d4780",
            "39933638-306c-4e47-949c-fb8a38fd2979",
            "546d6baf-c18c-41b8-bce3-e930256ee5fd",
            "74b2b9f2-8b18-43a9-93b7-8eef1a83e6be",
            "4c49d04a-f422-4413-8321-4fb6ffd15d71",
            "56c15890-9239-4a26-8367-cef938cc452f",
            "bbd2c9d2-bcf1-40c6-9f6b-a05022fd6408",
            "0cec3619-e054-44a5-bb67-135349823544",
            "9410a37a-4d51-479b-94f0-1b93212d19df",
            "420e0b8e-231f-441c-8b7e-08cd615f0b8e",
            "565c9573-c443-4cd8-a03f-25a8231a6412",
            "b2dba700-7f72-4d94-b01d-73ef21bb50ee",
            "b4f4c00e-70e3-428b-b282-04e46ae574d7",
            "3fdd2daa-bbca-402d-bfb8-23ff484b9870",
            "3ae88a59-6c48-4370-abcc-17dc3f75554c",
            "e66c8df6-a58a-40ed-a977-7e639a2dd75d",
            "0a46a61d-0741-4696-99a6-251e329b632b",
            "6a988db8-fbb6-4da5-9b34-c5e39fdd69e5",
            "e9a037e1-a611-4533-98c4-d76811918d44",
            "e670c621-0507-4c9f-9526-5fd39b372b47",
            "e2cc4877-739b-4e87-96f3-c929e9bc12db"
          ],
          "failures": [],
          "pending": [],
          "skipped": [],
          "duration": 84393,
          "root": false,
          "rootEmpty": false,
          "_timeout": 2000
        }
      ],
      "passes": [],
      "failures": [],
      "pending": [],
      "skipped": [],
      "duration": 0,
      "root": true,
      "rootEmpty": true,
      "_timeout": 2000
    }
  ],
  "meta": {
    "mocha": {
      "version": "7.0.1"
    },
    "mochawesome": {
      "options": {
        "quiet": false,
        "reportFilename": "mochawesome",
        "saveHtml": false,
        "saveJson": true,
        "consoleReporter": "spec",
        "useInlineDiffs": false,
        "code": true
      },
      "version": "6.1.1"
    },
    "marge": {
      "options": {
        "id": "default",
        "reportDir": "cypress/results/mochawesome",
        "quite": true,
        "overwrite": false,
        "html": false,
        "json": true
      },
      "version": "5.1.0"
    }
  }
}