{
  "stats": {
    "suites": 1,
    "tests": 22,
    "passes": 22,
    "pending": 0,
    "failures": 0,
    "start": "2020-10-15T17:49:08.766Z",
    "end": "2020-10-15T17:51:40.140Z",
    "duration": 151374,
    "testsRegistered": 22,
    "passPercent": 100,
    "pendingPercent": 0,
    "other": 0,
    "hasOther": false,
    "skipped": 0,
    "hasSkipped": false
  },
  "results": [
    {
      "uuid": "838116c2-64b9-4d99-8e2c-c11eb0a358e1",
      "title": "",
      "fullFile": "cypress\\integration\\feature\\next\\common\\desktop\\cmDesktopShippingInfo.feature",
      "file": "cypress\\integration\\feature\\next\\common\\desktop\\cmDesktopShippingInfo.feature",
      "beforeHooks": [],
      "afterHooks": [],
      "tests": [],
      "suites": [
        {
          "uuid": "82b1b451-2dc4-424c-8cef-afbab7da669e",
          "title": "Platform Mod International Shipping information",
          "fullFile": "",
          "file": "",
          "beforeHooks": [],
          "afterHooks": [],
          "tests": [
            {
              "title": "Platform Mod Check Shipping Information Page is Displayed (example #1)",
              "fullTitle": "Platform Mod International Shipping information Platform Mod Check Shipping Information Page is Displayed (example #1)",
              "timedOut": null,
              "duration": 4241,
              "state": "passed",
              "speed": "slow",
              "pass": true,
              "fail": false,
              "pending": false,
              "context": null,
              "code": "const state = window.testState;\nreturn cy\n  .then(() => state.onStartScenario(scenario, indexedSteps))\n  .then(() =>\n    resolveAndRunBeforeHooks.call(this, scenario.tags, state.feature.name)\n  )\n  .then(() =>\n    indexedSteps.forEach((step) =>\n      stepTest.call(this, state, step, rowData)\n    )\n  )\n  .then(() =>\n    resolveAndRunAfterHooks.call(this, scenario.tags, state.feature.name)\n  )\n  .then(() => state.onFinishScenario(scenario));",
              "err": {},
              "uuid": "c97ac605-9090-4ab0-91b7-931cb6d41b17",
              "parentUUID": "82b1b451-2dc4-424c-8cef-afbab7da669e",
              "isHook": false,
              "skipped": false
            },
            {
              "title": "Platform Mod Check Shipping Information Page is Displayed (example #2)",
              "fullTitle": "Platform Mod International Shipping information Platform Mod Check Shipping Information Page is Displayed (example #2)",
              "timedOut": null,
              "duration": 4985,
              "state": "passed",
              "speed": "slow",
              "pass": true,
              "fail": false,
              "pending": false,
              "context": null,
              "code": "const state = window.testState;\nreturn cy\n  .then(() => state.onStartScenario(scenario, indexedSteps))\n  .then(() =>\n    resolveAndRunBeforeHooks.call(this, scenario.tags, state.feature.name)\n  )\n  .then(() =>\n    indexedSteps.forEach((step) =>\n      stepTest.call(this, state, step, rowData)\n    )\n  )\n  .then(() =>\n    resolveAndRunAfterHooks.call(this, scenario.tags, state.feature.name)\n  )\n  .then(() => state.onFinishScenario(scenario));",
              "err": {},
              "uuid": "07095ed1-2fa5-4bf1-9b85-2a64e3aa2ac1",
              "parentUUID": "82b1b451-2dc4-424c-8cef-afbab7da669e",
              "isHook": false,
              "skipped": false
            },
            {
              "title": "Platform Mod Check Shipping Information Page is Displayed (example #3)",
              "fullTitle": "Platform Mod International Shipping information Platform Mod Check Shipping Information Page is Displayed (example #3)",
              "timedOut": null,
              "duration": 3842,
              "state": "passed",
              "speed": "slow",
              "pass": true,
              "fail": false,
              "pending": false,
              "context": null,
              "code": "const state = window.testState;\nreturn cy\n  .then(() => state.onStartScenario(scenario, indexedSteps))\n  .then(() =>\n    resolveAndRunBeforeHooks.call(this, scenario.tags, state.feature.name)\n  )\n  .then(() =>\n    indexedSteps.forEach((step) =>\n      stepTest.call(this, state, step, rowData)\n    )\n  )\n  .then(() =>\n    resolveAndRunAfterHooks.call(this, scenario.tags, state.feature.name)\n  )\n  .then(() => state.onFinishScenario(scenario));",
              "err": {},
              "uuid": "eaa9db6b-ae0c-428f-889f-77f9d7b127a7",
              "parentUUID": "82b1b451-2dc4-424c-8cef-afbab7da669e",
              "isHook": false,
              "skipped": false
            },
            {
              "title": "Platform Mod Check Shipping Information Page is Displayed (example #4)",
              "fullTitle": "Platform Mod International Shipping information Platform Mod Check Shipping Information Page is Displayed (example #4)",
              "timedOut": null,
              "duration": 3733,
              "state": "passed",
              "speed": "slow",
              "pass": true,
              "fail": false,
              "pending": false,
              "context": null,
              "code": "const state = window.testState;\nreturn cy\n  .then(() => state.onStartScenario(scenario, indexedSteps))\n  .then(() =>\n    resolveAndRunBeforeHooks.call(this, scenario.tags, state.feature.name)\n  )\n  .then(() =>\n    indexedSteps.forEach((step) =>\n      stepTest.call(this, state, step, rowData)\n    )\n  )\n  .then(() =>\n    resolveAndRunAfterHooks.call(this, scenario.tags, state.feature.name)\n  )\n  .then(() => state.onFinishScenario(scenario));",
              "err": {},
              "uuid": "3d8a1c70-f6d8-4b87-b2b8-0b31e7191a41",
              "parentUUID": "82b1b451-2dc4-424c-8cef-afbab7da669e",
              "isHook": false,
              "skipped": false
            },
            {
              "title": "Platform Mod Check Shipping Information Page is Displayed (example #5)",
              "fullTitle": "Platform Mod International Shipping information Platform Mod Check Shipping Information Page is Displayed (example #5)",
              "timedOut": null,
              "duration": 3783,
              "state": "passed",
              "speed": "slow",
              "pass": true,
              "fail": false,
              "pending": false,
              "context": null,
              "code": "const state = window.testState;\nreturn cy\n  .then(() => state.onStartScenario(scenario, indexedSteps))\n  .then(() =>\n    resolveAndRunBeforeHooks.call(this, scenario.tags, state.feature.name)\n  )\n  .then(() =>\n    indexedSteps.forEach((step) =>\n      stepTest.call(this, state, step, rowData)\n    )\n  )\n  .then(() =>\n    resolveAndRunAfterHooks.call(this, scenario.tags, state.feature.name)\n  )\n  .then(() => state.onFinishScenario(scenario));",
              "err": {},
              "uuid": "2e35982e-a355-4018-ad3b-cb4d0fb24dbd",
              "parentUUID": "82b1b451-2dc4-424c-8cef-afbab7da669e",
              "isHook": false,
              "skipped": false
            },
            {
              "title": "Platform Mod Check Shipping Information Page is Displayed (example #6)",
              "fullTitle": "Platform Mod International Shipping information Platform Mod Check Shipping Information Page is Displayed (example #6)",
              "timedOut": null,
              "duration": 3953,
              "state": "passed",
              "speed": "slow",
              "pass": true,
              "fail": false,
              "pending": false,
              "context": null,
              "code": "const state = window.testState;\nreturn cy\n  .then(() => state.onStartScenario(scenario, indexedSteps))\n  .then(() =>\n    resolveAndRunBeforeHooks.call(this, scenario.tags, state.feature.name)\n  )\n  .then(() =>\n    indexedSteps.forEach((step) =>\n      stepTest.call(this, state, step, rowData)\n    )\n  )\n  .then(() =>\n    resolveAndRunAfterHooks.call(this, scenario.tags, state.feature.name)\n  )\n  .then(() => state.onFinishScenario(scenario));",
              "err": {},
              "uuid": "4665ff68-1f31-4ac9-9594-536b25e4dae8",
              "parentUUID": "82b1b451-2dc4-424c-8cef-afbab7da669e",
              "isHook": false,
              "skipped": false
            },
            {
              "title": "Platform Mod Check Shipping Information Page is Displayed (example #7)",
              "fullTitle": "Platform Mod International Shipping information Platform Mod Check Shipping Information Page is Displayed (example #7)",
              "timedOut": null,
              "duration": 2880,
              "state": "passed",
              "speed": "slow",
              "pass": true,
              "fail": false,
              "pending": false,
              "context": null,
              "code": "const state = window.testState;\nreturn cy\n  .then(() => state.onStartScenario(scenario, indexedSteps))\n  .then(() =>\n    resolveAndRunBeforeHooks.call(this, scenario.tags, state.feature.name)\n  )\n  .then(() =>\n    indexedSteps.forEach((step) =>\n      stepTest.call(this, state, step, rowData)\n    )\n  )\n  .then(() =>\n    resolveAndRunAfterHooks.call(this, scenario.tags, state.feature.name)\n  )\n  .then(() => state.onFinishScenario(scenario));",
              "err": {},
              "uuid": "fca6d126-6e52-4f0f-94da-a0117744a124",
              "parentUUID": "82b1b451-2dc4-424c-8cef-afbab7da669e",
              "isHook": false,
              "skipped": false
            },
            {
              "title": "Platform Mod Check Shipping Information Page is Displayed (example #8)",
              "fullTitle": "Platform Mod International Shipping information Platform Mod Check Shipping Information Page is Displayed (example #8)",
              "timedOut": null,
              "duration": 3391,
              "state": "passed",
              "speed": "slow",
              "pass": true,
              "fail": false,
              "pending": false,
              "context": null,
              "code": "const state = window.testState;\nreturn cy\n  .then(() => state.onStartScenario(scenario, indexedSteps))\n  .then(() =>\n    resolveAndRunBeforeHooks.call(this, scenario.tags, state.feature.name)\n  )\n  .then(() =>\n    indexedSteps.forEach((step) =>\n      stepTest.call(this, state, step, rowData)\n    )\n  )\n  .then(() =>\n    resolveAndRunAfterHooks.call(this, scenario.tags, state.feature.name)\n  )\n  .then(() => state.onFinishScenario(scenario));",
              "err": {},
              "uuid": "d9571a98-cd40-4d3a-af3d-c4ace3fef564",
              "parentUUID": "82b1b451-2dc4-424c-8cef-afbab7da669e",
              "isHook": false,
              "skipped": false
            },
            {
              "title": "Platform Mod Check Shipping Information Page is Displayed (example #9)",
              "fullTitle": "Platform Mod International Shipping information Platform Mod Check Shipping Information Page is Displayed (example #9)",
              "timedOut": null,
              "duration": 3986,
              "state": "passed",
              "speed": "slow",
              "pass": true,
              "fail": false,
              "pending": false,
              "context": null,
              "code": "const state = window.testState;\nreturn cy\n  .then(() => state.onStartScenario(scenario, indexedSteps))\n  .then(() =>\n    resolveAndRunBeforeHooks.call(this, scenario.tags, state.feature.name)\n  )\n  .then(() =>\n    indexedSteps.forEach((step) =>\n      stepTest.call(this, state, step, rowData)\n    )\n  )\n  .then(() =>\n    resolveAndRunAfterHooks.call(this, scenario.tags, state.feature.name)\n  )\n  .then(() => state.onFinishScenario(scenario));",
              "err": {},
              "uuid": "9da3f630-8bde-4a99-9da9-0ae4c3bff458",
              "parentUUID": "82b1b451-2dc4-424c-8cef-afbab7da669e",
              "isHook": false,
              "skipped": false
            },
            {
              "title": "Platform Mod Check Shipping Information Page is Displayed (example #10)",
              "fullTitle": "Platform Mod International Shipping information Platform Mod Check Shipping Information Page is Displayed (example #10)",
              "timedOut": null,
              "duration": 3742,
              "state": "passed",
              "speed": "slow",
              "pass": true,
              "fail": false,
              "pending": false,
              "context": null,
              "code": "const state = window.testState;\nreturn cy\n  .then(() => state.onStartScenario(scenario, indexedSteps))\n  .then(() =>\n    resolveAndRunBeforeHooks.call(this, scenario.tags, state.feature.name)\n  )\n  .then(() =>\n    indexedSteps.forEach((step) =>\n      stepTest.call(this, state, step, rowData)\n    )\n  )\n  .then(() =>\n    resolveAndRunAfterHooks.call(this, scenario.tags, state.feature.name)\n  )\n  .then(() => state.onFinishScenario(scenario));",
              "err": {},
              "uuid": "872f01ff-8ad0-438b-b3c3-589f4859319b",
              "parentUUID": "82b1b451-2dc4-424c-8cef-afbab7da669e",
              "isHook": false,
              "skipped": false
            },
            {
              "title": "Platform Mod Check Shipping Information Page is Displayed (example #11)",
              "fullTitle": "Platform Mod International Shipping information Platform Mod Check Shipping Information Page is Displayed (example #11)",
              "timedOut": null,
              "duration": 4561,
              "state": "passed",
              "speed": "slow",
              "pass": true,
              "fail": false,
              "pending": false,
              "context": null,
              "code": "const state = window.testState;\nreturn cy\n  .then(() => state.onStartScenario(scenario, indexedSteps))\n  .then(() =>\n    resolveAndRunBeforeHooks.call(this, scenario.tags, state.feature.name)\n  )\n  .then(() =>\n    indexedSteps.forEach((step) =>\n      stepTest.call(this, state, step, rowData)\n    )\n  )\n  .then(() =>\n    resolveAndRunAfterHooks.call(this, scenario.tags, state.feature.name)\n  )\n  .then(() => state.onFinishScenario(scenario));",
              "err": {},
              "uuid": "fa6d33ab-9a56-4765-969d-7b08c54093dd",
              "parentUUID": "82b1b451-2dc4-424c-8cef-afbab7da669e",
              "isHook": false,
              "skipped": false
            },
            {
              "title": "Platform Mod Check Shipping Information Page is Displayed (example #12)",
              "fullTitle": "Platform Mod International Shipping information Platform Mod Check Shipping Information Page is Displayed (example #12)",
              "timedOut": null,
              "duration": 4566,
              "state": "passed",
              "speed": "slow",
              "pass": true,
              "fail": false,
              "pending": false,
              "context": null,
              "code": "const state = window.testState;\nreturn cy\n  .then(() => state.onStartScenario(scenario, indexedSteps))\n  .then(() =>\n    resolveAndRunBeforeHooks.call(this, scenario.tags, state.feature.name)\n  )\n  .then(() =>\n    indexedSteps.forEach((step) =>\n      stepTest.call(this, state, step, rowData)\n    )\n  )\n  .then(() =>\n    resolveAndRunAfterHooks.call(this, scenario.tags, state.feature.name)\n  )\n  .then(() => state.onFinishScenario(scenario));",
              "err": {},
              "uuid": "2adcd17a-701a-4d47-a25c-3f6cd8fcbdde",
              "parentUUID": "82b1b451-2dc4-424c-8cef-afbab7da669e",
              "isHook": false,
              "skipped": false
            },
            {
              "title": "Platform Mod Check Shipping Information Page is Displayed (example #13)",
              "fullTitle": "Platform Mod International Shipping information Platform Mod Check Shipping Information Page is Displayed (example #13)",
              "timedOut": null,
              "duration": 4637,
              "state": "passed",
              "speed": "slow",
              "pass": true,
              "fail": false,
              "pending": false,
              "context": null,
              "code": "const state = window.testState;\nreturn cy\n  .then(() => state.onStartScenario(scenario, indexedSteps))\n  .then(() =>\n    resolveAndRunBeforeHooks.call(this, scenario.tags, state.feature.name)\n  )\n  .then(() =>\n    indexedSteps.forEach((step) =>\n      stepTest.call(this, state, step, rowData)\n    )\n  )\n  .then(() =>\n    resolveAndRunAfterHooks.call(this, scenario.tags, state.feature.name)\n  )\n  .then(() => state.onFinishScenario(scenario));",
              "err": {},
              "uuid": "34723d47-745b-41d7-a20d-c88cad056343",
              "parentUUID": "82b1b451-2dc4-424c-8cef-afbab7da669e",
              "isHook": false,
              "skipped": false
            },
            {
              "title": "Platform Mod Check Shipping Information Page is Displayed (example #14)",
              "fullTitle": "Platform Mod International Shipping information Platform Mod Check Shipping Information Page is Displayed (example #14)",
              "timedOut": null,
              "duration": 3290,
              "state": "passed",
              "speed": "slow",
              "pass": true,
              "fail": false,
              "pending": false,
              "context": null,
              "code": "const state = window.testState;\nreturn cy\n  .then(() => state.onStartScenario(scenario, indexedSteps))\n  .then(() =>\n    resolveAndRunBeforeHooks.call(this, scenario.tags, state.feature.name)\n  )\n  .then(() =>\n    indexedSteps.forEach((step) =>\n      stepTest.call(this, state, step, rowData)\n    )\n  )\n  .then(() =>\n    resolveAndRunAfterHooks.call(this, scenario.tags, state.feature.name)\n  )\n  .then(() => state.onFinishScenario(scenario));",
              "err": {},
              "uuid": "4e0c1dec-842b-42d5-af30-cc430dfae5e2",
              "parentUUID": "82b1b451-2dc4-424c-8cef-afbab7da669e",
              "isHook": false,
              "skipped": false
            },
            {
              "title": "Platform Mod Check Shipping Information Page is Displayed (example #15)",
              "fullTitle": "Platform Mod International Shipping information Platform Mod Check Shipping Information Page is Displayed (example #15)",
              "timedOut": null,
              "duration": 3617,
              "state": "passed",
              "speed": "slow",
              "pass": true,
              "fail": false,
              "pending": false,
              "context": null,
              "code": "const state = window.testState;\nreturn cy\n  .then(() => state.onStartScenario(scenario, indexedSteps))\n  .then(() =>\n    resolveAndRunBeforeHooks.call(this, scenario.tags, state.feature.name)\n  )\n  .then(() =>\n    indexedSteps.forEach((step) =>\n      stepTest.call(this, state, step, rowData)\n    )\n  )\n  .then(() =>\n    resolveAndRunAfterHooks.call(this, scenario.tags, state.feature.name)\n  )\n  .then(() => state.onFinishScenario(scenario));",
              "err": {},
              "uuid": "109e79d1-5c71-4e9b-a5ce-c60b99a5a8b1",
              "parentUUID": "82b1b451-2dc4-424c-8cef-afbab7da669e",
              "isHook": false,
              "skipped": false
            },
            {
              "title": "Platform Mod Check Shipping Information Page is Displayed (example #16)",
              "fullTitle": "Platform Mod International Shipping information Platform Mod Check Shipping Information Page is Displayed (example #16)",
              "timedOut": null,
              "duration": 3973,
              "state": "passed",
              "speed": "slow",
              "pass": true,
              "fail": false,
              "pending": false,
              "context": null,
              "code": "const state = window.testState;\nreturn cy\n  .then(() => state.onStartScenario(scenario, indexedSteps))\n  .then(() =>\n    resolveAndRunBeforeHooks.call(this, scenario.tags, state.feature.name)\n  )\n  .then(() =>\n    indexedSteps.forEach((step) =>\n      stepTest.call(this, state, step, rowData)\n    )\n  )\n  .then(() =>\n    resolveAndRunAfterHooks.call(this, scenario.tags, state.feature.name)\n  )\n  .then(() => state.onFinishScenario(scenario));",
              "err": {},
              "uuid": "54d444f7-e989-4222-a9c0-e79cf4e99650",
              "parentUUID": "82b1b451-2dc4-424c-8cef-afbab7da669e",
              "isHook": false,
              "skipped": false
            },
            {
              "title": "Platform Mod Check Shipping Information Page is Displayed (example #17)",
              "fullTitle": "Platform Mod International Shipping information Platform Mod Check Shipping Information Page is Displayed (example #17)",
              "timedOut": null,
              "duration": 3858,
              "state": "passed",
              "speed": "slow",
              "pass": true,
              "fail": false,
              "pending": false,
              "context": null,
              "code": "const state = window.testState;\nreturn cy\n  .then(() => state.onStartScenario(scenario, indexedSteps))\n  .then(() =>\n    resolveAndRunBeforeHooks.call(this, scenario.tags, state.feature.name)\n  )\n  .then(() =>\n    indexedSteps.forEach((step) =>\n      stepTest.call(this, state, step, rowData)\n    )\n  )\n  .then(() =>\n    resolveAndRunAfterHooks.call(this, scenario.tags, state.feature.name)\n  )\n  .then(() => state.onFinishScenario(scenario));",
              "err": {},
              "uuid": "3b3bad1b-8059-420d-a1e5-1707ecac53fa",
              "parentUUID": "82b1b451-2dc4-424c-8cef-afbab7da669e",
              "isHook": false,
              "skipped": false
            },
            {
              "title": "Platform Mod Check Shipping Information Page is Displayed (example #18)",
              "fullTitle": "Platform Mod International Shipping information Platform Mod Check Shipping Information Page is Displayed (example #18)",
              "timedOut": null,
              "duration": 5588,
              "state": "passed",
              "speed": "slow",
              "pass": true,
              "fail": false,
              "pending": false,
              "context": null,
              "code": "const state = window.testState;\nreturn cy\n  .then(() => state.onStartScenario(scenario, indexedSteps))\n  .then(() =>\n    resolveAndRunBeforeHooks.call(this, scenario.tags, state.feature.name)\n  )\n  .then(() =>\n    indexedSteps.forEach((step) =>\n      stepTest.call(this, state, step, rowData)\n    )\n  )\n  .then(() =>\n    resolveAndRunAfterHooks.call(this, scenario.tags, state.feature.name)\n  )\n  .then(() => state.onFinishScenario(scenario));",
              "err": {},
              "uuid": "c63d900b-bc5a-4967-a4ec-d377efa0f960",
              "parentUUID": "82b1b451-2dc4-424c-8cef-afbab7da669e",
              "isHook": false,
              "skipped": false
            },
            {
              "title": "Platform Mod Check Shipping Information Page is Displayed (example #19)",
              "fullTitle": "Platform Mod International Shipping information Platform Mod Check Shipping Information Page is Displayed (example #19)",
              "timedOut": null,
              "duration": 3893,
              "state": "passed",
              "speed": "slow",
              "pass": true,
              "fail": false,
              "pending": false,
              "context": null,
              "code": "const state = window.testState;\nreturn cy\n  .then(() => state.onStartScenario(scenario, indexedSteps))\n  .then(() =>\n    resolveAndRunBeforeHooks.call(this, scenario.tags, state.feature.name)\n  )\n  .then(() =>\n    indexedSteps.forEach((step) =>\n      stepTest.call(this, state, step, rowData)\n    )\n  )\n  .then(() =>\n    resolveAndRunAfterHooks.call(this, scenario.tags, state.feature.name)\n  )\n  .then(() => state.onFinishScenario(scenario));",
              "err": {},
              "uuid": "6b334bf5-20d0-4ec6-993d-a1a49c065365",
              "parentUUID": "82b1b451-2dc4-424c-8cef-afbab7da669e",
              "isHook": false,
              "skipped": false
            },
            {
              "title": "Platform Mod Check Shipping Information Page is Displayed (example #20)",
              "fullTitle": "Platform Mod International Shipping information Platform Mod Check Shipping Information Page is Displayed (example #20)",
              "timedOut": null,
              "duration": 3554,
              "state": "passed",
              "speed": "slow",
              "pass": true,
              "fail": false,
              "pending": false,
              "context": null,
              "code": "const state = window.testState;\nreturn cy\n  .then(() => state.onStartScenario(scenario, indexedSteps))\n  .then(() =>\n    resolveAndRunBeforeHooks.call(this, scenario.tags, state.feature.name)\n  )\n  .then(() =>\n    indexedSteps.forEach((step) =>\n      stepTest.call(this, state, step, rowData)\n    )\n  )\n  .then(() =>\n    resolveAndRunAfterHooks.call(this, scenario.tags, state.feature.name)\n  )\n  .then(() => state.onFinishScenario(scenario));",
              "err": {},
              "uuid": "6329dfd7-645f-4d7f-ac81-8ffe262c5dad",
              "parentUUID": "82b1b451-2dc4-424c-8cef-afbab7da669e",
              "isHook": false,
              "skipped": false
            },
            {
              "title": "Platform Mod Check Shipping Information Page is Displayed (example #21)",
              "fullTitle": "Platform Mod International Shipping information Platform Mod Check Shipping Information Page is Displayed (example #21)",
              "timedOut": null,
              "duration": 3847,
              "state": "passed",
              "speed": "slow",
              "pass": true,
              "fail": false,
              "pending": false,
              "context": null,
              "code": "const state = window.testState;\nreturn cy\n  .then(() => state.onStartScenario(scenario, indexedSteps))\n  .then(() =>\n    resolveAndRunBeforeHooks.call(this, scenario.tags, state.feature.name)\n  )\n  .then(() =>\n    indexedSteps.forEach((step) =>\n      stepTest.call(this, state, step, rowData)\n    )\n  )\n  .then(() =>\n    resolveAndRunAfterHooks.call(this, scenario.tags, state.feature.name)\n  )\n  .then(() => state.onFinishScenario(scenario));",
              "err": {},
              "uuid": "92b72aeb-73b6-47e7-b2f4-3e5279b406fa",
              "parentUUID": "82b1b451-2dc4-424c-8cef-afbab7da669e",
              "isHook": false,
              "skipped": false
            },
            {
              "title": "Platform Mod Check Shipping Information Page is Displayed (example #22)",
              "fullTitle": "Platform Mod International Shipping information Platform Mod Check Shipping Information Page is Displayed (example #22)",
              "timedOut": null,
              "duration": 2647,
              "state": "passed",
              "speed": "slow",
              "pass": true,
              "fail": false,
              "pending": false,
              "context": null,
              "code": "const state = window.testState;\nreturn cy\n  .then(() => state.onStartScenario(scenario, indexedSteps))\n  .then(() =>\n    resolveAndRunBeforeHooks.call(this, scenario.tags, state.feature.name)\n  )\n  .then(() =>\n    indexedSteps.forEach((step) =>\n      stepTest.call(this, state, step, rowData)\n    )\n  )\n  .then(() =>\n    resolveAndRunAfterHooks.call(this, scenario.tags, state.feature.name)\n  )\n  .then(() => state.onFinishScenario(scenario));",
              "err": {},
              "uuid": "38f75c8d-f7a7-4e1f-8ee5-6709ac77293c",
              "parentUUID": "82b1b451-2dc4-424c-8cef-afbab7da669e",
              "isHook": false,
              "skipped": false
            }
          ],
          "suites": [],
          "passes": [
            "c97ac605-9090-4ab0-91b7-931cb6d41b17",
            "07095ed1-2fa5-4bf1-9b85-2a64e3aa2ac1",
            "eaa9db6b-ae0c-428f-889f-77f9d7b127a7",
            "3d8a1c70-f6d8-4b87-b2b8-0b31e7191a41",
            "2e35982e-a355-4018-ad3b-cb4d0fb24dbd",
            "4665ff68-1f31-4ac9-9594-536b25e4dae8",
            "fca6d126-6e52-4f0f-94da-a0117744a124",
            "d9571a98-cd40-4d3a-af3d-c4ace3fef564",
            "9da3f630-8bde-4a99-9da9-0ae4c3bff458",
            "872f01ff-8ad0-438b-b3c3-589f4859319b",
            "fa6d33ab-9a56-4765-969d-7b08c54093dd",
            "2adcd17a-701a-4d47-a25c-3f6cd8fcbdde",
            "34723d47-745b-41d7-a20d-c88cad056343",
            "4e0c1dec-842b-42d5-af30-cc430dfae5e2",
            "109e79d1-5c71-4e9b-a5ce-c60b99a5a8b1",
            "54d444f7-e989-4222-a9c0-e79cf4e99650",
            "3b3bad1b-8059-420d-a1e5-1707ecac53fa",
            "c63d900b-bc5a-4967-a4ec-d377efa0f960",
            "6b334bf5-20d0-4ec6-993d-a1a49c065365",
            "6329dfd7-645f-4d7f-ac81-8ffe262c5dad",
            "92b72aeb-73b6-47e7-b2f4-3e5279b406fa",
            "38f75c8d-f7a7-4e1f-8ee5-6709ac77293c"
          ],
          "failures": [],
          "pending": [],
          "skipped": [],
          "duration": 86567,
          "root": false,
          "rootEmpty": false,
          "_timeout": 2000
        }
      ],
      "passes": [],
      "failures": [],
      "pending": [],
      "skipped": [],
      "duration": 0,
      "root": true,
      "rootEmpty": true,
      "_timeout": 2000
    }
  ],
  "meta": {
    "mocha": {
      "version": "7.0.1"
    },
    "mochawesome": {
      "options": {
        "quiet": false,
        "reportFilename": "mochawesome",
        "saveHtml": false,
        "saveJson": true,
        "consoleReporter": "spec",
        "useInlineDiffs": false,
        "code": true
      },
      "version": "6.1.1"
    },
    "marge": {
      "options": {
        "id": "default",
        "reportDir": "cypress/results/mochawesome",
        "quite": true,
        "overwrite": false,
        "html": false,
        "json": true
      },
      "version": "5.1.0"
    }
  }
}