{
  "stats": {
    "suites": 1,
    "tests": 1,
    "passes": 0,
    "pending": 0,
    "failures": 1,
    "start": "2020-10-05T11:21:25.636Z",
    "end": "2020-10-05T11:21:26.038Z",
    "duration": 402,
    "testsRegistered": 1,
    "passPercent": 0,
    "pendingPercent": 0,
    "other": 0,
    "hasOther": false,
    "skipped": 0,
    "hasSkipped": false
  },
  "results": [
    {
      "uuid": "93ed304f-9454-46a9-a08e-4afa0c49957a",
      "title": "",
      "fullFile": "cypress\\integration\\feature\\next\\france\\desktop\\frDesktopFooter.feature",
      "file": "cypress\\integration\\feature\\next\\france\\desktop\\frDesktopFooter.feature",
      "beforeHooks": [],
      "afterHooks": [],
      "tests": [],
      "suites": [
        {
          "uuid": "c0947998-491c-407d-9771-c6f9e42295a8",
          "title": "Uk Footer Links",
          "fullFile": "",
          "file": "",
          "beforeHooks": [],
          "afterHooks": [],
          "tests": [
            {
              "title": "FR Desktop Footer Links are displayed correctly",
              "fullTitle": "Uk Footer Links FR Desktop Footer Links are displayed correctly",
              "timedOut": null,
              "duration": 345,
              "state": "failed",
              "speed": null,
              "pass": false,
              "fail": true,
              "pending": false,
              "context": null,
              "code": "const state = window.testState;\nreturn cy\n  .then(() => state.onStartScenario(scenario, indexedSteps))\n  .then(() =>\n    resolveAndRunBeforeHooks.call(this, scenario.tags, state.feature.name)\n  )\n  .then(() =>\n    indexedSteps.forEach((step) =>\n      stepTest.call(this, state, step, rowData)\n    )\n  )\n  .then(() =>\n    resolveAndRunAfterHooks.call(this, scenario.tags, state.feature.name)\n  )\n  .then(() => state.onFinishScenario(scenario));",
              "err": {
                "message": "Error: Step implementation missing for: I am an \"anonymous\" user \"desktop\" on \"Next_FR\" site",
                "estack": "Error: Step implementation missing for: I am an \"anonymous\" user \"desktop\" on \"Next_FR\" site\n    at Context.resolveAndRunStepDefinition (http://localhost:65216/__cypress/tests?p=cypress\\integration\\feature\\next\\france\\desktop\\frDesktopFooter.feature:12241:11)\n    at Context.eval (http://localhost:65216/__cypress/tests?p=cypress\\integration\\feature\\next\\france\\desktop\\frDesktopFooter.feature:11579:35)",
                "diff": null
              },
              "uuid": "e88fef63-3a98-4ff6-8f27-b30c573b122e",
              "parentUUID": "c0947998-491c-407d-9771-c6f9e42295a8",
              "isHook": false,
              "skipped": false
            }
          ],
          "suites": [],
          "passes": [],
          "failures": [
            "e88fef63-3a98-4ff6-8f27-b30c573b122e"
          ],
          "pending": [],
          "skipped": [],
          "duration": 345,
          "root": false,
          "rootEmpty": false,
          "_timeout": 2000
        }
      ],
      "passes": [],
      "failures": [],
      "pending": [],
      "skipped": [],
      "duration": 0,
      "root": true,
      "rootEmpty": true,
      "_timeout": 2000
    }
  ],
  "meta": {
    "mocha": {
      "version": "7.0.1"
    },
    "mochawesome": {
      "options": {
        "quiet": false,
        "reportFilename": "mochawesome",
        "saveHtml": true,
        "saveJson": true,
        "consoleReporter": "spec",
        "useInlineDiffs": false,
        "code": true
      },
      "version": "6.1.1"
    },
    "marge": {
      "options": {
        "reportDir": "cypress/report/mochawesome-report",
        "overwrite": false,
        "html": true,
        "json": true,
        "timestamp": "ddmmyyyy_HHMMss"
      },
      "version": "5.1.0"
    }
  }
}